This is an automated jenkins build. Initializing variables.
Initializing optimized session.
Disabling web support
Build type: RelWithDebInfo
> cmake .. -DCMAKE_BUILD_TYPE="RelWithDebInfo" -DCMAKE_CXX_FLAGS="" -DBUILD_INCLUDE_FILE="/home/user/TeaSpeak/Server/Root/build-helpers//cmake/config/tearoot-server.cmake" -DCMAKE_MODULE_PATH="/home/user/TeaSpeak/Server/Root/build-helpers//cmake/" -DDISABLE_QT=1 -DDISABLE_CUSTOM_OUTPUT=ON -DDISABLE_QT=ON -DCOMPILE_WEB_CLIENT="OFF" -DBUILD_TYPE=1 -DBUILD_TYPE_NAME=beta -Dmysql_ROOT_DIR="/home/user/TeaSpeak/Server/Root/TeaSpeak/build/../../../mysql-server/out"
-- The C compiler identification is GNU 13.3.0
-- The CXX compiler identification is GNU 13.3.0
-- Detecting C compiler ABI info
-- Detecting C compiler ABI info - done
-- Check for working C compiler: /usr/bin/cc - skipped
-- Detecting C compile features
-- Detecting C compile features - done
-- Detecting CXX compiler ABI info
-- Detecting CXX compiler ABI info - done
-- Check for working CXX compiler: /usr/bin/c++ - skipped
-- Detecting CXX compile features
-- Detecting CXX compile features - done
Tommath root dir: /home/user/TeaSpeak/Server/Root/TeaSpeak/../libraries//tommath//out/linux_amd64
CMake Error at /usr/share/cmake-3.28/Modules/FindPackageHandleStandardArgs.cmake:230 (message):
  Could NOT find TomMath (missing: TomMath_INCLUDE_DIR)
Call Stack (most recent call first):
  /usr/share/cmake-3.28/Modules/FindPackageHandleStandardArgs.cmake:600 (_FPHSA_FAILURE_MESSAGE)
  /home/user/TeaSpeak/Server/Root/build-helpers/cmake/FindTomMath.cmake:60 (find_package_handle_standard_args)
  CMakeLists.txt:49 (find_package)


-- Configuring incomplete, errors occurred!
Failed to run CMAKE project
