This is an automated jenkins build. Initializing variables.
Initializing optimized session.
ninja: Entering directory `/home/user/TeaSpeak/Server/Root/TeaSpeak/rtclib/glib-2.66.2/build_'
ninja: no work to do.
Installing subprojects/libffi/src/libffi.a to /home/user/TeaSpeak/Server/Root/TeaSpeak/rtclib/glib-2.66.2/../build_libraries/lib/x86_64-linux-gnu
Installing glib/libglib-2.0.a to /home/user/TeaSpeak/Server/Root/TeaSpeak/rtclib/glib-2.66.2/../build_libraries/lib/x86_64-linux-gnu
Installing glib/gtester to /home/user/TeaSpeak/Server/Root/TeaSpeak/rtclib/glib-2.66.2/../build_libraries/bin
Installing gobject/glib-enumtypes.h to /home/user/TeaSpeak/Server/Root/TeaSpeak/rtclib/glib-2.66.2/../build_libraries/include/glib-2.0/gobject
Installing gobject/libgobject-2.0.a to /home/user/TeaSpeak/Server/Root/TeaSpeak/rtclib/glib-2.66.2/../build_libraries/lib/x86_64-linux-gnu
Installing gobject/gobject-query to /home/user/TeaSpeak/Server/Root/TeaSpeak/rtclib/glib-2.66.2/../build_libraries/bin
Installing gthread/libgthread-2.0.a to /home/user/TeaSpeak/Server/Root/TeaSpeak/rtclib/glib-2.66.2/../build_libraries/lib/x86_64-linux-gnu
Installing gmodule/libgmodule-2.0.a to /home/user/TeaSpeak/Server/Root/TeaSpeak/rtclib/glib-2.66.2/../build_libraries/lib/x86_64-linux-gnu
Installing gio/gioenumtypes.h to /home/user/TeaSpeak/Server/Root/TeaSpeak/rtclib/glib-2.66.2/../build_libraries/include/glib-2.0/gio
Installing gio/libgio-2.0.a to /home/user/TeaSpeak/Server/Root/TeaSpeak/rtclib/glib-2.66.2/../build_libraries/lib/x86_64-linux-gnu
Installing gio/gio to /home/user/TeaSpeak/Server/Root/TeaSpeak/rtclib/glib-2.66.2/../build_libraries/bin
Installing gio/gresource to /home/user/TeaSpeak/Server/Root/TeaSpeak/rtclib/glib-2.66.2/../build_libraries/bin
Installing gio/gio-querymodules to /home/user/TeaSpeak/Server/Root/TeaSpeak/rtclib/glib-2.66.2/../build_libraries/bin
Installing gio/glib-compile-schemas to /home/user/TeaSpeak/Server/Root/TeaSpeak/rtclib/glib-2.66.2/../build_libraries/bin
Installing gio/glib-compile-resources to /home/user/TeaSpeak/Server/Root/TeaSpeak/rtclib/glib-2.66.2/../build_libraries/bin
Installing gio/gsettings to /home/user/TeaSpeak/Server/Root/TeaSpeak/rtclib/glib-2.66.2/../build_libraries/bin
Installing gio/gdbus to /home/user/TeaSpeak/Server/Root/TeaSpeak/rtclib/glib-2.66.2/../build_libraries/bin
Installing gio/gapplication to /home/user/TeaSpeak/Server/Root/TeaSpeak/rtclib/glib-2.66.2/../build_libraries/bin
Installing /home/user/TeaSpeak/Server/Root/TeaSpeak/rtclib/glib-2.66.2/glib/glib.h to /home/user/TeaSpeak/Server/Root/TeaSpeak/rtclib/glib-2.66.2/../build_libraries/include/glib-2.0
Installing /home/user/TeaSpeak/Server/Root/TeaSpeak/rtclib/glib-2.66.2/glib/glib-unix.h to /home/user/TeaSpeak/Server/Root/TeaSpeak/rtclib/glib-2.66.2/../build_libraries/include/glib-2.0
Installing /home/user/TeaSpeak/Server/Root/TeaSpeak/rtclib/glib-2.66.2/glib/glib-object.h to /home/user/TeaSpeak/Server/Root/TeaSpeak/rtclib/glib-2.66.2/../build_libraries/include/glib-2.0
Installing /home/user/TeaSpeak/Server/Root/TeaSpeak/rtclib/glib-2.66.2/glib/deprecated/gallocator.h to /home/user/TeaSpeak/Server/Root/TeaSpeak/rtclib/glib-2.66.2/../build_libraries/include/glib-2.0/glib/deprecated
Installing /home/user/TeaSpeak/Server/Root/TeaSpeak/rtclib/glib-2.66.2/glib/deprecated/gcache.h to /home/user/TeaSpeak/Server/Root/TeaSpeak/rtclib/glib-2.66.2/../build_libraries/include/glib-2.0/glib/deprecated
Installing /home/user/TeaSpeak/Server/Root/TeaSpeak/rtclib/glib-2.66.2/glib/deprecated/gcompletion.h to /home/user/TeaSpeak/Server/Root/TeaSpeak/rtclib/glib-2.66.2/../build_libraries/include/glib-2.0/glib/deprecated
Installing /home/user/TeaSpeak/Server/Root/TeaSpeak/rtclib/glib-2.66.2/glib/deprecated/gmain.h to /home/user/TeaSpeak/Server/Root/TeaSpeak/rtclib/glib-2.66.2/../build_libraries/include/glib-2.0/glib/deprecated
Installing /home/user/TeaSpeak/Server/Root/TeaSpeak/rtclib/glib-2.66.2/glib/deprecated/grel.h to /home/user/TeaSpeak/Server/Root/TeaSpeak/rtclib/glib-2.66.2/../build_libraries/include/glib-2.0/glib/deprecated
Installing /home/user/TeaSpeak/Server/Root/TeaSpeak/rtclib/glib-2.66.2/glib/deprecated/gthread.h to /home/user/TeaSpeak/Server/Root/TeaSpeak/rtclib/glib-2.66.2/../build_libraries/include/glib-2.0/glib/deprecated
Installing /home/user/TeaSpeak/Server/Root/TeaSpeak/rtclib/glib-2.66.2/glib/glib-autocleanups.h to /home/user/TeaSpeak/Server/Root/TeaSpeak/rtclib/glib-2.66.2/../build_libraries/include/glib-2.0/glib
Installing /home/user/TeaSpeak/Server/Root/TeaSpeak/rtclib/glib-2.66.2/glib/galloca.h to /home/user/TeaSpeak/Server/Root/TeaSpeak/rtclib/glib-2.66.2/../build_libraries/include/glib-2.0/glib
Installing /home/user/TeaSpeak/Server/Root/TeaSpeak/rtclib/glib-2.66.2/glib/garray.h to /home/user/TeaSpeak/Server/Root/TeaSpeak/rtclib/glib-2.66.2/../build_libraries/include/glib-2.0/glib
Installing /home/user/TeaSpeak/Server/Root/TeaSpeak/rtclib/glib-2.66.2/glib/gasyncqueue.h to /home/user/TeaSpeak/Server/Root/TeaSpeak/rtclib/glib-2.66.2/../build_libraries/include/glib-2.0/glib
Installing /home/user/TeaSpeak/Server/Root/TeaSpeak/rtclib/glib-2.66.2/glib/gatomic.h to /home/user/TeaSpeak/Server/Root/TeaSpeak/rtclib/glib-2.66.2/../build_libraries/include/glib-2.0/glib
Installing /home/user/TeaSpeak/Server/Root/TeaSpeak/rtclib/glib-2.66.2/glib/gbacktrace.h to /home/user/TeaSpeak/Server/Root/TeaSpeak/rtclib/glib-2.66.2/../build_libraries/include/glib-2.0/glib
Installing /home/user/TeaSpeak/Server/Root/TeaSpeak/rtclib/glib-2.66.2/glib/gbase64.h to /home/user/TeaSpeak/Server/Root/TeaSpeak/rtclib/glib-2.66.2/../build_libraries/include/glib-2.0/glib
Installing /home/user/TeaSpeak/Server/Root/TeaSpeak/rtclib/glib-2.66.2/glib/gbitlock.h to /home/user/TeaSpeak/Server/Root/TeaSpeak/rtclib/glib-2.66.2/../build_libraries/include/glib-2.0/glib
Installing /home/user/TeaSpeak/Server/Root/TeaSpeak/rtclib/glib-2.66.2/glib/gbookmarkfile.h to /home/user/TeaSpeak/Server/Root/TeaSpeak/rtclib/glib-2.66.2/../build_libraries/include/glib-2.0/glib
Installing /home/user/TeaSpeak/Server/Root/TeaSpeak/rtclib/glib-2.66.2/glib/gbytes.h to /home/user/TeaSpeak/Server/Root/TeaSpeak/rtclib/glib-2.66.2/../build_libraries/include/glib-2.0/glib
Installing /home/user/TeaSpeak/Server/Root/TeaSpeak/rtclib/glib-2.66.2/glib/gcharset.h to /home/user/TeaSpeak/Server/Root/TeaSpeak/rtclib/glib-2.66.2/../build_libraries/include/glib-2.0/glib
Installing /home/user/TeaSpeak/Server/Root/TeaSpeak/rtclib/glib-2.66.2/glib/gchecksum.h to /home/user/TeaSpeak/Server/Root/TeaSpeak/rtclib/glib-2.66.2/../build_libraries/include/glib-2.0/glib
Installing /home/user/TeaSpeak/Server/Root/TeaSpeak/rtclib/glib-2.66.2/glib/gconvert.h to /home/user/TeaSpeak/Server/Root/TeaSpeak/rtclib/glib-2.66.2/../build_libraries/include/glib-2.0/glib
Installing /home/user/TeaSpeak/Server/Root/TeaSpeak/rtclib/glib-2.66.2/glib/gdataset.h to /home/user/TeaSpeak/Server/Root/TeaSpeak/rtclib/glib-2.66.2/../build_libraries/include/glib-2.0/glib
Installing /home/user/TeaSpeak/Server/Root/TeaSpeak/rtclib/glib-2.66.2/glib/gdate.h to /home/user/TeaSpeak/Server/Root/TeaSpeak/rtclib/glib-2.66.2/../build_libraries/include/glib-2.0/glib
Installing /home/user/TeaSpeak/Server/Root/TeaSpeak/rtclib/glib-2.66.2/glib/gdatetime.h to /home/user/TeaSpeak/Server/Root/TeaSpeak/rtclib/glib-2.66.2/../build_libraries/include/glib-2.0/glib
Installing /home/user/TeaSpeak/Server/Root/TeaSpeak/rtclib/glib-2.66.2/glib/gdir.h to /home/user/TeaSpeak/Server/Root/TeaSpeak/rtclib/glib-2.66.2/../build_libraries/include/glib-2.0/glib
Installing /home/user/TeaSpeak/Server/Root/TeaSpeak/rtclib/glib-2.66.2/glib/genviron.h to /home/user/TeaSpeak/Server/Root/TeaSpeak/rtclib/glib-2.66.2/../build_libraries/include/glib-2.0/glib
Installing /home/user/TeaSpeak/Server/Root/TeaSpeak/rtclib/glib-2.66.2/glib/gerror.h to /home/user/TeaSpeak/Server/Root/TeaSpeak/rtclib/glib-2.66.2/../build_libraries/include/glib-2.0/glib
Installing /home/user/TeaSpeak/Server/Root/TeaSpeak/rtclib/glib-2.66.2/glib/gfileutils.h to /home/user/TeaSpeak/Server/Root/TeaSpeak/rtclib/glib-2.66.2/../build_libraries/include/glib-2.0/glib
Installing /home/user/TeaSpeak/Server/Root/TeaSpeak/rtclib/glib-2.66.2/glib/ggettext.h to /home/user/TeaSpeak/Server/Root/TeaSpeak/rtclib/glib-2.66.2/../build_libraries/include/glib-2.0/glib
Installing /home/user/TeaSpeak/Server/Root/TeaSpeak/rtclib/glib-2.66.2/glib/ghash.h to /home/user/TeaSpeak/Server/Root/TeaSpeak/rtclib/glib-2.66.2/../build_libraries/include/glib-2.0/glib
Installing /home/user/TeaSpeak/Server/Root/TeaSpeak/rtclib/glib-2.66.2/glib/ghmac.h to /home/user/TeaSpeak/Server/Root/TeaSpeak/rtclib/glib-2.66.2/../build_libraries/include/glib-2.0/glib
Installing /home/user/TeaSpeak/Server/Root/TeaSpeak/rtclib/glib-2.66.2/glib/ghook.h to /home/user/TeaSpeak/Server/Root/TeaSpeak/rtclib/glib-2.66.2/../build_libraries/include/glib-2.0/glib
Installing /home/user/TeaSpeak/Server/Root/TeaSpeak/rtclib/glib-2.66.2/glib/ghostutils.h to /home/user/TeaSpeak/Server/Root/TeaSpeak/rtclib/glib-2.66.2/../build_libraries/include/glib-2.0/glib
Installing /home/user/TeaSpeak/Server/Root/TeaSpeak/rtclib/glib-2.66.2/glib/gi18n.h to /home/user/TeaSpeak/Server/Root/TeaSpeak/rtclib/glib-2.66.2/../build_libraries/include/glib-2.0/glib
Installing /home/user/TeaSpeak/Server/Root/TeaSpeak/rtclib/glib-2.66.2/glib/gi18n-lib.h to /home/user/TeaSpeak/Server/Root/TeaSpeak/rtclib/glib-2.66.2/../build_libraries/include/glib-2.0/glib
Installing /home/user/TeaSpeak/Server/Root/TeaSpeak/rtclib/glib-2.66.2/glib/giochannel.h to /home/user/TeaSpeak/Server/Root/TeaSpeak/rtclib/glib-2.66.2/../build_libraries/include/glib-2.0/glib
Installing /home/user/TeaSpeak/Server/Root/TeaSpeak/rtclib/glib-2.66.2/glib/gkeyfile.h to /home/user/TeaSpeak/Server/Root/TeaSpeak/rtclib/glib-2.66.2/../build_libraries/include/glib-2.0/glib
Installing /home/user/TeaSpeak/Server/Root/TeaSpeak/rtclib/glib-2.66.2/glib/glist.h to /home/user/TeaSpeak/Server/Root/TeaSpeak/rtclib/glib-2.66.2/../build_libraries/include/glib-2.0/glib
Installing /home/user/TeaSpeak/Server/Root/TeaSpeak/rtclib/glib-2.66.2/glib/gmacros.h to /home/user/TeaSpeak/Server/Root/TeaSpeak/rtclib/glib-2.66.2/../build_libraries/include/glib-2.0/glib
Installing /home/user/TeaSpeak/Server/Root/TeaSpeak/rtclib/glib-2.66.2/glib/gmain.h to /home/user/TeaSpeak/Server/Root/TeaSpeak/rtclib/glib-2.66.2/../build_libraries/include/glib-2.0/glib
Installing /home/user/TeaSpeak/Server/Root/TeaSpeak/rtclib/glib-2.66.2/glib/gmappedfile.h to /home/user/TeaSpeak/Server/Root/TeaSpeak/rtclib/glib-2.66.2/../build_libraries/include/glib-2.0/glib
Installing /home/user/TeaSpeak/Server/Root/TeaSpeak/rtclib/glib-2.66.2/glib/gmarkup.h to /home/user/TeaSpeak/Server/Root/TeaSpeak/rtclib/glib-2.66.2/../build_libraries/include/glib-2.0/glib
Installing /home/user/TeaSpeak/Server/Root/TeaSpeak/rtclib/glib-2.66.2/glib/gmem.h to /home/user/TeaSpeak/Server/Root/TeaSpeak/rtclib/glib-2.66.2/../build_libraries/include/glib-2.0/glib
Installing /home/user/TeaSpeak/Server/Root/TeaSpeak/rtclib/glib-2.66.2/glib/gmessages.h to /home/user/TeaSpeak/Server/Root/TeaSpeak/rtclib/glib-2.66.2/../build_libraries/include/glib-2.0/glib
Installing /home/user/TeaSpeak/Server/Root/TeaSpeak/rtclib/glib-2.66.2/glib/gnode.h to /home/user/TeaSpeak/Server/Root/TeaSpeak/rtclib/glib-2.66.2/../build_libraries/include/glib-2.0/glib
Installing /home/user/TeaSpeak/Server/Root/TeaSpeak/rtclib/glib-2.66.2/glib/goption.h to /home/user/TeaSpeak/Server/Root/TeaSpeak/rtclib/glib-2.66.2/../build_libraries/include/glib-2.0/glib
Installing /home/user/TeaSpeak/Server/Root/TeaSpeak/rtclib/glib-2.66.2/glib/gpattern.h to /home/user/TeaSpeak/Server/Root/TeaSpeak/rtclib/glib-2.66.2/../build_libraries/include/glib-2.0/glib
Installing /home/user/TeaSpeak/Server/Root/TeaSpeak/rtclib/glib-2.66.2/glib/gpoll.h to /home/user/TeaSpeak/Server/Root/TeaSpeak/rtclib/glib-2.66.2/../build_libraries/include/glib-2.0/glib
Installing /home/user/TeaSpeak/Server/Root/TeaSpeak/rtclib/glib-2.66.2/glib/gprimes.h to /home/user/TeaSpeak/Server/Root/TeaSpeak/rtclib/glib-2.66.2/../build_libraries/include/glib-2.0/glib
Installing /home/user/TeaSpeak/Server/Root/TeaSpeak/rtclib/glib-2.66.2/glib/gqsort.h to /home/user/TeaSpeak/Server/Root/TeaSpeak/rtclib/glib-2.66.2/../build_libraries/include/glib-2.0/glib
Installing /home/user/TeaSpeak/Server/Root/TeaSpeak/rtclib/glib-2.66.2/glib/gquark.h to /home/user/TeaSpeak/Server/Root/TeaSpeak/rtclib/glib-2.66.2/../build_libraries/include/glib-2.0/glib
Installing /home/user/TeaSpeak/Server/Root/TeaSpeak/rtclib/glib-2.66.2/glib/gqueue.h to /home/user/TeaSpeak/Server/Root/TeaSpeak/rtclib/glib-2.66.2/../build_libraries/include/glib-2.0/glib
Installing /home/user/TeaSpeak/Server/Root/TeaSpeak/rtclib/glib-2.66.2/glib/grand.h to /home/user/TeaSpeak/Server/Root/TeaSpeak/rtclib/glib-2.66.2/../build_libraries/include/glib-2.0/glib
Installing /home/user/TeaSpeak/Server/Root/TeaSpeak/rtclib/glib-2.66.2/glib/grcbox.h to /home/user/TeaSpeak/Server/Root/TeaSpeak/rtclib/glib-2.66.2/../build_libraries/include/glib-2.0/glib
Installing /home/user/TeaSpeak/Server/Root/TeaSpeak/rtclib/glib-2.66.2/glib/grefcount.h to /home/user/TeaSpeak/Server/Root/TeaSpeak/rtclib/glib-2.66.2/../build_libraries/include/glib-2.0/glib
Installing /home/user/TeaSpeak/Server/Root/TeaSpeak/rtclib/glib-2.66.2/glib/grefstring.h to /home/user/TeaSpeak/Server/Root/TeaSpeak/rtclib/glib-2.66.2/../build_libraries/include/glib-2.0/glib
Installing /home/user/TeaSpeak/Server/Root/TeaSpeak/rtclib/glib-2.66.2/glib/gregex.h to /home/user/TeaSpeak/Server/Root/TeaSpeak/rtclib/glib-2.66.2/../build_libraries/include/glib-2.0/glib
Installing /home/user/TeaSpeak/Server/Root/TeaSpeak/rtclib/glib-2.66.2/glib/gscanner.h to /home/user/TeaSpeak/Server/Root/TeaSpeak/rtclib/glib-2.66.2/../build_libraries/include/glib-2.0/glib
Installing /home/user/TeaSpeak/Server/Root/TeaSpeak/rtclib/glib-2.66.2/glib/gsequence.h to /home/user/TeaSpeak/Server/Root/TeaSpeak/rtclib/glib-2.66.2/../build_libraries/include/glib-2.0/glib
Installing /home/user/TeaSpeak/Server/Root/TeaSpeak/rtclib/glib-2.66.2/glib/gshell.h to /home/user/TeaSpeak/Server/Root/TeaSpeak/rtclib/glib-2.66.2/../build_libraries/include/glib-2.0/glib
Installing /home/user/TeaSpeak/Server/Root/TeaSpeak/rtclib/glib-2.66.2/glib/gslice.h to /home/user/TeaSpeak/Server/Root/TeaSpeak/rtclib/glib-2.66.2/../build_libraries/include/glib-2.0/glib
Installing /home/user/TeaSpeak/Server/Root/TeaSpeak/rtclib/glib-2.66.2/glib/gslist.h to /home/user/TeaSpeak/Server/Root/TeaSpeak/rtclib/glib-2.66.2/../build_libraries/include/glib-2.0/glib
Installing /home/user/TeaSpeak/Server/Root/TeaSpeak/rtclib/glib-2.66.2/glib/gspawn.h to /home/user/TeaSpeak/Server/Root/TeaSpeak/rtclib/glib-2.66.2/../build_libraries/include/glib-2.0/glib
Installing /home/user/TeaSpeak/Server/Root/TeaSpeak/rtclib/glib-2.66.2/glib/gstdio.h to /home/user/TeaSpeak/Server/Root/TeaSpeak/rtclib/glib-2.66.2/../build_libraries/include/glib-2.0/glib
Installing /home/user/TeaSpeak/Server/Root/TeaSpeak/rtclib/glib-2.66.2/glib/gstrfuncs.h to /home/user/TeaSpeak/Server/Root/TeaSpeak/rtclib/glib-2.66.2/../build_libraries/include/glib-2.0/glib
Installing /home/user/TeaSpeak/Server/Root/TeaSpeak/rtclib/glib-2.66.2/glib/gtestutils.h to /home/user/TeaSpeak/Server/Root/TeaSpeak/rtclib/glib-2.66.2/../build_libraries/include/glib-2.0/glib
Installing /home/user/TeaSpeak/Server/Root/TeaSpeak/rtclib/glib-2.66.2/glib/gstring.h to /home/user/TeaSpeak/Server/Root/TeaSpeak/rtclib/glib-2.66.2/../build_libraries/include/glib-2.0/glib
Installing /home/user/TeaSpeak/Server/Root/TeaSpeak/rtclib/glib-2.66.2/glib/gstringchunk.h to /home/user/TeaSpeak/Server/Root/TeaSpeak/rtclib/glib-2.66.2/../build_libraries/include/glib-2.0/glib
Installing /home/user/TeaSpeak/Server/Root/TeaSpeak/rtclib/glib-2.66.2/glib/gthread.h to /home/user/TeaSpeak/Server/Root/TeaSpeak/rtclib/glib-2.66.2/../build_libraries/include/glib-2.0/glib
Installing /home/user/TeaSpeak/Server/Root/TeaSpeak/rtclib/glib-2.66.2/glib/gthreadpool.h to /home/user/TeaSpeak/Server/Root/TeaSpeak/rtclib/glib-2.66.2/../build_libraries/include/glib-2.0/glib
Installing /home/user/TeaSpeak/Server/Root/TeaSpeak/rtclib/glib-2.66.2/glib/gtimer.h to /home/user/TeaSpeak/Server/Root/TeaSpeak/rtclib/glib-2.66.2/../build_libraries/include/glib-2.0/glib
Installing /home/user/TeaSpeak/Server/Root/TeaSpeak/rtclib/glib-2.66.2/glib/gtimezone.h to /home/user/TeaSpeak/Server/Root/TeaSpeak/rtclib/glib-2.66.2/../build_libraries/include/glib-2.0/glib
Installing /home/user/TeaSpeak/Server/Root/TeaSpeak/rtclib/glib-2.66.2/glib/gtrashstack.h to /home/user/TeaSpeak/Server/Root/TeaSpeak/rtclib/glib-2.66.2/../build_libraries/include/glib-2.0/glib
Installing /home/user/TeaSpeak/Server/Root/TeaSpeak/rtclib/glib-2.66.2/glib/gtree.h to /home/user/TeaSpeak/Server/Root/TeaSpeak/rtclib/glib-2.66.2/../build_libraries/include/glib-2.0/glib
Installing /home/user/TeaSpeak/Server/Root/TeaSpeak/rtclib/glib-2.66.2/glib/gtypes.h to /home/user/TeaSpeak/Server/Root/TeaSpeak/rtclib/glib-2.66.2/../build_libraries/include/glib-2.0/glib
Installing /home/user/TeaSpeak/Server/Root/TeaSpeak/rtclib/glib-2.66.2/glib/guuid.h to /home/user/TeaSpeak/Server/Root/TeaSpeak/rtclib/glib-2.66.2/../build_libraries/include/glib-2.0/glib
Installing /home/user/TeaSpeak/Server/Root/TeaSpeak/rtclib/glib-2.66.2/glib/gunicode.h to /home/user/TeaSpeak/Server/Root/TeaSpeak/rtclib/glib-2.66.2/../build_libraries/include/glib-2.0/glib
Installing /home/user/TeaSpeak/Server/Root/TeaSpeak/rtclib/glib-2.66.2/glib/guri.h to /home/user/TeaSpeak/Server/Root/TeaSpeak/rtclib/glib-2.66.2/../build_libraries/include/glib-2.0/glib
Installing /home/user/TeaSpeak/Server/Root/TeaSpeak/rtclib/glib-2.66.2/glib/gutils.h to /home/user/TeaSpeak/Server/Root/TeaSpeak/rtclib/glib-2.66.2/../build_libraries/include/glib-2.0/glib
Installing /home/user/TeaSpeak/Server/Root/TeaSpeak/rtclib/glib-2.66.2/glib/gvarianttype.h to /home/user/TeaSpeak/Server/Root/TeaSpeak/rtclib/glib-2.66.2/../build_libraries/include/glib-2.0/glib
Installing /home/user/TeaSpeak/Server/Root/TeaSpeak/rtclib/glib-2.66.2/glib/gvariant.h to /home/user/TeaSpeak/Server/Root/TeaSpeak/rtclib/glib-2.66.2/../build_libraries/include/glib-2.0/glib
Installing /home/user/TeaSpeak/Server/Root/TeaSpeak/rtclib/glib-2.66.2/glib/gversion.h to /home/user/TeaSpeak/Server/Root/TeaSpeak/rtclib/glib-2.66.2/../build_libraries/include/glib-2.0/glib
Installing /home/user/TeaSpeak/Server/Root/TeaSpeak/rtclib/glib-2.66.2/glib/gversionmacros.h to /home/user/TeaSpeak/Server/Root/TeaSpeak/rtclib/glib-2.66.2/../build_libraries/include/glib-2.0/glib
Installing /home/user/TeaSpeak/Server/Root/TeaSpeak/rtclib/glib-2.66.2/glib/gwin32.h to /home/user/TeaSpeak/Server/Root/TeaSpeak/rtclib/glib-2.66.2/../build_libraries/include/glib-2.0/glib
Installing /home/user/TeaSpeak/Server/Root/TeaSpeak/rtclib/glib-2.66.2/glib/gprintf.h to /home/user/TeaSpeak/Server/Root/TeaSpeak/rtclib/glib-2.66.2/../build_libraries/include/glib-2.0/glib
Installing /home/user/TeaSpeak/Server/Root/TeaSpeak/rtclib/glib-2.66.2/gobject/gobject-autocleanups.h to /home/user/TeaSpeak/Server/Root/TeaSpeak/rtclib/glib-2.66.2/../build_libraries/include/glib-2.0/gobject
Installing /home/user/TeaSpeak/Server/Root/TeaSpeak/rtclib/glib-2.66.2/gobject/glib-types.h to /home/user/TeaSpeak/Server/Root/TeaSpeak/rtclib/glib-2.66.2/../build_libraries/include/glib-2.0/gobject
Installing /home/user/TeaSpeak/Server/Root/TeaSpeak/rtclib/glib-2.66.2/gobject/gbinding.h to /home/user/TeaSpeak/Server/Root/TeaSpeak/rtclib/glib-2.66.2/../build_libraries/include/glib-2.0/gobject
Installing /home/user/TeaSpeak/Server/Root/TeaSpeak/rtclib/glib-2.66.2/gobject/gboxed.h to /home/user/TeaSpeak/Server/Root/TeaSpeak/rtclib/glib-2.66.2/../build_libraries/include/glib-2.0/gobject
Installing /home/user/TeaSpeak/Server/Root/TeaSpeak/rtclib/glib-2.66.2/gobject/gclosure.h to /home/user/TeaSpeak/Server/Root/TeaSpeak/rtclib/glib-2.66.2/../build_libraries/include/glib-2.0/gobject
Installing /home/user/TeaSpeak/Server/Root/TeaSpeak/rtclib/glib-2.66.2/gobject/genums.h to /home/user/TeaSpeak/Server/Root/TeaSpeak/rtclib/glib-2.66.2/../build_libraries/include/glib-2.0/gobject
Installing /home/user/TeaSpeak/Server/Root/TeaSpeak/rtclib/glib-2.66.2/gobject/gmarshal.h to /home/user/TeaSpeak/Server/Root/TeaSpeak/rtclib/glib-2.66.2/../build_libraries/include/glib-2.0/gobject
Installing /home/user/TeaSpeak/Server/Root/TeaSpeak/rtclib/glib-2.66.2/gobject/gobject.h to /home/user/TeaSpeak/Server/Root/TeaSpeak/rtclib/glib-2.66.2/../build_libraries/include/glib-2.0/gobject
Installing /home/user/TeaSpeak/Server/Root/TeaSpeak/rtclib/glib-2.66.2/gobject/gparam.h to /home/user/TeaSpeak/Server/Root/TeaSpeak/rtclib/glib-2.66.2/../build_libraries/include/glib-2.0/gobject
Installing /home/user/TeaSpeak/Server/Root/TeaSpeak/rtclib/glib-2.66.2/gobject/gparamspecs.h to /home/user/TeaSpeak/Server/Root/TeaSpeak/rtclib/glib-2.66.2/../build_libraries/include/glib-2.0/gobject
Installing /home/user/TeaSpeak/Server/Root/TeaSpeak/rtclib/glib-2.66.2/gobject/gsignal.h to /home/user/TeaSpeak/Server/Root/TeaSpeak/rtclib/glib-2.66.2/../build_libraries/include/glib-2.0/gobject
Installing /home/user/TeaSpeak/Server/Root/TeaSpeak/rtclib/glib-2.66.2/gobject/gsourceclosure.h to /home/user/TeaSpeak/Server/Root/TeaSpeak/rtclib/glib-2.66.2/../build_libraries/include/glib-2.0/gobject
Installing /home/user/TeaSpeak/Server/Root/TeaSpeak/rtclib/glib-2.66.2/gobject/gtype.h to /home/user/TeaSpeak/Server/Root/TeaSpeak/rtclib/glib-2.66.2/../build_libraries/include/glib-2.0/gobject
Installing /home/user/TeaSpeak/Server/Root/TeaSpeak/rtclib/glib-2.66.2/gobject/gtypemodule.h to /home/user/TeaSpeak/Server/Root/TeaSpeak/rtclib/glib-2.66.2/../build_libraries/include/glib-2.0/gobject
Installing /home/user/TeaSpeak/Server/Root/TeaSpeak/rtclib/glib-2.66.2/gobject/gtypeplugin.h to /home/user/TeaSpeak/Server/Root/TeaSpeak/rtclib/glib-2.66.2/../build_libraries/include/glib-2.0/gobject
Installing /home/user/TeaSpeak/Server/Root/TeaSpeak/rtclib/glib-2.66.2/gobject/gvalue.h to /home/user/TeaSpeak/Server/Root/TeaSpeak/rtclib/glib-2.66.2/../build_libraries/include/glib-2.0/gobject
Installing /home/user/TeaSpeak/Server/Root/TeaSpeak/rtclib/glib-2.66.2/gobject/gvaluearray.h to /home/user/TeaSpeak/Server/Root/TeaSpeak/rtclib/glib-2.66.2/../build_libraries/include/glib-2.0/gobject
Installing /home/user/TeaSpeak/Server/Root/TeaSpeak/rtclib/glib-2.66.2/gobject/gvaluecollector.h to /home/user/TeaSpeak/Server/Root/TeaSpeak/rtclib/glib-2.66.2/../build_libraries/include/glib-2.0/gobject
Installing /home/user/TeaSpeak/Server/Root/TeaSpeak/rtclib/glib-2.66.2/gobject/gvaluetypes.h to /home/user/TeaSpeak/Server/Root/TeaSpeak/rtclib/glib-2.66.2/../build_libraries/include/glib-2.0/gobject
Installing /home/user/TeaSpeak/Server/Root/TeaSpeak/rtclib/glib-2.66.2/gobject/gobjectnotifyqueue.c to /home/user/TeaSpeak/Server/Root/TeaSpeak/rtclib/glib-2.66.2/../build_libraries/include/glib-2.0/gobject
Installing /home/user/TeaSpeak/Server/Root/TeaSpeak/rtclib/glib-2.66.2/gmodule/gmodule.h to /home/user/TeaSpeak/Server/Root/TeaSpeak/rtclib/glib-2.66.2/../build_libraries/include/glib-2.0
Installing /home/user/TeaSpeak/Server/Root/TeaSpeak/rtclib/glib-2.66.2/gio/gfiledescriptorbased.h to /home/user/TeaSpeak/Server/Root/TeaSpeak/rtclib/glib-2.66.2/../build_libraries/include/gio-unix-2.0/gio
Installing /home/user/TeaSpeak/Server/Root/TeaSpeak/rtclib/glib-2.66.2/gio/gunixconnection.h to /home/user/TeaSpeak/Server/Root/TeaSpeak/rtclib/glib-2.66.2/../build_libraries/include/gio-unix-2.0/gio
Installing /home/user/TeaSpeak/Server/Root/TeaSpeak/rtclib/glib-2.66.2/gio/gunixcredentialsmessage.h to /home/user/TeaSpeak/Server/Root/TeaSpeak/rtclib/glib-2.66.2/../build_libraries/include/gio-unix-2.0/gio
Installing /home/user/TeaSpeak/Server/Root/TeaSpeak/rtclib/glib-2.66.2/gio/gunixmounts.h to /home/user/TeaSpeak/Server/Root/TeaSpeak/rtclib/glib-2.66.2/../build_libraries/include/gio-unix-2.0/gio
Installing /home/user/TeaSpeak/Server/Root/TeaSpeak/rtclib/glib-2.66.2/gio/gunixfdlist.h to /home/user/TeaSpeak/Server/Root/TeaSpeak/rtclib/glib-2.66.2/../build_libraries/include/gio-unix-2.0/gio
Installing /home/user/TeaSpeak/Server/Root/TeaSpeak/rtclib/glib-2.66.2/gio/gunixfdmessage.h to /home/user/TeaSpeak/Server/Root/TeaSpeak/rtclib/glib-2.66.2/../build_libraries/include/gio-unix-2.0/gio
Installing /home/user/TeaSpeak/Server/Root/TeaSpeak/rtclib/glib-2.66.2/gio/gunixinputstream.h to /home/user/TeaSpeak/Server/Root/TeaSpeak/rtclib/glib-2.66.2/../build_libraries/include/gio-unix-2.0/gio
Installing /home/user/TeaSpeak/Server/Root/TeaSpeak/rtclib/glib-2.66.2/gio/gunixoutputstream.h to /home/user/TeaSpeak/Server/Root/TeaSpeak/rtclib/glib-2.66.2/../build_libraries/include/gio-unix-2.0/gio
Installing /home/user/TeaSpeak/Server/Root/TeaSpeak/rtclib/glib-2.66.2/gio/gunixsocketaddress.h to /home/user/TeaSpeak/Server/Root/TeaSpeak/rtclib/glib-2.66.2/../build_libraries/include/gio-unix-2.0/gio
Installing /home/user/TeaSpeak/Server/Root/TeaSpeak/rtclib/glib-2.66.2/gio/gdesktopappinfo.h to /home/user/TeaSpeak/Server/Root/TeaSpeak/rtclib/glib-2.66.2/../build_libraries/include/gio-unix-2.0/gio
Installing /home/user/TeaSpeak/Server/Root/TeaSpeak/rtclib/glib-2.66.2/gio/gappinfo.h to /home/user/TeaSpeak/Server/Root/TeaSpeak/rtclib/glib-2.66.2/../build_libraries/include/glib-2.0/gio
Installing /home/user/TeaSpeak/Server/Root/TeaSpeak/rtclib/glib-2.66.2/gio/gasyncinitable.h to /home/user/TeaSpeak/Server/Root/TeaSpeak/rtclib/glib-2.66.2/../build_libraries/include/glib-2.0/gio
Installing /home/user/TeaSpeak/Server/Root/TeaSpeak/rtclib/glib-2.66.2/gio/gasyncresult.h to /home/user/TeaSpeak/Server/Root/TeaSpeak/rtclib/glib-2.66.2/../build_libraries/include/glib-2.0/gio
Installing /home/user/TeaSpeak/Server/Root/TeaSpeak/rtclib/glib-2.66.2/gio/gbufferedinputstream.h to /home/user/TeaSpeak/Server/Root/TeaSpeak/rtclib/glib-2.66.2/../build_libraries/include/glib-2.0/gio
Installing /home/user/TeaSpeak/Server/Root/TeaSpeak/rtclib/glib-2.66.2/gio/gbufferedoutputstream.h to /home/user/TeaSpeak/Server/Root/TeaSpeak/rtclib/glib-2.66.2/../build_libraries/include/glib-2.0/gio
Installing /home/user/TeaSpeak/Server/Root/TeaSpeak/rtclib/glib-2.66.2/gio/gbytesicon.h to /home/user/TeaSpeak/Server/Root/TeaSpeak/rtclib/glib-2.66.2/../build_libraries/include/glib-2.0/gio
Installing /home/user/TeaSpeak/Server/Root/TeaSpeak/rtclib/glib-2.66.2/gio/gcancellable.h to /home/user/TeaSpeak/Server/Root/TeaSpeak/rtclib/glib-2.66.2/../build_libraries/include/glib-2.0/gio
Installing /home/user/TeaSpeak/Server/Root/TeaSpeak/rtclib/glib-2.66.2/gio/gcontenttype.h to /home/user/TeaSpeak/Server/Root/TeaSpeak/rtclib/glib-2.66.2/../build_libraries/include/glib-2.0/gio
Installing /home/user/TeaSpeak/Server/Root/TeaSpeak/rtclib/glib-2.66.2/gio/gcharsetconverter.h to /home/user/TeaSpeak/Server/Root/TeaSpeak/rtclib/glib-2.66.2/../build_libraries/include/glib-2.0/gio
Installing /home/user/TeaSpeak/Server/Root/TeaSpeak/rtclib/glib-2.66.2/gio/gconverter.h to /home/user/TeaSpeak/Server/Root/TeaSpeak/rtclib/glib-2.66.2/../build_libraries/include/glib-2.0/gio
Installing /home/user/TeaSpeak/Server/Root/TeaSpeak/rtclib/glib-2.66.2/gio/gconverterinputstream.h to /home/user/TeaSpeak/Server/Root/TeaSpeak/rtclib/glib-2.66.2/../build_libraries/include/glib-2.0/gio
Installing /home/user/TeaSpeak/Server/Root/TeaSpeak/rtclib/glib-2.66.2/gio/gconverteroutputstream.h to /home/user/TeaSpeak/Server/Root/TeaSpeak/rtclib/glib-2.66.2/../build_libraries/include/glib-2.0/gio
Installing /home/user/TeaSpeak/Server/Root/TeaSpeak/rtclib/glib-2.66.2/gio/gdatagrambased.h to /home/user/TeaSpeak/Server/Root/TeaSpeak/rtclib/glib-2.66.2/../build_libraries/include/glib-2.0/gio
Installing /home/user/TeaSpeak/Server/Root/TeaSpeak/rtclib/glib-2.66.2/gio/gdatainputstream.h to /home/user/TeaSpeak/Server/Root/TeaSpeak/rtclib/glib-2.66.2/../build_libraries/include/glib-2.0/gio
Installing /home/user/TeaSpeak/Server/Root/TeaSpeak/rtclib/glib-2.66.2/gio/gdataoutputstream.h to /home/user/TeaSpeak/Server/Root/TeaSpeak/rtclib/glib-2.66.2/../build_libraries/include/glib-2.0/gio
Installing /home/user/TeaSpeak/Server/Root/TeaSpeak/rtclib/glib-2.66.2/gio/gdrive.h to /home/user/TeaSpeak/Server/Root/TeaSpeak/rtclib/glib-2.66.2/../build_libraries/include/glib-2.0/gio
Installing /home/user/TeaSpeak/Server/Root/TeaSpeak/rtclib/glib-2.66.2/gio/gemblem.h to /home/user/TeaSpeak/Server/Root/TeaSpeak/rtclib/glib-2.66.2/../build_libraries/include/glib-2.0/gio
Installing /home/user/TeaSpeak/Server/Root/TeaSpeak/rtclib/glib-2.66.2/gio/gemblemedicon.h to /home/user/TeaSpeak/Server/Root/TeaSpeak/rtclib/glib-2.66.2/../build_libraries/include/glib-2.0/gio
Installing /home/user/TeaSpeak/Server/Root/TeaSpeak/rtclib/glib-2.66.2/gio/gfile.h to /home/user/TeaSpeak/Server/Root/TeaSpeak/rtclib/glib-2.66.2/../build_libraries/include/glib-2.0/gio
Installing /home/user/TeaSpeak/Server/Root/TeaSpeak/rtclib/glib-2.66.2/gio/gfileattribute.h to /home/user/TeaSpeak/Server/Root/TeaSpeak/rtclib/glib-2.66.2/../build_libraries/include/glib-2.0/gio
Installing /home/user/TeaSpeak/Server/Root/TeaSpeak/rtclib/glib-2.66.2/gio/gfileenumerator.h to /home/user/TeaSpeak/Server/Root/TeaSpeak/rtclib/glib-2.66.2/../build_libraries/include/glib-2.0/gio
Installing /home/user/TeaSpeak/Server/Root/TeaSpeak/rtclib/glib-2.66.2/gio/gfileicon.h to /home/user/TeaSpeak/Server/Root/TeaSpeak/rtclib/glib-2.66.2/../build_libraries/include/glib-2.0/gio
Installing /home/user/TeaSpeak/Server/Root/TeaSpeak/rtclib/glib-2.66.2/gio/gfileinfo.h to /home/user/TeaSpeak/Server/Root/TeaSpeak/rtclib/glib-2.66.2/../build_libraries/include/glib-2.0/gio
Installing /home/user/TeaSpeak/Server/Root/TeaSpeak/rtclib/glib-2.66.2/gio/gfileinputstream.h to /home/user/TeaSpeak/Server/Root/TeaSpeak/rtclib/glib-2.66.2/../build_libraries/include/glib-2.0/gio
Installing /home/user/TeaSpeak/Server/Root/TeaSpeak/rtclib/glib-2.66.2/gio/gfilemonitor.h to /home/user/TeaSpeak/Server/Root/TeaSpeak/rtclib/glib-2.66.2/../build_libraries/include/glib-2.0/gio
Installing /home/user/TeaSpeak/Server/Root/TeaSpeak/rtclib/glib-2.66.2/gio/gfilenamecompleter.h to /home/user/TeaSpeak/Server/Root/TeaSpeak/rtclib/glib-2.66.2/../build_libraries/include/glib-2.0/gio
Installing /home/user/TeaSpeak/Server/Root/TeaSpeak/rtclib/glib-2.66.2/gio/gfileoutputstream.h to /home/user/TeaSpeak/Server/Root/TeaSpeak/rtclib/glib-2.66.2/../build_libraries/include/glib-2.0/gio
Installing /home/user/TeaSpeak/Server/Root/TeaSpeak/rtclib/glib-2.66.2/gio/gfileiostream.h to /home/user/TeaSpeak/Server/Root/TeaSpeak/rtclib/glib-2.66.2/../build_libraries/include/glib-2.0/gio
Installing /home/user/TeaSpeak/Server/Root/TeaSpeak/rtclib/glib-2.66.2/gio/gfilterinputstream.h to /home/user/TeaSpeak/Server/Root/TeaSpeak/rtclib/glib-2.66.2/../build_libraries/include/glib-2.0/gio
Installing /home/user/TeaSpeak/Server/Root/TeaSpeak/rtclib/glib-2.66.2/gio/gfilteroutputstream.h to /home/user/TeaSpeak/Server/Root/TeaSpeak/rtclib/glib-2.66.2/../build_libraries/include/glib-2.0/gio
Installing /home/user/TeaSpeak/Server/Root/TeaSpeak/rtclib/glib-2.66.2/gio/gicon.h to /home/user/TeaSpeak/Server/Root/TeaSpeak/rtclib/glib-2.66.2/../build_libraries/include/glib-2.0/gio
Installing /home/user/TeaSpeak/Server/Root/TeaSpeak/rtclib/glib-2.66.2/gio/ginetaddress.h to /home/user/TeaSpeak/Server/Root/TeaSpeak/rtclib/glib-2.66.2/../build_libraries/include/glib-2.0/gio
Installing /home/user/TeaSpeak/Server/Root/TeaSpeak/rtclib/glib-2.66.2/gio/ginetaddressmask.h to /home/user/TeaSpeak/Server/Root/TeaSpeak/rtclib/glib-2.66.2/../build_libraries/include/glib-2.0/gio
Installing /home/user/TeaSpeak/Server/Root/TeaSpeak/rtclib/glib-2.66.2/gio/ginetsocketaddress.h to /home/user/TeaSpeak/Server/Root/TeaSpeak/rtclib/glib-2.66.2/../build_libraries/include/glib-2.0/gio
Installing /home/user/TeaSpeak/Server/Root/TeaSpeak/rtclib/glib-2.66.2/gio/ginitable.h to /home/user/TeaSpeak/Server/Root/TeaSpeak/rtclib/glib-2.66.2/../build_libraries/include/glib-2.0/gio
Installing /home/user/TeaSpeak/Server/Root/TeaSpeak/rtclib/glib-2.66.2/gio/ginputstream.h to /home/user/TeaSpeak/Server/Root/TeaSpeak/rtclib/glib-2.66.2/../build_libraries/include/glib-2.0/gio
Installing /home/user/TeaSpeak/Server/Root/TeaSpeak/rtclib/glib-2.66.2/gio/gio.h to /home/user/TeaSpeak/Server/Root/TeaSpeak/rtclib/glib-2.66.2/../build_libraries/include/glib-2.0/gio
Installing /home/user/TeaSpeak/Server/Root/TeaSpeak/rtclib/glib-2.66.2/gio/gio-autocleanups.h to /home/user/TeaSpeak/Server/Root/TeaSpeak/rtclib/glib-2.66.2/../build_libraries/include/glib-2.0/gio
Installing /home/user/TeaSpeak/Server/Root/TeaSpeak/rtclib/glib-2.66.2/gio/gioenums.h to /home/user/TeaSpeak/Server/Root/TeaSpeak/rtclib/glib-2.66.2/../build_libraries/include/glib-2.0/gio
Installing /home/user/TeaSpeak/Server/Root/TeaSpeak/rtclib/glib-2.66.2/gio/gioerror.h to /home/user/TeaSpeak/Server/Root/TeaSpeak/rtclib/glib-2.66.2/../build_libraries/include/glib-2.0/gio
Installing /home/user/TeaSpeak/Server/Root/TeaSpeak/rtclib/glib-2.66.2/gio/giomodule.h to /home/user/TeaSpeak/Server/Root/TeaSpeak/rtclib/glib-2.66.2/../build_libraries/include/glib-2.0/gio
Installing /home/user/TeaSpeak/Server/Root/TeaSpeak/rtclib/glib-2.66.2/gio/gioscheduler.h to /home/user/TeaSpeak/Server/Root/TeaSpeak/rtclib/glib-2.66.2/../build_libraries/include/glib-2.0/gio
Installing /home/user/TeaSpeak/Server/Root/TeaSpeak/rtclib/glib-2.66.2/gio/giostream.h to /home/user/TeaSpeak/Server/Root/TeaSpeak/rtclib/glib-2.66.2/../build_libraries/include/glib-2.0/gio
Installing /home/user/TeaSpeak/Server/Root/TeaSpeak/rtclib/glib-2.66.2/gio/giotypes.h to /home/user/TeaSpeak/Server/Root/TeaSpeak/rtclib/glib-2.66.2/../build_libraries/include/glib-2.0/gio
Installing /home/user/TeaSpeak/Server/Root/TeaSpeak/rtclib/glib-2.66.2/gio/gloadableicon.h to /home/user/TeaSpeak/Server/Root/TeaSpeak/rtclib/glib-2.66.2/../build_libraries/include/glib-2.0/gio
Installing /home/user/TeaSpeak/Server/Root/TeaSpeak/rtclib/glib-2.66.2/gio/gmount.h to /home/user/TeaSpeak/Server/Root/TeaSpeak/rtclib/glib-2.66.2/../build_libraries/include/glib-2.0/gio
Installing /home/user/TeaSpeak/Server/Root/TeaSpeak/rtclib/glib-2.66.2/gio/gmemoryinputstream.h to /home/user/TeaSpeak/Server/Root/TeaSpeak/rtclib/glib-2.66.2/../build_libraries/include/glib-2.0/gio
Installing /home/user/TeaSpeak/Server/Root/TeaSpeak/rtclib/glib-2.66.2/gio/gmemorymonitor.h to /home/user/TeaSpeak/Server/Root/TeaSpeak/rtclib/glib-2.66.2/../build_libraries/include/glib-2.0/gio
Installing /home/user/TeaSpeak/Server/Root/TeaSpeak/rtclib/glib-2.66.2/gio/gmemoryoutputstream.h to /home/user/TeaSpeak/Server/Root/TeaSpeak/rtclib/glib-2.66.2/../build_libraries/include/glib-2.0/gio
Installing /home/user/TeaSpeak/Server/Root/TeaSpeak/rtclib/glib-2.66.2/gio/gmountoperation.h to /home/user/TeaSpeak/Server/Root/TeaSpeak/rtclib/glib-2.66.2/../build_libraries/include/glib-2.0/gio
Installing /home/user/TeaSpeak/Server/Root/TeaSpeak/rtclib/glib-2.66.2/gio/gnativesocketaddress.h to /home/user/TeaSpeak/Server/Root/TeaSpeak/rtclib/glib-2.66.2/../build_libraries/include/glib-2.0/gio
Installing /home/user/TeaSpeak/Server/Root/TeaSpeak/rtclib/glib-2.66.2/gio/gnativevolumemonitor.h to /home/user/TeaSpeak/Server/Root/TeaSpeak/rtclib/glib-2.66.2/../build_libraries/include/glib-2.0/gio
Installing /home/user/TeaSpeak/Server/Root/TeaSpeak/rtclib/glib-2.66.2/gio/gnetworkaddress.h to /home/user/TeaSpeak/Server/Root/TeaSpeak/rtclib/glib-2.66.2/../build_libraries/include/glib-2.0/gio
Installing /home/user/TeaSpeak/Server/Root/TeaSpeak/rtclib/glib-2.66.2/gio/gnetworkmonitor.h to /home/user/TeaSpeak/Server/Root/TeaSpeak/rtclib/glib-2.66.2/../build_libraries/include/glib-2.0/gio
Installing /home/user/TeaSpeak/Server/Root/TeaSpeak/rtclib/glib-2.66.2/gio/gnetworkservice.h to /home/user/TeaSpeak/Server/Root/TeaSpeak/rtclib/glib-2.66.2/../build_libraries/include/glib-2.0/gio
Installing /home/user/TeaSpeak/Server/Root/TeaSpeak/rtclib/glib-2.66.2/gio/goutputstream.h to /home/user/TeaSpeak/Server/Root/TeaSpeak/rtclib/glib-2.66.2/../build_libraries/include/glib-2.0/gio
Installing /home/user/TeaSpeak/Server/Root/TeaSpeak/rtclib/glib-2.66.2/gio/gpermission.h to /home/user/TeaSpeak/Server/Root/TeaSpeak/rtclib/glib-2.66.2/../build_libraries/include/glib-2.0/gio
Installing /home/user/TeaSpeak/Server/Root/TeaSpeak/rtclib/glib-2.66.2/gio/gpollableinputstream.h to /home/user/TeaSpeak/Server/Root/TeaSpeak/rtclib/glib-2.66.2/../build_libraries/include/glib-2.0/gio
Installing /home/user/TeaSpeak/Server/Root/TeaSpeak/rtclib/glib-2.66.2/gio/gpollableoutputstream.h to /home/user/TeaSpeak/Server/Root/TeaSpeak/rtclib/glib-2.66.2/../build_libraries/include/glib-2.0/gio
Installing /home/user/TeaSpeak/Server/Root/TeaSpeak/rtclib/glib-2.66.2/gio/gpollableutils.h to /home/user/TeaSpeak/Server/Root/TeaSpeak/rtclib/glib-2.66.2/../build_libraries/include/glib-2.0/gio
Installing /home/user/TeaSpeak/Server/Root/TeaSpeak/rtclib/glib-2.66.2/gio/gproxy.h to /home/user/TeaSpeak/Server/Root/TeaSpeak/rtclib/glib-2.66.2/../build_libraries/include/glib-2.0/gio
Installing /home/user/TeaSpeak/Server/Root/TeaSpeak/rtclib/glib-2.66.2/gio/gproxyaddress.h to /home/user/TeaSpeak/Server/Root/TeaSpeak/rtclib/glib-2.66.2/../build_libraries/include/glib-2.0/gio
Installing /home/user/TeaSpeak/Server/Root/TeaSpeak/rtclib/glib-2.66.2/gio/gproxyaddressenumerator.h to /home/user/TeaSpeak/Server/Root/TeaSpeak/rtclib/glib-2.66.2/../build_libraries/include/glib-2.0/gio
Installing /home/user/TeaSpeak/Server/Root/TeaSpeak/rtclib/glib-2.66.2/gio/gproxyresolver.h to /home/user/TeaSpeak/Server/Root/TeaSpeak/rtclib/glib-2.66.2/../build_libraries/include/glib-2.0/gio
Installing /home/user/TeaSpeak/Server/Root/TeaSpeak/rtclib/glib-2.66.2/gio/gresolver.h to /home/user/TeaSpeak/Server/Root/TeaSpeak/rtclib/glib-2.66.2/../build_libraries/include/glib-2.0/gio
Installing /home/user/TeaSpeak/Server/Root/TeaSpeak/rtclib/glib-2.66.2/gio/gresource.h to /home/user/TeaSpeak/Server/Root/TeaSpeak/rtclib/glib-2.66.2/../build_libraries/include/glib-2.0/gio
Installing /home/user/TeaSpeak/Server/Root/TeaSpeak/rtclib/glib-2.66.2/gio/gseekable.h to /home/user/TeaSpeak/Server/Root/TeaSpeak/rtclib/glib-2.66.2/../build_libraries/include/glib-2.0/gio
Installing /home/user/TeaSpeak/Server/Root/TeaSpeak/rtclib/glib-2.66.2/gio/gsimpleasyncresult.h to /home/user/TeaSpeak/Server/Root/TeaSpeak/rtclib/glib-2.66.2/../build_libraries/include/glib-2.0/gio
Installing /home/user/TeaSpeak/Server/Root/TeaSpeak/rtclib/glib-2.66.2/gio/gsimpleiostream.h to /home/user/TeaSpeak/Server/Root/TeaSpeak/rtclib/glib-2.66.2/../build_libraries/include/glib-2.0/gio
Installing /home/user/TeaSpeak/Server/Root/TeaSpeak/rtclib/glib-2.66.2/gio/gsimplepermission.h to /home/user/TeaSpeak/Server/Root/TeaSpeak/rtclib/glib-2.66.2/../build_libraries/include/glib-2.0/gio
Installing /home/user/TeaSpeak/Server/Root/TeaSpeak/rtclib/glib-2.66.2/gio/gsimpleproxyresolver.h to /home/user/TeaSpeak/Server/Root/TeaSpeak/rtclib/glib-2.66.2/../build_libraries/include/glib-2.0/gio
Installing /home/user/TeaSpeak/Server/Root/TeaSpeak/rtclib/glib-2.66.2/gio/gsocket.h to /home/user/TeaSpeak/Server/Root/TeaSpeak/rtclib/glib-2.66.2/../build_libraries/include/glib-2.0/gio
Installing /home/user/TeaSpeak/Server/Root/TeaSpeak/rtclib/glib-2.66.2/gio/gsocketaddress.h to /home/user/TeaSpeak/Server/Root/TeaSpeak/rtclib/glib-2.66.2/../build_libraries/include/glib-2.0/gio
Installing /home/user/TeaSpeak/Server/Root/TeaSpeak/rtclib/glib-2.66.2/gio/gsocketaddressenumerator.h to /home/user/TeaSpeak/Server/Root/TeaSpeak/rtclib/glib-2.66.2/../build_libraries/include/glib-2.0/gio
Installing /home/user/TeaSpeak/Server/Root/TeaSpeak/rtclib/glib-2.66.2/gio/gsocketclient.h to /home/user/TeaSpeak/Server/Root/TeaSpeak/rtclib/glib-2.66.2/../build_libraries/include/glib-2.0/gio
Installing /home/user/TeaSpeak/Server/Root/TeaSpeak/rtclib/glib-2.66.2/gio/gsocketconnectable.h to /home/user/TeaSpeak/Server/Root/TeaSpeak/rtclib/glib-2.66.2/../build_libraries/include/glib-2.0/gio
Installing /home/user/TeaSpeak/Server/Root/TeaSpeak/rtclib/glib-2.66.2/gio/gsocketconnection.h to /home/user/TeaSpeak/Server/Root/TeaSpeak/rtclib/glib-2.66.2/../build_libraries/include/glib-2.0/gio
Installing /home/user/TeaSpeak/Server/Root/TeaSpeak/rtclib/glib-2.66.2/gio/gsocketcontrolmessage.h to /home/user/TeaSpeak/Server/Root/TeaSpeak/rtclib/glib-2.66.2/../build_libraries/include/glib-2.0/gio
Installing /home/user/TeaSpeak/Server/Root/TeaSpeak/rtclib/glib-2.66.2/gio/gsocketlistener.h to /home/user/TeaSpeak/Server/Root/TeaSpeak/rtclib/glib-2.66.2/../build_libraries/include/glib-2.0/gio
Installing /home/user/TeaSpeak/Server/Root/TeaSpeak/rtclib/glib-2.66.2/gio/gsocketservice.h to /home/user/TeaSpeak/Server/Root/TeaSpeak/rtclib/glib-2.66.2/../build_libraries/include/glib-2.0/gio
Installing /home/user/TeaSpeak/Server/Root/TeaSpeak/rtclib/glib-2.66.2/gio/gsrvtarget.h to /home/user/TeaSpeak/Server/Root/TeaSpeak/rtclib/glib-2.66.2/../build_libraries/include/glib-2.0/gio
Installing /home/user/TeaSpeak/Server/Root/TeaSpeak/rtclib/glib-2.66.2/gio/gsubprocess.h to /home/user/TeaSpeak/Server/Root/TeaSpeak/rtclib/glib-2.66.2/../build_libraries/include/glib-2.0/gio
Installing /home/user/TeaSpeak/Server/Root/TeaSpeak/rtclib/glib-2.66.2/gio/gsubprocesslauncher.h to /home/user/TeaSpeak/Server/Root/TeaSpeak/rtclib/glib-2.66.2/../build_libraries/include/glib-2.0/gio
Installing /home/user/TeaSpeak/Server/Root/TeaSpeak/rtclib/glib-2.66.2/gio/gtask.h to /home/user/TeaSpeak/Server/Root/TeaSpeak/rtclib/glib-2.66.2/../build_libraries/include/glib-2.0/gio
Installing /home/user/TeaSpeak/Server/Root/TeaSpeak/rtclib/glib-2.66.2/gio/gtcpconnection.h to /home/user/TeaSpeak/Server/Root/TeaSpeak/rtclib/glib-2.66.2/../build_libraries/include/glib-2.0/gio
Installing /home/user/TeaSpeak/Server/Root/TeaSpeak/rtclib/glib-2.66.2/gio/gtcpwrapperconnection.h to /home/user/TeaSpeak/Server/Root/TeaSpeak/rtclib/glib-2.66.2/../build_libraries/include/glib-2.0/gio
Installing /home/user/TeaSpeak/Server/Root/TeaSpeak/rtclib/glib-2.66.2/gio/gthemedicon.h to /home/user/TeaSpeak/Server/Root/TeaSpeak/rtclib/glib-2.66.2/../build_libraries/include/glib-2.0/gio
Installing /home/user/TeaSpeak/Server/Root/TeaSpeak/rtclib/glib-2.66.2/gio/gthreadedsocketservice.h to /home/user/TeaSpeak/Server/Root/TeaSpeak/rtclib/glib-2.66.2/../build_libraries/include/glib-2.0/gio
Installing /home/user/TeaSpeak/Server/Root/TeaSpeak/rtclib/glib-2.66.2/gio/gtlsbackend.h to /home/user/TeaSpeak/Server/Root/TeaSpeak/rtclib/glib-2.66.2/../build_libraries/include/glib-2.0/gio
Installing /home/user/TeaSpeak/Server/Root/TeaSpeak/rtclib/glib-2.66.2/gio/gtlscertificate.h to /home/user/TeaSpeak/Server/Root/TeaSpeak/rtclib/glib-2.66.2/../build_libraries/include/glib-2.0/gio
Installing /home/user/TeaSpeak/Server/Root/TeaSpeak/rtclib/glib-2.66.2/gio/gtlsclientconnection.h to /home/user/TeaSpeak/Server/Root/TeaSpeak/rtclib/glib-2.66.2/../build_libraries/include/glib-2.0/gio
Installing /home/user/TeaSpeak/Server/Root/TeaSpeak/rtclib/glib-2.66.2/gio/gtlsconnection.h to /home/user/TeaSpeak/Server/Root/TeaSpeak/rtclib/glib-2.66.2/../build_libraries/include/glib-2.0/gio
Installing /home/user/TeaSpeak/Server/Root/TeaSpeak/rtclib/glib-2.66.2/gio/gtlsdatabase.h to /home/user/TeaSpeak/Server/Root/TeaSpeak/rtclib/glib-2.66.2/../build_libraries/include/glib-2.0/gio
Installing /home/user/TeaSpeak/Server/Root/TeaSpeak/rtclib/glib-2.66.2/gio/gtlsfiledatabase.h to /home/user/TeaSpeak/Server/Root/TeaSpeak/rtclib/glib-2.66.2/../build_libraries/include/glib-2.0/gio
Installing /home/user/TeaSpeak/Server/Root/TeaSpeak/rtclib/glib-2.66.2/gio/gtlsinteraction.h to /home/user/TeaSpeak/Server/Root/TeaSpeak/rtclib/glib-2.66.2/../build_libraries/include/glib-2.0/gio
Installing /home/user/TeaSpeak/Server/Root/TeaSpeak/rtclib/glib-2.66.2/gio/gtlspassword.h to /home/user/TeaSpeak/Server/Root/TeaSpeak/rtclib/glib-2.66.2/../build_libraries/include/glib-2.0/gio
Installing /home/user/TeaSpeak/Server/Root/TeaSpeak/rtclib/glib-2.66.2/gio/gtlsserverconnection.h to /home/user/TeaSpeak/Server/Root/TeaSpeak/rtclib/glib-2.66.2/../build_libraries/include/glib-2.0/gio
Installing /home/user/TeaSpeak/Server/Root/TeaSpeak/rtclib/glib-2.66.2/gio/gdtlsconnection.h to /home/user/TeaSpeak/Server/Root/TeaSpeak/rtclib/glib-2.66.2/../build_libraries/include/glib-2.0/gio
Installing /home/user/TeaSpeak/Server/Root/TeaSpeak/rtclib/glib-2.66.2/gio/gdtlsclientconnection.h to /home/user/TeaSpeak/Server/Root/TeaSpeak/rtclib/glib-2.66.2/../build_libraries/include/glib-2.0/gio
Installing /home/user/TeaSpeak/Server/Root/TeaSpeak/rtclib/glib-2.66.2/gio/gdtlsserverconnection.h to /home/user/TeaSpeak/Server/Root/TeaSpeak/rtclib/glib-2.66.2/../build_libraries/include/glib-2.0/gio
Installing /home/user/TeaSpeak/Server/Root/TeaSpeak/rtclib/glib-2.66.2/gio/gvfs.h to /home/user/TeaSpeak/Server/Root/TeaSpeak/rtclib/glib-2.66.2/../build_libraries/include/glib-2.0/gio
Installing /home/user/TeaSpeak/Server/Root/TeaSpeak/rtclib/glib-2.66.2/gio/gvolume.h to /home/user/TeaSpeak/Server/Root/TeaSpeak/rtclib/glib-2.66.2/../build_libraries/include/glib-2.0/gio
Installing /home/user/TeaSpeak/Server/Root/TeaSpeak/rtclib/glib-2.66.2/gio/gvolumemonitor.h to /home/user/TeaSpeak/Server/Root/TeaSpeak/rtclib/glib-2.66.2/../build_libraries/include/glib-2.0/gio
Installing /home/user/TeaSpeak/Server/Root/TeaSpeak/rtclib/glib-2.66.2/gio/gzlibcompressor.h to /home/user/TeaSpeak/Server/Root/TeaSpeak/rtclib/glib-2.66.2/../build_libraries/include/glib-2.0/gio
Installing /home/user/TeaSpeak/Server/Root/TeaSpeak/rtclib/glib-2.66.2/gio/gzlibdecompressor.h to /home/user/TeaSpeak/Server/Root/TeaSpeak/rtclib/glib-2.66.2/../build_libraries/include/glib-2.0/gio
Installing /home/user/TeaSpeak/Server/Root/TeaSpeak/rtclib/glib-2.66.2/gio/glistmodel.h to /home/user/TeaSpeak/Server/Root/TeaSpeak/rtclib/glib-2.66.2/../build_libraries/include/glib-2.0/gio
Installing /home/user/TeaSpeak/Server/Root/TeaSpeak/rtclib/glib-2.66.2/gio/gliststore.h to /home/user/TeaSpeak/Server/Root/TeaSpeak/rtclib/glib-2.66.2/../build_libraries/include/glib-2.0/gio
Installing /home/user/TeaSpeak/Server/Root/TeaSpeak/rtclib/glib-2.66.2/gio/gapplication.h to /home/user/TeaSpeak/Server/Root/TeaSpeak/rtclib/glib-2.66.2/../build_libraries/include/glib-2.0/gio
Installing /home/user/TeaSpeak/Server/Root/TeaSpeak/rtclib/glib-2.66.2/gio/gapplicationcommandline.h to /home/user/TeaSpeak/Server/Root/TeaSpeak/rtclib/glib-2.66.2/../build_libraries/include/glib-2.0/gio
Installing /home/user/TeaSpeak/Server/Root/TeaSpeak/rtclib/glib-2.66.2/gio/gactiongroup.h to /home/user/TeaSpeak/Server/Root/TeaSpeak/rtclib/glib-2.66.2/../build_libraries/include/glib-2.0/gio
Installing /home/user/TeaSpeak/Server/Root/TeaSpeak/rtclib/glib-2.66.2/gio/gactionmap.h to /home/user/TeaSpeak/Server/Root/TeaSpeak/rtclib/glib-2.66.2/../build_libraries/include/glib-2.0/gio
Installing /home/user/TeaSpeak/Server/Root/TeaSpeak/rtclib/glib-2.66.2/gio/gsimpleactiongroup.h to /home/user/TeaSpeak/Server/Root/TeaSpeak/rtclib/glib-2.66.2/../build_libraries/include/glib-2.0/gio
Installing /home/user/TeaSpeak/Server/Root/TeaSpeak/rtclib/glib-2.66.2/gio/gremoteactiongroup.h to /home/user/TeaSpeak/Server/Root/TeaSpeak/rtclib/glib-2.66.2/../build_libraries/include/glib-2.0/gio
Installing /home/user/TeaSpeak/Server/Root/TeaSpeak/rtclib/glib-2.66.2/gio/gactiongroupexporter.h to /home/user/TeaSpeak/Server/Root/TeaSpeak/rtclib/glib-2.66.2/../build_libraries/include/glib-2.0/gio
Installing /home/user/TeaSpeak/Server/Root/TeaSpeak/rtclib/glib-2.66.2/gio/gdbusactiongroup.h to /home/user/TeaSpeak/Server/Root/TeaSpeak/rtclib/glib-2.66.2/../build_libraries/include/glib-2.0/gio
Installing /home/user/TeaSpeak/Server/Root/TeaSpeak/rtclib/glib-2.66.2/gio/gaction.h to /home/user/TeaSpeak/Server/Root/TeaSpeak/rtclib/glib-2.66.2/../build_libraries/include/glib-2.0/gio
Installing /home/user/TeaSpeak/Server/Root/TeaSpeak/rtclib/glib-2.66.2/gio/gpropertyaction.h to /home/user/TeaSpeak/Server/Root/TeaSpeak/rtclib/glib-2.66.2/../build_libraries/include/glib-2.0/gio
Installing /home/user/TeaSpeak/Server/Root/TeaSpeak/rtclib/glib-2.66.2/gio/gsimpleaction.h to /home/user/TeaSpeak/Server/Root/TeaSpeak/rtclib/glib-2.66.2/../build_libraries/include/glib-2.0/gio
Installing /home/user/TeaSpeak/Server/Root/TeaSpeak/rtclib/glib-2.66.2/gio/gmenumodel.h to /home/user/TeaSpeak/Server/Root/TeaSpeak/rtclib/glib-2.66.2/../build_libraries/include/glib-2.0/gio
Installing /home/user/TeaSpeak/Server/Root/TeaSpeak/rtclib/glib-2.66.2/gio/gmenu.h to /home/user/TeaSpeak/Server/Root/TeaSpeak/rtclib/glib-2.66.2/../build_libraries/include/glib-2.0/gio
Installing /home/user/TeaSpeak/Server/Root/TeaSpeak/rtclib/glib-2.66.2/gio/gmenuexporter.h to /home/user/TeaSpeak/Server/Root/TeaSpeak/rtclib/glib-2.66.2/../build_libraries/include/glib-2.0/gio
Installing /home/user/TeaSpeak/Server/Root/TeaSpeak/rtclib/glib-2.66.2/gio/gdbusmenumodel.h to /home/user/TeaSpeak/Server/Root/TeaSpeak/rtclib/glib-2.66.2/../build_libraries/include/glib-2.0/gio
Installing /home/user/TeaSpeak/Server/Root/TeaSpeak/rtclib/glib-2.66.2/gio/gnotification.h to /home/user/TeaSpeak/Server/Root/TeaSpeak/rtclib/glib-2.66.2/../build_libraries/include/glib-2.0/gio
Installing /home/user/TeaSpeak/Server/Root/TeaSpeak/rtclib/glib-2.66.2/gio/gsettingsbackend.h to /home/user/TeaSpeak/Server/Root/TeaSpeak/rtclib/glib-2.66.2/../build_libraries/include/glib-2.0/gio
Installing /home/user/TeaSpeak/Server/Root/TeaSpeak/rtclib/glib-2.66.2/gio/gsettingsschema.h to /home/user/TeaSpeak/Server/Root/TeaSpeak/rtclib/glib-2.66.2/../build_libraries/include/glib-2.0/gio
Installing /home/user/TeaSpeak/Server/Root/TeaSpeak/rtclib/glib-2.66.2/gio/gsettings.h to /home/user/TeaSpeak/Server/Root/TeaSpeak/rtclib/glib-2.66.2/../build_libraries/include/glib-2.0/gio
Installing /home/user/TeaSpeak/Server/Root/TeaSpeak/rtclib/glib-2.66.2/gio/gdbusauthobserver.h to /home/user/TeaSpeak/Server/Root/TeaSpeak/rtclib/glib-2.66.2/../build_libraries/include/glib-2.0/gio
Installing /home/user/TeaSpeak/Server/Root/TeaSpeak/rtclib/glib-2.66.2/gio/gcredentials.h to /home/user/TeaSpeak/Server/Root/TeaSpeak/rtclib/glib-2.66.2/../build_libraries/include/glib-2.0/gio
Installing /home/user/TeaSpeak/Server/Root/TeaSpeak/rtclib/glib-2.66.2/gio/gdbusutils.h to /home/user/TeaSpeak/Server/Root/TeaSpeak/rtclib/glib-2.66.2/../build_libraries/include/glib-2.0/gio
Installing /home/user/TeaSpeak/Server/Root/TeaSpeak/rtclib/glib-2.66.2/gio/gdbuserror.h to /home/user/TeaSpeak/Server/Root/TeaSpeak/rtclib/glib-2.66.2/../build_libraries/include/glib-2.0/gio
Installing /home/user/TeaSpeak/Server/Root/TeaSpeak/rtclib/glib-2.66.2/gio/gdbusaddress.h to /home/user/TeaSpeak/Server/Root/TeaSpeak/rtclib/glib-2.66.2/../build_libraries/include/glib-2.0/gio
Installing /home/user/TeaSpeak/Server/Root/TeaSpeak/rtclib/glib-2.66.2/gio/gdbusconnection.h to /home/user/TeaSpeak/Server/Root/TeaSpeak/rtclib/glib-2.66.2/../build_libraries/include/glib-2.0/gio
Installing /home/user/TeaSpeak/Server/Root/TeaSpeak/rtclib/glib-2.66.2/gio/gdbusmessage.h to /home/user/TeaSpeak/Server/Root/TeaSpeak/rtclib/glib-2.66.2/../build_libraries/include/glib-2.0/gio
Installing /home/user/TeaSpeak/Server/Root/TeaSpeak/rtclib/glib-2.66.2/gio/gdbusnameowning.h to /home/user/TeaSpeak/Server/Root/TeaSpeak/rtclib/glib-2.66.2/../build_libraries/include/glib-2.0/gio
Installing /home/user/TeaSpeak/Server/Root/TeaSpeak/rtclib/glib-2.66.2/gio/gdbusnamewatching.h to /home/user/TeaSpeak/Server/Root/TeaSpeak/rtclib/glib-2.66.2/../build_libraries/include/glib-2.0/gio
Installing /home/user/TeaSpeak/Server/Root/TeaSpeak/rtclib/glib-2.66.2/gio/gdbusproxy.h to /home/user/TeaSpeak/Server/Root/TeaSpeak/rtclib/glib-2.66.2/../build_libraries/include/glib-2.0/gio
Installing /home/user/TeaSpeak/Server/Root/TeaSpeak/rtclib/glib-2.66.2/gio/gdbusintrospection.h to /home/user/TeaSpeak/Server/Root/TeaSpeak/rtclib/glib-2.66.2/../build_libraries/include/glib-2.0/gio
Installing /home/user/TeaSpeak/Server/Root/TeaSpeak/rtclib/glib-2.66.2/gio/gdbusmethodinvocation.h to /home/user/TeaSpeak/Server/Root/TeaSpeak/rtclib/glib-2.66.2/../build_libraries/include/glib-2.0/gio
Installing /home/user/TeaSpeak/Server/Root/TeaSpeak/rtclib/glib-2.66.2/gio/gdbusserver.h to /home/user/TeaSpeak/Server/Root/TeaSpeak/rtclib/glib-2.66.2/../build_libraries/include/glib-2.0/gio
Installing /home/user/TeaSpeak/Server/Root/TeaSpeak/rtclib/glib-2.66.2/gio/gdbusinterface.h to /home/user/TeaSpeak/Server/Root/TeaSpeak/rtclib/glib-2.66.2/../build_libraries/include/glib-2.0/gio
Installing /home/user/TeaSpeak/Server/Root/TeaSpeak/rtclib/glib-2.66.2/gio/gdbusinterfaceskeleton.h to /home/user/TeaSpeak/Server/Root/TeaSpeak/rtclib/glib-2.66.2/../build_libraries/include/glib-2.0/gio
Installing /home/user/TeaSpeak/Server/Root/TeaSpeak/rtclib/glib-2.66.2/gio/gdbusobject.h to /home/user/TeaSpeak/Server/Root/TeaSpeak/rtclib/glib-2.66.2/../build_libraries/include/glib-2.0/gio
Installing /home/user/TeaSpeak/Server/Root/TeaSpeak/rtclib/glib-2.66.2/gio/gdbusobjectskeleton.h to /home/user/TeaSpeak/Server/Root/TeaSpeak/rtclib/glib-2.66.2/../build_libraries/include/glib-2.0/gio
Installing /home/user/TeaSpeak/Server/Root/TeaSpeak/rtclib/glib-2.66.2/gio/gdbusobjectproxy.h to /home/user/TeaSpeak/Server/Root/TeaSpeak/rtclib/glib-2.66.2/../build_libraries/include/glib-2.0/gio
Installing /home/user/TeaSpeak/Server/Root/TeaSpeak/rtclib/glib-2.66.2/gio/gdbusobjectmanager.h to /home/user/TeaSpeak/Server/Root/TeaSpeak/rtclib/glib-2.66.2/../build_libraries/include/glib-2.0/gio
Installing /home/user/TeaSpeak/Server/Root/TeaSpeak/rtclib/glib-2.66.2/gio/gdbusobjectmanagerclient.h to /home/user/TeaSpeak/Server/Root/TeaSpeak/rtclib/glib-2.66.2/../build_libraries/include/glib-2.0/gio
Installing /home/user/TeaSpeak/Server/Root/TeaSpeak/rtclib/glib-2.66.2/gio/gdbusobjectmanagerserver.h to /home/user/TeaSpeak/Server/Root/TeaSpeak/rtclib/glib-2.66.2/../build_libraries/include/glib-2.0/gio
Installing /home/user/TeaSpeak/Server/Root/TeaSpeak/rtclib/glib-2.66.2/gio/gtestdbus.h to /home/user/TeaSpeak/Server/Root/TeaSpeak/rtclib/glib-2.66.2/../build_libraries/include/glib-2.0/gio
Installing /home/user/TeaSpeak/Server/Root/TeaSpeak/rtclib/glib-2.66.2/subprojects/libffi/man/ffi.3 to /home/user/TeaSpeak/Server/Root/TeaSpeak/rtclib/glib-2.66.2/../build_libraries/share/man/man3
Installing /home/user/TeaSpeak/Server/Root/TeaSpeak/rtclib/glib-2.66.2/subprojects/libffi/man/ffi_call.3 to /home/user/TeaSpeak/Server/Root/TeaSpeak/rtclib/glib-2.66.2/../build_libraries/share/man/man3
Installing /home/user/TeaSpeak/Server/Root/TeaSpeak/rtclib/glib-2.66.2/subprojects/libffi/man/ffi_prep_cif.3 to /home/user/TeaSpeak/Server/Root/TeaSpeak/rtclib/glib-2.66.2/../build_libraries/share/man/man3
Installing /home/user/TeaSpeak/Server/Root/TeaSpeak/rtclib/glib-2.66.2/subprojects/libffi/man/ffi_prep_cif_var.3 to /home/user/TeaSpeak/Server/Root/TeaSpeak/rtclib/glib-2.66.2/../build_libraries/share/man/man3
Installing /home/user/TeaSpeak/Server/Root/TeaSpeak/rtclib/glib-2.66.2/build_/subprojects/libffi/include/ffi-x86_64.h to /home/user/TeaSpeak/Server/Root/TeaSpeak/rtclib/glib-2.66.2/../build_libraries/include
Installing /home/user/TeaSpeak/Server/Root/TeaSpeak/rtclib/glib-2.66.2/build_/subprojects/libffi/include/ffitarget-x86_64.h to /home/user/TeaSpeak/Server/Root/TeaSpeak/rtclib/glib-2.66.2/../build_libraries/include
Installing /home/user/TeaSpeak/Server/Root/TeaSpeak/rtclib/glib-2.66.2/build_/subprojects/libffi/include/ffitarget.h to /home/user/TeaSpeak/Server/Root/TeaSpeak/rtclib/glib-2.66.2/../build_libraries/include
Installing /home/user/TeaSpeak/Server/Root/TeaSpeak/rtclib/glib-2.66.2/build_/subprojects/libffi/include/ffi.h to /home/user/TeaSpeak/Server/Root/TeaSpeak/rtclib/glib-2.66.2/../build_libraries/include
Installing /home/user/TeaSpeak/Server/Root/TeaSpeak/rtclib/glib-2.66.2/build_/meson-private/libffi.pc to /home/user/TeaSpeak/Server/Root/TeaSpeak/rtclib/glib-2.66.2/../build_libraries/lib/x86_64-linux-gnu/pkgconfig
Installing /home/user/TeaSpeak/Server/Root/TeaSpeak/rtclib/glib-2.66.2/build_/glib/glibconfig.h to /home/user/TeaSpeak/Server/Root/TeaSpeak/rtclib/glib-2.66.2/../build_libraries/lib/x86_64-linux-gnu/glib-2.0/include
Installing /home/user/TeaSpeak/Server/Root/TeaSpeak/rtclib/glib-2.66.2/build_/meson-private/glib-2.0.pc to /home/user/TeaSpeak/Server/Root/TeaSpeak/rtclib/glib-2.66.2/../build_libraries/lib/x86_64-linux-gnu/pkgconfig
Installing /home/user/TeaSpeak/Server/Root/TeaSpeak/rtclib/glib-2.66.2/build_/glib/gtester-report to /home/user/TeaSpeak/Server/Root/TeaSpeak/rtclib/glib-2.66.2/../build_libraries/bin
Installing /home/user/TeaSpeak/Server/Root/TeaSpeak/rtclib/glib-2.66.2/glib/glib_gdb.py to /home/user/TeaSpeak/Server/Root/TeaSpeak/rtclib/glib-2.66.2/../build_libraries/share/glib-2.0/gdb
Installing /home/user/TeaSpeak/Server/Root/TeaSpeak/rtclib/glib-2.66.2/build_/glib/libglib-2.0.so.0.6600.2-gdb.py to /home/user/TeaSpeak/Server/Root/TeaSpeak/rtclib/glib-2.66.2/../build_libraries/share/gdb/auto-load/.//home/user/TeaSpeak/Server/Root/TeaSpeak/rtclib/glib-2.66.2/../build_libraries/lib/x86_64-linux-gnu
Installing /home/user/TeaSpeak/Server/Root/TeaSpeak/rtclib/glib-2.66.2/build_/gobject/glib-genmarshal to /home/user/TeaSpeak/Server/Root/TeaSpeak/rtclib/glib-2.66.2/../build_libraries/bin
Installing /home/user/TeaSpeak/Server/Root/TeaSpeak/rtclib/glib-2.66.2/build_/gobject/glib-mkenums to /home/user/TeaSpeak/Server/Root/TeaSpeak/rtclib/glib-2.66.2/../build_libraries/bin
Installing /home/user/TeaSpeak/Server/Root/TeaSpeak/rtclib/glib-2.66.2/build_/meson-private/gobject-2.0.pc to /home/user/TeaSpeak/Server/Root/TeaSpeak/rtclib/glib-2.66.2/../build_libraries/lib/x86_64-linux-gnu/pkgconfig
Installing /home/user/TeaSpeak/Server/Root/TeaSpeak/rtclib/glib-2.66.2/gobject/gobject_gdb.py to /home/user/TeaSpeak/Server/Root/TeaSpeak/rtclib/glib-2.66.2/../build_libraries/share/glib-2.0/gdb
Installing /home/user/TeaSpeak/Server/Root/TeaSpeak/rtclib/glib-2.66.2/build_/gobject/libgobject-2.0.so.0.6600.2-gdb.py to /home/user/TeaSpeak/Server/Root/TeaSpeak/rtclib/glib-2.66.2/../build_libraries/share/gdb/auto-load/.//home/user/TeaSpeak/Server/Root/TeaSpeak/rtclib/glib-2.66.2/../build_libraries/lib/x86_64-linux-gnu
Installing /home/user/TeaSpeak/Server/Root/TeaSpeak/rtclib/glib-2.66.2/build_/meson-private/gthread-2.0.pc to /home/user/TeaSpeak/Server/Root/TeaSpeak/rtclib/glib-2.66.2/../build_libraries/lib/x86_64-linux-gnu/pkgconfig
Installing /home/user/TeaSpeak/Server/Root/TeaSpeak/rtclib/glib-2.66.2/build_/meson-private/gmodule-no-export-2.0.pc to /home/user/TeaSpeak/Server/Root/TeaSpeak/rtclib/glib-2.66.2/../build_libraries/lib/x86_64-linux-gnu/pkgconfig
Installing /home/user/TeaSpeak/Server/Root/TeaSpeak/rtclib/glib-2.66.2/build_/meson-private/gmodule-export-2.0.pc to /home/user/TeaSpeak/Server/Root/TeaSpeak/rtclib/glib-2.66.2/../build_libraries/lib/x86_64-linux-gnu/pkgconfig
Installing /home/user/TeaSpeak/Server/Root/TeaSpeak/rtclib/glib-2.66.2/build_/meson-private/gmodule-2.0.pc to /home/user/TeaSpeak/Server/Root/TeaSpeak/rtclib/glib-2.66.2/../build_libraries/lib/x86_64-linux-gnu/pkgconfig
Installing /home/user/TeaSpeak/Server/Root/TeaSpeak/rtclib/glib-2.66.2/build_/gio/gnetworking.h to /home/user/TeaSpeak/Server/Root/TeaSpeak/rtclib/glib-2.66.2/../build_libraries/include/glib-2.0/gio
Installing /home/user/TeaSpeak/Server/Root/TeaSpeak/rtclib/glib-2.66.2/build_/gio/gdbus-2.0/codegen/gdbus-codegen to /home/user/TeaSpeak/Server/Root/TeaSpeak/rtclib/glib-2.66.2/../build_libraries/bin
Installing /home/user/TeaSpeak/Server/Root/TeaSpeak/rtclib/glib-2.66.2/build_/gio/gdbus-2.0/codegen/config.py to /home/user/TeaSpeak/Server/Root/TeaSpeak/rtclib/glib-2.66.2/../build_libraries/share/glib-2.0/codegen
Installing /home/user/TeaSpeak/Server/Root/TeaSpeak/rtclib/glib-2.66.2/build_/gio/gdbus-2.0/codegen/__init__.py to /home/user/TeaSpeak/Server/Root/TeaSpeak/rtclib/glib-2.66.2/../build_libraries/share/glib-2.0/codegen
Installing /home/user/TeaSpeak/Server/Root/TeaSpeak/rtclib/glib-2.66.2/build_/gio/gdbus-2.0/codegen/codegen.py to /home/user/TeaSpeak/Server/Root/TeaSpeak/rtclib/glib-2.66.2/../build_libraries/share/glib-2.0/codegen
Installing /home/user/TeaSpeak/Server/Root/TeaSpeak/rtclib/glib-2.66.2/build_/gio/gdbus-2.0/codegen/codegen_main.py to /home/user/TeaSpeak/Server/Root/TeaSpeak/rtclib/glib-2.66.2/../build_libraries/share/glib-2.0/codegen
Installing /home/user/TeaSpeak/Server/Root/TeaSpeak/rtclib/glib-2.66.2/build_/gio/gdbus-2.0/codegen/codegen_docbook.py to /home/user/TeaSpeak/Server/Root/TeaSpeak/rtclib/glib-2.66.2/../build_libraries/share/glib-2.0/codegen
Installing /home/user/TeaSpeak/Server/Root/TeaSpeak/rtclib/glib-2.66.2/build_/gio/gdbus-2.0/codegen/dbustypes.py to /home/user/TeaSpeak/Server/Root/TeaSpeak/rtclib/glib-2.66.2/../build_libraries/share/glib-2.0/codegen
Installing /home/user/TeaSpeak/Server/Root/TeaSpeak/rtclib/glib-2.66.2/build_/gio/gdbus-2.0/codegen/parser.py to /home/user/TeaSpeak/Server/Root/TeaSpeak/rtclib/glib-2.66.2/../build_libraries/share/glib-2.0/codegen
Installing /home/user/TeaSpeak/Server/Root/TeaSpeak/rtclib/glib-2.66.2/build_/gio/gdbus-2.0/codegen/utils.py to /home/user/TeaSpeak/Server/Root/TeaSpeak/rtclib/glib-2.66.2/../build_libraries/share/glib-2.0/codegen
Installing /home/user/TeaSpeak/Server/Root/TeaSpeak/rtclib/glib-2.66.2/gio/completion/gapplication to /home/user/TeaSpeak/Server/Root/TeaSpeak/rtclib/glib-2.66.2/../build_libraries/share/bash-completion/completions
Installing /home/user/TeaSpeak/Server/Root/TeaSpeak/rtclib/glib-2.66.2/gio/completion/gdbus to /home/user/TeaSpeak/Server/Root/TeaSpeak/rtclib/glib-2.66.2/../build_libraries/share/bash-completion/completions
Installing /home/user/TeaSpeak/Server/Root/TeaSpeak/rtclib/glib-2.66.2/gio/completion/gio to /home/user/TeaSpeak/Server/Root/TeaSpeak/rtclib/glib-2.66.2/../build_libraries/share/bash-completion/completions
Installing /home/user/TeaSpeak/Server/Root/TeaSpeak/rtclib/glib-2.66.2/gio/completion/gsettings to /home/user/TeaSpeak/Server/Root/TeaSpeak/rtclib/glib-2.66.2/../build_libraries/share/bash-completion/completions
Installing /home/user/TeaSpeak/Server/Root/TeaSpeak/rtclib/glib-2.66.2/gio/completion/gresource to /home/user/TeaSpeak/Server/Root/TeaSpeak/rtclib/glib-2.66.2/../build_libraries/share/bash-completion/completions
Installing /home/user/TeaSpeak/Server/Root/TeaSpeak/rtclib/glib-2.66.2/build_/meson-private/gio-2.0.pc to /home/user/TeaSpeak/Server/Root/TeaSpeak/rtclib/glib-2.66.2/../build_libraries/lib/x86_64-linux-gnu/pkgconfig
Installing /home/user/TeaSpeak/Server/Root/TeaSpeak/rtclib/glib-2.66.2/build_/meson-private/gio-unix-2.0.pc to /home/user/TeaSpeak/Server/Root/TeaSpeak/rtclib/glib-2.66.2/../build_libraries/lib/x86_64-linux-gnu/pkgconfig
Installing /home/user/TeaSpeak/Server/Root/TeaSpeak/rtclib/glib-2.66.2/gio/gschema.dtd to /home/user/TeaSpeak/Server/Root/TeaSpeak/rtclib/glib-2.66.2/../build_libraries/share/glib-2.0/schemas
Installing /home/user/TeaSpeak/Server/Root/TeaSpeak/rtclib/glib-2.66.2/gio/gschema.loc to /home/user/TeaSpeak/Server/Root/TeaSpeak/rtclib/glib-2.66.2/../build_libraries/share/gettext/its
Installing /home/user/TeaSpeak/Server/Root/TeaSpeak/rtclib/glib-2.66.2/gio/gschema.its to /home/user/TeaSpeak/Server/Root/TeaSpeak/rtclib/glib-2.66.2/../build_libraries/share/gettext/its
Installing /home/user/TeaSpeak/Server/Root/TeaSpeak/rtclib/glib-2.66.2/build_/glib-gettextize to /home/user/TeaSpeak/Server/Root/TeaSpeak/rtclib/glib-2.66.2/../build_libraries/bin
Installing /home/user/TeaSpeak/Server/Root/TeaSpeak/rtclib/glib-2.66.2/m4macros/glib-2.0.m4 to /home/user/TeaSpeak/Server/Root/TeaSpeak/rtclib/glib-2.66.2/../build_libraries/share/aclocal
Installing /home/user/TeaSpeak/Server/Root/TeaSpeak/rtclib/glib-2.66.2/m4macros/glib-gettext.m4 to /home/user/TeaSpeak/Server/Root/TeaSpeak/rtclib/glib-2.66.2/../build_libraries/share/aclocal
Installing /home/user/TeaSpeak/Server/Root/TeaSpeak/rtclib/glib-2.66.2/m4macros/gsettings.m4 to /home/user/TeaSpeak/Server/Root/TeaSpeak/rtclib/glib-2.66.2/../build_libraries/share/aclocal
Installing /home/user/TeaSpeak/Server/Root/TeaSpeak/rtclib/glib-2.66.2/glib.supp to /home/user/TeaSpeak/Server/Root/TeaSpeak/rtclib/glib-2.66.2/../build_libraries/share/glib-2.0/valgrind
    Updating crates.io index
    Updating git repository `https://github.com/WolverinDEV/rust-libnice.git`
    Updating git repository `https://github.com/WolverinDEV/rust-webrtc.git`
error: failed to get `webrtc_lib` as a dependency of package `teaspeak-webrtc v0.1.1 (/home/user/TeaSpeak/Server/Root/TeaSpeak/rtclib)`

Caused by:
  failed to load source for dependency `webrtc_lib`

Caused by:
  Unable to update https://github.com/WolverinDEV/rust-webrtc.git

Caused by:
  failed to parse manifest at `/root/.cargo/git/checkouts/rust-webrtc-96174f0b363793df/58d3316/Cargo.toml`

Caused by:
  dependency (slog) specified without providing a local path, Git repository, version, or workspace dependency to use
