This is an automated jenkins build. Initializing variables.
Initializing optimized session.
Disabling web support
Build type: RelWithDebInfo
> cmake .. -DCMAKE_BUILD_TYPE="RelWithDebInfo" -DCMAKE_CXX_FLAGS="" -DBUILD_INCLUDE_FILE="/home/user/TeaSpeak/Server/Root/build-helpers//cmake/config/tearoot-server.cmake" -DCMAKE_MODULE_PATH="/home/user/TeaSpeak/Server/Root/build-helpers//cmake/" -DDISABLE_QT=1 -DDISABLE_CUSTOM_OUTPUT=ON -DDISABLE_QT=ON -DCOMPILE_WEB_CLIENT="OFF" -DBUILD_TYPE=1 -DBUILD_TYPE_NAME=beta -Dmysql_ROOT_DIR="/home/user/TeaSpeak/Server/Root/TeaSpeak/build/../../../mysql-server/out"
-- Found libevent 2.2.1 in /home/user/TeaSpeak/Server/Root/libraries/event/out/linux_amd64
-- Found libevent 2.2.1 in /home/user/TeaSpeak/Server/Root/libraries/event/out/linux_amd64
-- Found libevent 2.2.1 in /home/user/TeaSpeak/Server/Root/libraries/event/out/linux_amd64
-- Configuring done (0.3s)
-- Generating done (0.8s)
-- Build files have been written to: /home/user/TeaSpeak/Server/Root/TeaSpeak/build
Warning: Failed to build ffmpeg (2) - skipping optional component
Warning: Failed to build YT (2) - skipping optional component
[  0%] Linking CXX static library libTeaSpeak.a
[ 25%] Built target TeaSpeak
[ 25%] Running cpp protocol buffer compiler on shared/packets/LicenseRequest.proto
[ 25%] Running cpp protocol buffer compiler on shared/packets/LicenseManager.proto
[ 25%] Building CXX object file/CMakeFiles/TeaSpeak-FileServer.dir/local_server/LocalFileProvider.cpp.o
[ 25%] Building CXX object MusicBot/CMakeFiles/TeaMusic.dir/src/MusicPlayer.cpp.o
[ 25%] Building CXX object file/CMakeFiles/TeaSpeak-FileServer.dir/local_server/LocalFileSystem.cpp.o
[ 25%] Building CXX object file/CMakeFiles/TeaSpeak-FileServer.dir/local_server/LocalFileTransfer.cpp.o
[ 29%] Building CXX object file/CMakeFiles/TeaSpeak-FileServer.dir/local_server/LocalFileTransferClientWorker.cpp.o
[ 29%] Building CXX object license/CMakeFiles/TeaLicenseHelper.dir/shared/src/license.cpp.o
[ 33%] Building CXX object license/CMakeFiles/TeaLicenseHelper.dir/shared/src/client.cpp.o
[ 33%] Building CXX object license/CMakeFiles/TeaLicenseHelper.dir/LicenseRequest.pb.cc.o
[ 33%] Building CXX object license/CMakeFiles/TeaLicenseHelper.dir/LicenseManager.pb.cc.o
Failed to build server (2)
