This is an automated jenkins build. Initializing variables.
Initializing optimized session.
ninja: Entering directory `/home/user/TeaSpeak/Server/Root/TeaSpeak/rtclib/glib-2.66.2/build_'
ninja: no work to do.
Installing subprojects/libffi/src/libffi.a to /home/user/TeaSpeak/Server/Root/TeaSpeak/rtclib/glib-2.66.2/../build_libraries/lib/x86_64-linux-gnu
Installing glib/libglib-2.0.a to /home/user/TeaSpeak/Server/Root/TeaSpeak/rtclib/glib-2.66.2/../build_libraries/lib/x86_64-linux-gnu
Installing glib/gtester to /home/user/TeaSpeak/Server/Root/TeaSpeak/rtclib/glib-2.66.2/../build_libraries/bin
Installing gobject/glib-enumtypes.h to /home/user/TeaSpeak/Server/Root/TeaSpeak/rtclib/glib-2.66.2/../build_libraries/include/glib-2.0/gobject
Installing gobject/libgobject-2.0.a to /home/user/TeaSpeak/Server/Root/TeaSpeak/rtclib/glib-2.66.2/../build_libraries/lib/x86_64-linux-gnu
Installing gobject/gobject-query to /home/user/TeaSpeak/Server/Root/TeaSpeak/rtclib/glib-2.66.2/../build_libraries/bin
Installing gthread/libgthread-2.0.a to /home/user/TeaSpeak/Server/Root/TeaSpeak/rtclib/glib-2.66.2/../build_libraries/lib/x86_64-linux-gnu
Installing gmodule/libgmodule-2.0.a to /home/user/TeaSpeak/Server/Root/TeaSpeak/rtclib/glib-2.66.2/../build_libraries/lib/x86_64-linux-gnu
Installing gio/gioenumtypes.h to /home/user/TeaSpeak/Server/Root/TeaSpeak/rtclib/glib-2.66.2/../build_libraries/include/glib-2.0/gio
Installing gio/libgio-2.0.a to /home/user/TeaSpeak/Server/Root/TeaSpeak/rtclib/glib-2.66.2/../build_libraries/lib/x86_64-linux-gnu
Installing gio/gio to /home/user/TeaSpeak/Server/Root/TeaSpeak/rtclib/glib-2.66.2/../build_libraries/bin
Installing gio/gresource to /home/user/TeaSpeak/Server/Root/TeaSpeak/rtclib/glib-2.66.2/../build_libraries/bin
Installing gio/gio-querymodules to /home/user/TeaSpeak/Server/Root/TeaSpeak/rtclib/glib-2.66.2/../build_libraries/bin
Installing gio/glib-compile-schemas to /home/user/TeaSpeak/Server/Root/TeaSpeak/rtclib/glib-2.66.2/../build_libraries/bin
Installing gio/glib-compile-resources to /home/user/TeaSpeak/Server/Root/TeaSpeak/rtclib/glib-2.66.2/../build_libraries/bin
Installing gio/gsettings to /home/user/TeaSpeak/Server/Root/TeaSpeak/rtclib/glib-2.66.2/../build_libraries/bin
Installing gio/gdbus to /home/user/TeaSpeak/Server/Root/TeaSpeak/rtclib/glib-2.66.2/../build_libraries/bin
Installing gio/gapplication to /home/user/TeaSpeak/Server/Root/TeaSpeak/rtclib/glib-2.66.2/../build_libraries/bin
Installing /home/user/TeaSpeak/Server/Root/TeaSpeak/rtclib/glib-2.66.2/glib/glib.h to /home/user/TeaSpeak/Server/Root/TeaSpeak/rtclib/glib-2.66.2/../build_libraries/include/glib-2.0
Installing /home/user/TeaSpeak/Server/Root/TeaSpeak/rtclib/glib-2.66.2/glib/glib-unix.h to /home/user/TeaSpeak/Server/Root/TeaSpeak/rtclib/glib-2.66.2/../build_libraries/include/glib-2.0
Installing /home/user/TeaSpeak/Server/Root/TeaSpeak/rtclib/glib-2.66.2/glib/glib-object.h to /home/user/TeaSpeak/Server/Root/TeaSpeak/rtclib/glib-2.66.2/../build_libraries/include/glib-2.0
Installing /home/user/TeaSpeak/Server/Root/TeaSpeak/rtclib/glib-2.66.2/glib/deprecated/gallocator.h to /home/user/TeaSpeak/Server/Root/TeaSpeak/rtclib/glib-2.66.2/../build_libraries/include/glib-2.0/glib/deprecated
Installing /home/user/TeaSpeak/Server/Root/TeaSpeak/rtclib/glib-2.66.2/glib/deprecated/gcache.h to /home/user/TeaSpeak/Server/Root/TeaSpeak/rtclib/glib-2.66.2/../build_libraries/include/glib-2.0/glib/deprecated
Installing /home/user/TeaSpeak/Server/Root/TeaSpeak/rtclib/glib-2.66.2/glib/deprecated/gcompletion.h to /home/user/TeaSpeak/Server/Root/TeaSpeak/rtclib/glib-2.66.2/../build_libraries/include/glib-2.0/glib/deprecated
Installing /home/user/TeaSpeak/Server/Root/TeaSpeak/rtclib/glib-2.66.2/glib/deprecated/gmain.h to /home/user/TeaSpeak/Server/Root/TeaSpeak/rtclib/glib-2.66.2/../build_libraries/include/glib-2.0/glib/deprecated
Installing /home/user/TeaSpeak/Server/Root/TeaSpeak/rtclib/glib-2.66.2/glib/deprecated/grel.h to /home/user/TeaSpeak/Server/Root/TeaSpeak/rtclib/glib-2.66.2/../build_libraries/include/glib-2.0/glib/deprecated
Installing /home/user/TeaSpeak/Server/Root/TeaSpeak/rtclib/glib-2.66.2/glib/deprecated/gthread.h to /home/user/TeaSpeak/Server/Root/TeaSpeak/rtclib/glib-2.66.2/../build_libraries/include/glib-2.0/glib/deprecated
Installing /home/user/TeaSpeak/Server/Root/TeaSpeak/rtclib/glib-2.66.2/glib/glib-autocleanups.h to /home/user/TeaSpeak/Server/Root/TeaSpeak/rtclib/glib-2.66.2/../build_libraries/include/glib-2.0/glib
Installing /home/user/TeaSpeak/Server/Root/TeaSpeak/rtclib/glib-2.66.2/glib/galloca.h to /home/user/TeaSpeak/Server/Root/TeaSpeak/rtclib/glib-2.66.2/../build_libraries/include/glib-2.0/glib
Installing /home/user/TeaSpeak/Server/Root/TeaSpeak/rtclib/glib-2.66.2/glib/garray.h to /home/user/TeaSpeak/Server/Root/TeaSpeak/rtclib/glib-2.66.2/../build_libraries/include/glib-2.0/glib
Installing /home/user/TeaSpeak/Server/Root/TeaSpeak/rtclib/glib-2.66.2/glib/gasyncqueue.h to /home/user/TeaSpeak/Server/Root/TeaSpeak/rtclib/glib-2.66.2/../build_libraries/include/glib-2.0/glib
Installing /home/user/TeaSpeak/Server/Root/TeaSpeak/rtclib/glib-2.66.2/glib/gatomic.h to /home/user/TeaSpeak/Server/Root/TeaSpeak/rtclib/glib-2.66.2/../build_libraries/include/glib-2.0/glib
Installing /home/user/TeaSpeak/Server/Root/TeaSpeak/rtclib/glib-2.66.2/glib/gbacktrace.h to /home/user/TeaSpeak/Server/Root/TeaSpeak/rtclib/glib-2.66.2/../build_libraries/include/glib-2.0/glib
Installing /home/user/TeaSpeak/Server/Root/TeaSpeak/rtclib/glib-2.66.2/glib/gbase64.h to /home/user/TeaSpeak/Server/Root/TeaSpeak/rtclib/glib-2.66.2/../build_libraries/include/glib-2.0/glib
Installing /home/user/TeaSpeak/Server/Root/TeaSpeak/rtclib/glib-2.66.2/glib/gbitlock.h to /home/user/TeaSpeak/Server/Root/TeaSpeak/rtclib/glib-2.66.2/../build_libraries/include/glib-2.0/glib
Installing /home/user/TeaSpeak/Server/Root/TeaSpeak/rtclib/glib-2.66.2/glib/gbookmarkfile.h to /home/user/TeaSpeak/Server/Root/TeaSpeak/rtclib/glib-2.66.2/../build_libraries/include/glib-2.0/glib
Installing /home/user/TeaSpeak/Server/Root/TeaSpeak/rtclib/glib-2.66.2/glib/gbytes.h to /home/user/TeaSpeak/Server/Root/TeaSpeak/rtclib/glib-2.66.2/../build_libraries/include/glib-2.0/glib
Installing /home/user/TeaSpeak/Server/Root/TeaSpeak/rtclib/glib-2.66.2/glib/gcharset.h to /home/user/TeaSpeak/Server/Root/TeaSpeak/rtclib/glib-2.66.2/../build_libraries/include/glib-2.0/glib
Installing /home/user/TeaSpeak/Server/Root/TeaSpeak/rtclib/glib-2.66.2/glib/gchecksum.h to /home/user/TeaSpeak/Server/Root/TeaSpeak/rtclib/glib-2.66.2/../build_libraries/include/glib-2.0/glib
Installing /home/user/TeaSpeak/Server/Root/TeaSpeak/rtclib/glib-2.66.2/glib/gconvert.h to /home/user/TeaSpeak/Server/Root/TeaSpeak/rtclib/glib-2.66.2/../build_libraries/include/glib-2.0/glib
Installing /home/user/TeaSpeak/Server/Root/TeaSpeak/rtclib/glib-2.66.2/glib/gdataset.h to /home/user/TeaSpeak/Server/Root/TeaSpeak/rtclib/glib-2.66.2/../build_libraries/include/glib-2.0/glib
Installing /home/user/TeaSpeak/Server/Root/TeaSpeak/rtclib/glib-2.66.2/glib/gdate.h to /home/user/TeaSpeak/Server/Root/TeaSpeak/rtclib/glib-2.66.2/../build_libraries/include/glib-2.0/glib
Installing /home/user/TeaSpeak/Server/Root/TeaSpeak/rtclib/glib-2.66.2/glib/gdatetime.h to /home/user/TeaSpeak/Server/Root/TeaSpeak/rtclib/glib-2.66.2/../build_libraries/include/glib-2.0/glib
Installing /home/user/TeaSpeak/Server/Root/TeaSpeak/rtclib/glib-2.66.2/glib/gdir.h to /home/user/TeaSpeak/Server/Root/TeaSpeak/rtclib/glib-2.66.2/../build_libraries/include/glib-2.0/glib
Installing /home/user/TeaSpeak/Server/Root/TeaSpeak/rtclib/glib-2.66.2/glib/genviron.h to /home/user/TeaSpeak/Server/Root/TeaSpeak/rtclib/glib-2.66.2/../build_libraries/include/glib-2.0/glib
Installing /home/user/TeaSpeak/Server/Root/TeaSpeak/rtclib/glib-2.66.2/glib/gerror.h to /home/user/TeaSpeak/Server/Root/TeaSpeak/rtclib/glib-2.66.2/../build_libraries/include/glib-2.0/glib
Installing /home/user/TeaSpeak/Server/Root/TeaSpeak/rtclib/glib-2.66.2/glib/gfileutils.h to /home/user/TeaSpeak/Server/Root/TeaSpeak/rtclib/glib-2.66.2/../build_libraries/include/glib-2.0/glib
Installing /home/user/TeaSpeak/Server/Root/TeaSpeak/rtclib/glib-2.66.2/glib/ggettext.h to /home/user/TeaSpeak/Server/Root/TeaSpeak/rtclib/glib-2.66.2/../build_libraries/include/glib-2.0/glib
Installing /home/user/TeaSpeak/Server/Root/TeaSpeak/rtclib/glib-2.66.2/glib/ghash.h to /home/user/TeaSpeak/Server/Root/TeaSpeak/rtclib/glib-2.66.2/../build_libraries/include/glib-2.0/glib
Installing /home/user/TeaSpeak/Server/Root/TeaSpeak/rtclib/glib-2.66.2/glib/ghmac.h to /home/user/TeaSpeak/Server/Root/TeaSpeak/rtclib/glib-2.66.2/../build_libraries/include/glib-2.0/glib
Installing /home/user/TeaSpeak/Server/Root/TeaSpeak/rtclib/glib-2.66.2/glib/ghook.h to /home/user/TeaSpeak/Server/Root/TeaSpeak/rtclib/glib-2.66.2/../build_libraries/include/glib-2.0/glib
Installing /home/user/TeaSpeak/Server/Root/TeaSpeak/rtclib/glib-2.66.2/glib/ghostutils.h to /home/user/TeaSpeak/Server/Root/TeaSpeak/rtclib/glib-2.66.2/../build_libraries/include/glib-2.0/glib
Installing /home/user/TeaSpeak/Server/Root/TeaSpeak/rtclib/glib-2.66.2/glib/gi18n.h to /home/user/TeaSpeak/Server/Root/TeaSpeak/rtclib/glib-2.66.2/../build_libraries/include/glib-2.0/glib
Installing /home/user/TeaSpeak/Server/Root/TeaSpeak/rtclib/glib-2.66.2/glib/gi18n-lib.h to /home/user/TeaSpeak/Server/Root/TeaSpeak/rtclib/glib-2.66.2/../build_libraries/include/glib-2.0/glib
Installing /home/user/TeaSpeak/Server/Root/TeaSpeak/rtclib/glib-2.66.2/glib/giochannel.h to /home/user/TeaSpeak/Server/Root/TeaSpeak/rtclib/glib-2.66.2/../build_libraries/include/glib-2.0/glib
Installing /home/user/TeaSpeak/Server/Root/TeaSpeak/rtclib/glib-2.66.2/glib/gkeyfile.h to /home/user/TeaSpeak/Server/Root/TeaSpeak/rtclib/glib-2.66.2/../build_libraries/include/glib-2.0/glib
Installing /home/user/TeaSpeak/Server/Root/TeaSpeak/rtclib/glib-2.66.2/glib/glist.h to /home/user/TeaSpeak/Server/Root/TeaSpeak/rtclib/glib-2.66.2/../build_libraries/include/glib-2.0/glib
Installing /home/user/TeaSpeak/Server/Root/TeaSpeak/rtclib/glib-2.66.2/glib/gmacros.h to /home/user/TeaSpeak/Server/Root/TeaSpeak/rtclib/glib-2.66.2/../build_libraries/include/glib-2.0/glib
Installing /home/user/TeaSpeak/Server/Root/TeaSpeak/rtclib/glib-2.66.2/glib/gmain.h to /home/user/TeaSpeak/Server/Root/TeaSpeak/rtclib/glib-2.66.2/../build_libraries/include/glib-2.0/glib
Installing /home/user/TeaSpeak/Server/Root/TeaSpeak/rtclib/glib-2.66.2/glib/gmappedfile.h to /home/user/TeaSpeak/Server/Root/TeaSpeak/rtclib/glib-2.66.2/../build_libraries/include/glib-2.0/glib
Installing /home/user/TeaSpeak/Server/Root/TeaSpeak/rtclib/glib-2.66.2/glib/gmarkup.h to /home/user/TeaSpeak/Server/Root/TeaSpeak/rtclib/glib-2.66.2/../build_libraries/include/glib-2.0/glib
Installing /home/user/TeaSpeak/Server/Root/TeaSpeak/rtclib/glib-2.66.2/glib/gmem.h to /home/user/TeaSpeak/Server/Root/TeaSpeak/rtclib/glib-2.66.2/../build_libraries/include/glib-2.0/glib
Installing /home/user/TeaSpeak/Server/Root/TeaSpeak/rtclib/glib-2.66.2/glib/gmessages.h to /home/user/TeaSpeak/Server/Root/TeaSpeak/rtclib/glib-2.66.2/../build_libraries/include/glib-2.0/glib
Installing /home/user/TeaSpeak/Server/Root/TeaSpeak/rtclib/glib-2.66.2/glib/gnode.h to /home/user/TeaSpeak/Server/Root/TeaSpeak/rtclib/glib-2.66.2/../build_libraries/include/glib-2.0/glib
Installing /home/user/TeaSpeak/Server/Root/TeaSpeak/rtclib/glib-2.66.2/glib/goption.h to /home/user/TeaSpeak/Server/Root/TeaSpeak/rtclib/glib-2.66.2/../build_libraries/include/glib-2.0/glib
Installing /home/user/TeaSpeak/Server/Root/TeaSpeak/rtclib/glib-2.66.2/glib/gpattern.h to /home/user/TeaSpeak/Server/Root/TeaSpeak/rtclib/glib-2.66.2/../build_libraries/include/glib-2.0/glib
Installing /home/user/TeaSpeak/Server/Root/TeaSpeak/rtclib/glib-2.66.2/glib/gpoll.h to /home/user/TeaSpeak/Server/Root/TeaSpeak/rtclib/glib-2.66.2/../build_libraries/include/glib-2.0/glib
Installing /home/user/TeaSpeak/Server/Root/TeaSpeak/rtclib/glib-2.66.2/glib/gprimes.h to /home/user/TeaSpeak/Server/Root/TeaSpeak/rtclib/glib-2.66.2/../build_libraries/include/glib-2.0/glib
Installing /home/user/TeaSpeak/Server/Root/TeaSpeak/rtclib/glib-2.66.2/glib/gqsort.h to /home/user/TeaSpeak/Server/Root/TeaSpeak/rtclib/glib-2.66.2/../build_libraries/include/glib-2.0/glib
Installing /home/user/TeaSpeak/Server/Root/TeaSpeak/rtclib/glib-2.66.2/glib/gquark.h to /home/user/TeaSpeak/Server/Root/TeaSpeak/rtclib/glib-2.66.2/../build_libraries/include/glib-2.0/glib
Installing /home/user/TeaSpeak/Server/Root/TeaSpeak/rtclib/glib-2.66.2/glib/gqueue.h to /home/user/TeaSpeak/Server/Root/TeaSpeak/rtclib/glib-2.66.2/../build_libraries/include/glib-2.0/glib
Installing /home/user/TeaSpeak/Server/Root/TeaSpeak/rtclib/glib-2.66.2/glib/grand.h to /home/user/TeaSpeak/Server/Root/TeaSpeak/rtclib/glib-2.66.2/../build_libraries/include/glib-2.0/glib
Installing /home/user/TeaSpeak/Server/Root/TeaSpeak/rtclib/glib-2.66.2/glib/grcbox.h to /home/user/TeaSpeak/Server/Root/TeaSpeak/rtclib/glib-2.66.2/../build_libraries/include/glib-2.0/glib
Installing /home/user/TeaSpeak/Server/Root/TeaSpeak/rtclib/glib-2.66.2/glib/grefcount.h to /home/user/TeaSpeak/Server/Root/TeaSpeak/rtclib/glib-2.66.2/../build_libraries/include/glib-2.0/glib
Installing /home/user/TeaSpeak/Server/Root/TeaSpeak/rtclib/glib-2.66.2/glib/grefstring.h to /home/user/TeaSpeak/Server/Root/TeaSpeak/rtclib/glib-2.66.2/../build_libraries/include/glib-2.0/glib
Installing /home/user/TeaSpeak/Server/Root/TeaSpeak/rtclib/glib-2.66.2/glib/gregex.h to /home/user/TeaSpeak/Server/Root/TeaSpeak/rtclib/glib-2.66.2/../build_libraries/include/glib-2.0/glib
Installing /home/user/TeaSpeak/Server/Root/TeaSpeak/rtclib/glib-2.66.2/glib/gscanner.h to /home/user/TeaSpeak/Server/Root/TeaSpeak/rtclib/glib-2.66.2/../build_libraries/include/glib-2.0/glib
Installing /home/user/TeaSpeak/Server/Root/TeaSpeak/rtclib/glib-2.66.2/glib/gsequence.h to /home/user/TeaSpeak/Server/Root/TeaSpeak/rtclib/glib-2.66.2/../build_libraries/include/glib-2.0/glib
Installing /home/user/TeaSpeak/Server/Root/TeaSpeak/rtclib/glib-2.66.2/glib/gshell.h to /home/user/TeaSpeak/Server/Root/TeaSpeak/rtclib/glib-2.66.2/../build_libraries/include/glib-2.0/glib
Installing /home/user/TeaSpeak/Server/Root/TeaSpeak/rtclib/glib-2.66.2/glib/gslice.h to /home/user/TeaSpeak/Server/Root/TeaSpeak/rtclib/glib-2.66.2/../build_libraries/include/glib-2.0/glib
Installing /home/user/TeaSpeak/Server/Root/TeaSpeak/rtclib/glib-2.66.2/glib/gslist.h to /home/user/TeaSpeak/Server/Root/TeaSpeak/rtclib/glib-2.66.2/../build_libraries/include/glib-2.0/glib
Installing /home/user/TeaSpeak/Server/Root/TeaSpeak/rtclib/glib-2.66.2/glib/gspawn.h to /home/user/TeaSpeak/Server/Root/TeaSpeak/rtclib/glib-2.66.2/../build_libraries/include/glib-2.0/glib
Installing /home/user/TeaSpeak/Server/Root/TeaSpeak/rtclib/glib-2.66.2/glib/gstdio.h to /home/user/TeaSpeak/Server/Root/TeaSpeak/rtclib/glib-2.66.2/../build_libraries/include/glib-2.0/glib
Installing /home/user/TeaSpeak/Server/Root/TeaSpeak/rtclib/glib-2.66.2/glib/gstrfuncs.h to /home/user/TeaSpeak/Server/Root/TeaSpeak/rtclib/glib-2.66.2/../build_libraries/include/glib-2.0/glib
Installing /home/user/TeaSpeak/Server/Root/TeaSpeak/rtclib/glib-2.66.2/glib/gtestutils.h to /home/user/TeaSpeak/Server/Root/TeaSpeak/rtclib/glib-2.66.2/../build_libraries/include/glib-2.0/glib
Installing /home/user/TeaSpeak/Server/Root/TeaSpeak/rtclib/glib-2.66.2/glib/gstring.h to /home/user/TeaSpeak/Server/Root/TeaSpeak/rtclib/glib-2.66.2/../build_libraries/include/glib-2.0/glib
Installing /home/user/TeaSpeak/Server/Root/TeaSpeak/rtclib/glib-2.66.2/glib/gstringchunk.h to /home/user/TeaSpeak/Server/Root/TeaSpeak/rtclib/glib-2.66.2/../build_libraries/include/glib-2.0/glib
Installing /home/user/TeaSpeak/Server/Root/TeaSpeak/rtclib/glib-2.66.2/glib/gthread.h to /home/user/TeaSpeak/Server/Root/TeaSpeak/rtclib/glib-2.66.2/../build_libraries/include/glib-2.0/glib
Installing /home/user/TeaSpeak/Server/Root/TeaSpeak/rtclib/glib-2.66.2/glib/gthreadpool.h to /home/user/TeaSpeak/Server/Root/TeaSpeak/rtclib/glib-2.66.2/../build_libraries/include/glib-2.0/glib
Installing /home/user/TeaSpeak/Server/Root/TeaSpeak/rtclib/glib-2.66.2/glib/gtimer.h to /home/user/TeaSpeak/Server/Root/TeaSpeak/rtclib/glib-2.66.2/../build_libraries/include/glib-2.0/glib
Installing /home/user/TeaSpeak/Server/Root/TeaSpeak/rtclib/glib-2.66.2/glib/gtimezone.h to /home/user/TeaSpeak/Server/Root/TeaSpeak/rtclib/glib-2.66.2/../build_libraries/include/glib-2.0/glib
Installing /home/user/TeaSpeak/Server/Root/TeaSpeak/rtclib/glib-2.66.2/glib/gtrashstack.h to /home/user/TeaSpeak/Server/Root/TeaSpeak/rtclib/glib-2.66.2/../build_libraries/include/glib-2.0/glib
Installing /home/user/TeaSpeak/Server/Root/TeaSpeak/rtclib/glib-2.66.2/glib/gtree.h to /home/user/TeaSpeak/Server/Root/TeaSpeak/rtclib/glib-2.66.2/../build_libraries/include/glib-2.0/glib
Installing /home/user/TeaSpeak/Server/Root/TeaSpeak/rtclib/glib-2.66.2/glib/gtypes.h to /home/user/TeaSpeak/Server/Root/TeaSpeak/rtclib/glib-2.66.2/../build_libraries/include/glib-2.0/glib
Installing /home/user/TeaSpeak/Server/Root/TeaSpeak/rtclib/glib-2.66.2/glib/guuid.h to /home/user/TeaSpeak/Server/Root/TeaSpeak/rtclib/glib-2.66.2/../build_libraries/include/glib-2.0/glib
Installing /home/user/TeaSpeak/Server/Root/TeaSpeak/rtclib/glib-2.66.2/glib/gunicode.h to /home/user/TeaSpeak/Server/Root/TeaSpeak/rtclib/glib-2.66.2/../build_libraries/include/glib-2.0/glib
Installing /home/user/TeaSpeak/Server/Root/TeaSpeak/rtclib/glib-2.66.2/glib/guri.h to /home/user/TeaSpeak/Server/Root/TeaSpeak/rtclib/glib-2.66.2/../build_libraries/include/glib-2.0/glib
Installing /home/user/TeaSpeak/Server/Root/TeaSpeak/rtclib/glib-2.66.2/glib/gutils.h to /home/user/TeaSpeak/Server/Root/TeaSpeak/rtclib/glib-2.66.2/../build_libraries/include/glib-2.0/glib
Installing /home/user/TeaSpeak/Server/Root/TeaSpeak/rtclib/glib-2.66.2/glib/gvarianttype.h to /home/user/TeaSpeak/Server/Root/TeaSpeak/rtclib/glib-2.66.2/../build_libraries/include/glib-2.0/glib
Installing /home/user/TeaSpeak/Server/Root/TeaSpeak/rtclib/glib-2.66.2/glib/gvariant.h to /home/user/TeaSpeak/Server/Root/TeaSpeak/rtclib/glib-2.66.2/../build_libraries/include/glib-2.0/glib
Installing /home/user/TeaSpeak/Server/Root/TeaSpeak/rtclib/glib-2.66.2/glib/gversion.h to /home/user/TeaSpeak/Server/Root/TeaSpeak/rtclib/glib-2.66.2/../build_libraries/include/glib-2.0/glib
Installing /home/user/TeaSpeak/Server/Root/TeaSpeak/rtclib/glib-2.66.2/glib/gversionmacros.h to /home/user/TeaSpeak/Server/Root/TeaSpeak/rtclib/glib-2.66.2/../build_libraries/include/glib-2.0/glib
Installing /home/user/TeaSpeak/Server/Root/TeaSpeak/rtclib/glib-2.66.2/glib/gwin32.h to /home/user/TeaSpeak/Server/Root/TeaSpeak/rtclib/glib-2.66.2/../build_libraries/include/glib-2.0/glib
Installing /home/user/TeaSpeak/Server/Root/TeaSpeak/rtclib/glib-2.66.2/glib/gprintf.h to /home/user/TeaSpeak/Server/Root/TeaSpeak/rtclib/glib-2.66.2/../build_libraries/include/glib-2.0/glib
Installing /home/user/TeaSpeak/Server/Root/TeaSpeak/rtclib/glib-2.66.2/gobject/gobject-autocleanups.h to /home/user/TeaSpeak/Server/Root/TeaSpeak/rtclib/glib-2.66.2/../build_libraries/include/glib-2.0/gobject
Installing /home/user/TeaSpeak/Server/Root/TeaSpeak/rtclib/glib-2.66.2/gobject/glib-types.h to /home/user/TeaSpeak/Server/Root/TeaSpeak/rtclib/glib-2.66.2/../build_libraries/include/glib-2.0/gobject
Installing /home/user/TeaSpeak/Server/Root/TeaSpeak/rtclib/glib-2.66.2/gobject/gbinding.h to /home/user/TeaSpeak/Server/Root/TeaSpeak/rtclib/glib-2.66.2/../build_libraries/include/glib-2.0/gobject
Installing /home/user/TeaSpeak/Server/Root/TeaSpeak/rtclib/glib-2.66.2/gobject/gboxed.h to /home/user/TeaSpeak/Server/Root/TeaSpeak/rtclib/glib-2.66.2/../build_libraries/include/glib-2.0/gobject
Installing /home/user/TeaSpeak/Server/Root/TeaSpeak/rtclib/glib-2.66.2/gobject/gclosure.h to /home/user/TeaSpeak/Server/Root/TeaSpeak/rtclib/glib-2.66.2/../build_libraries/include/glib-2.0/gobject
Installing /home/user/TeaSpeak/Server/Root/TeaSpeak/rtclib/glib-2.66.2/gobject/genums.h to /home/user/TeaSpeak/Server/Root/TeaSpeak/rtclib/glib-2.66.2/../build_libraries/include/glib-2.0/gobject
Installing /home/user/TeaSpeak/Server/Root/TeaSpeak/rtclib/glib-2.66.2/gobject/gmarshal.h to /home/user/TeaSpeak/Server/Root/TeaSpeak/rtclib/glib-2.66.2/../build_libraries/include/glib-2.0/gobject
Installing /home/user/TeaSpeak/Server/Root/TeaSpeak/rtclib/glib-2.66.2/gobject/gobject.h to /home/user/TeaSpeak/Server/Root/TeaSpeak/rtclib/glib-2.66.2/../build_libraries/include/glib-2.0/gobject
Installing /home/user/TeaSpeak/Server/Root/TeaSpeak/rtclib/glib-2.66.2/gobject/gparam.h to /home/user/TeaSpeak/Server/Root/TeaSpeak/rtclib/glib-2.66.2/../build_libraries/include/glib-2.0/gobject
Installing /home/user/TeaSpeak/Server/Root/TeaSpeak/rtclib/glib-2.66.2/gobject/gparamspecs.h to /home/user/TeaSpeak/Server/Root/TeaSpeak/rtclib/glib-2.66.2/../build_libraries/include/glib-2.0/gobject
Installing /home/user/TeaSpeak/Server/Root/TeaSpeak/rtclib/glib-2.66.2/gobject/gsignal.h to /home/user/TeaSpeak/Server/Root/TeaSpeak/rtclib/glib-2.66.2/../build_libraries/include/glib-2.0/gobject
Installing /home/user/TeaSpeak/Server/Root/TeaSpeak/rtclib/glib-2.66.2/gobject/gsourceclosure.h to /home/user/TeaSpeak/Server/Root/TeaSpeak/rtclib/glib-2.66.2/../build_libraries/include/glib-2.0/gobject
Installing /home/user/TeaSpeak/Server/Root/TeaSpeak/rtclib/glib-2.66.2/gobject/gtype.h to /home/user/TeaSpeak/Server/Root/TeaSpeak/rtclib/glib-2.66.2/../build_libraries/include/glib-2.0/gobject
Installing /home/user/TeaSpeak/Server/Root/TeaSpeak/rtclib/glib-2.66.2/gobject/gtypemodule.h to /home/user/TeaSpeak/Server/Root/TeaSpeak/rtclib/glib-2.66.2/../build_libraries/include/glib-2.0/gobject
Installing /home/user/TeaSpeak/Server/Root/TeaSpeak/rtclib/glib-2.66.2/gobject/gtypeplugin.h to /home/user/TeaSpeak/Server/Root/TeaSpeak/rtclib/glib-2.66.2/../build_libraries/include/glib-2.0/gobject
Installing /home/user/TeaSpeak/Server/Root/TeaSpeak/rtclib/glib-2.66.2/gobject/gvalue.h to /home/user/TeaSpeak/Server/Root/TeaSpeak/rtclib/glib-2.66.2/../build_libraries/include/glib-2.0/gobject
Installing /home/user/TeaSpeak/Server/Root/TeaSpeak/rtclib/glib-2.66.2/gobject/gvaluearray.h to /home/user/TeaSpeak/Server/Root/TeaSpeak/rtclib/glib-2.66.2/../build_libraries/include/glib-2.0/gobject
Installing /home/user/TeaSpeak/Server/Root/TeaSpeak/rtclib/glib-2.66.2/gobject/gvaluecollector.h to /home/user/TeaSpeak/Server/Root/TeaSpeak/rtclib/glib-2.66.2/../build_libraries/include/glib-2.0/gobject
Installing /home/user/TeaSpeak/Server/Root/TeaSpeak/rtclib/glib-2.66.2/gobject/gvaluetypes.h to /home/user/TeaSpeak/Server/Root/TeaSpeak/rtclib/glib-2.66.2/../build_libraries/include/glib-2.0/gobject
Installing /home/user/TeaSpeak/Server/Root/TeaSpeak/rtclib/glib-2.66.2/gobject/gobjectnotifyqueue.c to /home/user/TeaSpeak/Server/Root/TeaSpeak/rtclib/glib-2.66.2/../build_libraries/include/glib-2.0/gobject
Installing /home/user/TeaSpeak/Server/Root/TeaSpeak/rtclib/glib-2.66.2/gmodule/gmodule.h to /home/user/TeaSpeak/Server/Root/TeaSpeak/rtclib/glib-2.66.2/../build_libraries/include/glib-2.0
Installing /home/user/TeaSpeak/Server/Root/TeaSpeak/rtclib/glib-2.66.2/gio/gfiledescriptorbased.h to /home/user/TeaSpeak/Server/Root/TeaSpeak/rtclib/glib-2.66.2/../build_libraries/include/gio-unix-2.0/gio
Installing /home/user/TeaSpeak/Server/Root/TeaSpeak/rtclib/glib-2.66.2/gio/gunixconnection.h to /home/user/TeaSpeak/Server/Root/TeaSpeak/rtclib/glib-2.66.2/../build_libraries/include/gio-unix-2.0/gio
Installing /home/user/TeaSpeak/Server/Root/TeaSpeak/rtclib/glib-2.66.2/gio/gunixcredentialsmessage.h to /home/user/TeaSpeak/Server/Root/TeaSpeak/rtclib/glib-2.66.2/../build_libraries/include/gio-unix-2.0/gio
Installing /home/user/TeaSpeak/Server/Root/TeaSpeak/rtclib/glib-2.66.2/gio/gunixmounts.h to /home/user/TeaSpeak/Server/Root/TeaSpeak/rtclib/glib-2.66.2/../build_libraries/include/gio-unix-2.0/gio
Installing /home/user/TeaSpeak/Server/Root/TeaSpeak/rtclib/glib-2.66.2/gio/gunixfdlist.h to /home/user/TeaSpeak/Server/Root/TeaSpeak/rtclib/glib-2.66.2/../build_libraries/include/gio-unix-2.0/gio
Installing /home/user/TeaSpeak/Server/Root/TeaSpeak/rtclib/glib-2.66.2/gio/gunixfdmessage.h to /home/user/TeaSpeak/Server/Root/TeaSpeak/rtclib/glib-2.66.2/../build_libraries/include/gio-unix-2.0/gio
Installing /home/user/TeaSpeak/Server/Root/TeaSpeak/rtclib/glib-2.66.2/gio/gunixinputstream.h to /home/user/TeaSpeak/Server/Root/TeaSpeak/rtclib/glib-2.66.2/../build_libraries/include/gio-unix-2.0/gio
Installing /home/user/TeaSpeak/Server/Root/TeaSpeak/rtclib/glib-2.66.2/gio/gunixoutputstream.h to /home/user/TeaSpeak/Server/Root/TeaSpeak/rtclib/glib-2.66.2/../build_libraries/include/gio-unix-2.0/gio
Installing /home/user/TeaSpeak/Server/Root/TeaSpeak/rtclib/glib-2.66.2/gio/gunixsocketaddress.h to /home/user/TeaSpeak/Server/Root/TeaSpeak/rtclib/glib-2.66.2/../build_libraries/include/gio-unix-2.0/gio
Installing /home/user/TeaSpeak/Server/Root/TeaSpeak/rtclib/glib-2.66.2/gio/gdesktopappinfo.h to /home/user/TeaSpeak/Server/Root/TeaSpeak/rtclib/glib-2.66.2/../build_libraries/include/gio-unix-2.0/gio
Installing /home/user/TeaSpeak/Server/Root/TeaSpeak/rtclib/glib-2.66.2/gio/gappinfo.h to /home/user/TeaSpeak/Server/Root/TeaSpeak/rtclib/glib-2.66.2/../build_libraries/include/glib-2.0/gio
Installing /home/user/TeaSpeak/Server/Root/TeaSpeak/rtclib/glib-2.66.2/gio/gasyncinitable.h to /home/user/TeaSpeak/Server/Root/TeaSpeak/rtclib/glib-2.66.2/../build_libraries/include/glib-2.0/gio
Installing /home/user/TeaSpeak/Server/Root/TeaSpeak/rtclib/glib-2.66.2/gio/gasyncresult.h to /home/user/TeaSpeak/Server/Root/TeaSpeak/rtclib/glib-2.66.2/../build_libraries/include/glib-2.0/gio
Installing /home/user/TeaSpeak/Server/Root/TeaSpeak/rtclib/glib-2.66.2/gio/gbufferedinputstream.h to /home/user/TeaSpeak/Server/Root/TeaSpeak/rtclib/glib-2.66.2/../build_libraries/include/glib-2.0/gio
Installing /home/user/TeaSpeak/Server/Root/TeaSpeak/rtclib/glib-2.66.2/gio/gbufferedoutputstream.h to /home/user/TeaSpeak/Server/Root/TeaSpeak/rtclib/glib-2.66.2/../build_libraries/include/glib-2.0/gio
Installing /home/user/TeaSpeak/Server/Root/TeaSpeak/rtclib/glib-2.66.2/gio/gbytesicon.h to /home/user/TeaSpeak/Server/Root/TeaSpeak/rtclib/glib-2.66.2/../build_libraries/include/glib-2.0/gio
Installing /home/user/TeaSpeak/Server/Root/TeaSpeak/rtclib/glib-2.66.2/gio/gcancellable.h to /home/user/TeaSpeak/Server/Root/TeaSpeak/rtclib/glib-2.66.2/../build_libraries/include/glib-2.0/gio
Installing /home/user/TeaSpeak/Server/Root/TeaSpeak/rtclib/glib-2.66.2/gio/gcontenttype.h to /home/user/TeaSpeak/Server/Root/TeaSpeak/rtclib/glib-2.66.2/../build_libraries/include/glib-2.0/gio
Installing /home/user/TeaSpeak/Server/Root/TeaSpeak/rtclib/glib-2.66.2/gio/gcharsetconverter.h to /home/user/TeaSpeak/Server/Root/TeaSpeak/rtclib/glib-2.66.2/../build_libraries/include/glib-2.0/gio
Installing /home/user/TeaSpeak/Server/Root/TeaSpeak/rtclib/glib-2.66.2/gio/gconverter.h to /home/user/TeaSpeak/Server/Root/TeaSpeak/rtclib/glib-2.66.2/../build_libraries/include/glib-2.0/gio
Installing /home/user/TeaSpeak/Server/Root/TeaSpeak/rtclib/glib-2.66.2/gio/gconverterinputstream.h to /home/user/TeaSpeak/Server/Root/TeaSpeak/rtclib/glib-2.66.2/../build_libraries/include/glib-2.0/gio
Installing /home/user/TeaSpeak/Server/Root/TeaSpeak/rtclib/glib-2.66.2/gio/gconverteroutputstream.h to /home/user/TeaSpeak/Server/Root/TeaSpeak/rtclib/glib-2.66.2/../build_libraries/include/glib-2.0/gio
Installing /home/user/TeaSpeak/Server/Root/TeaSpeak/rtclib/glib-2.66.2/gio/gdatagrambased.h to /home/user/TeaSpeak/Server/Root/TeaSpeak/rtclib/glib-2.66.2/../build_libraries/include/glib-2.0/gio
Installing /home/user/TeaSpeak/Server/Root/TeaSpeak/rtclib/glib-2.66.2/gio/gdatainputstream.h to /home/user/TeaSpeak/Server/Root/TeaSpeak/rtclib/glib-2.66.2/../build_libraries/include/glib-2.0/gio
Installing /home/user/TeaSpeak/Server/Root/TeaSpeak/rtclib/glib-2.66.2/gio/gdataoutputstream.h to /home/user/TeaSpeak/Server/Root/TeaSpeak/rtclib/glib-2.66.2/../build_libraries/include/glib-2.0/gio
Installing /home/user/TeaSpeak/Server/Root/TeaSpeak/rtclib/glib-2.66.2/gio/gdrive.h to /home/user/TeaSpeak/Server/Root/TeaSpeak/rtclib/glib-2.66.2/../build_libraries/include/glib-2.0/gio
Installing /home/user/TeaSpeak/Server/Root/TeaSpeak/rtclib/glib-2.66.2/gio/gemblem.h to /home/user/TeaSpeak/Server/Root/TeaSpeak/rtclib/glib-2.66.2/../build_libraries/include/glib-2.0/gio
Installing /home/user/TeaSpeak/Server/Root/TeaSpeak/rtclib/glib-2.66.2/gio/gemblemedicon.h to /home/user/TeaSpeak/Server/Root/TeaSpeak/rtclib/glib-2.66.2/../build_libraries/include/glib-2.0/gio
Installing /home/user/TeaSpeak/Server/Root/TeaSpeak/rtclib/glib-2.66.2/gio/gfile.h to /home/user/TeaSpeak/Server/Root/TeaSpeak/rtclib/glib-2.66.2/../build_libraries/include/glib-2.0/gio
Installing /home/user/TeaSpeak/Server/Root/TeaSpeak/rtclib/glib-2.66.2/gio/gfileattribute.h to /home/user/TeaSpeak/Server/Root/TeaSpeak/rtclib/glib-2.66.2/../build_libraries/include/glib-2.0/gio
Installing /home/user/TeaSpeak/Server/Root/TeaSpeak/rtclib/glib-2.66.2/gio/gfileenumerator.h to /home/user/TeaSpeak/Server/Root/TeaSpeak/rtclib/glib-2.66.2/../build_libraries/include/glib-2.0/gio
Installing /home/user/TeaSpeak/Server/Root/TeaSpeak/rtclib/glib-2.66.2/gio/gfileicon.h to /home/user/TeaSpeak/Server/Root/TeaSpeak/rtclib/glib-2.66.2/../build_libraries/include/glib-2.0/gio
Installing /home/user/TeaSpeak/Server/Root/TeaSpeak/rtclib/glib-2.66.2/gio/gfileinfo.h to /home/user/TeaSpeak/Server/Root/TeaSpeak/rtclib/glib-2.66.2/../build_libraries/include/glib-2.0/gio
Installing /home/user/TeaSpeak/Server/Root/TeaSpeak/rtclib/glib-2.66.2/gio/gfileinputstream.h to /home/user/TeaSpeak/Server/Root/TeaSpeak/rtclib/glib-2.66.2/../build_libraries/include/glib-2.0/gio
Installing /home/user/TeaSpeak/Server/Root/TeaSpeak/rtclib/glib-2.66.2/gio/gfilemonitor.h to /home/user/TeaSpeak/Server/Root/TeaSpeak/rtclib/glib-2.66.2/../build_libraries/include/glib-2.0/gio
Installing /home/user/TeaSpeak/Server/Root/TeaSpeak/rtclib/glib-2.66.2/gio/gfilenamecompleter.h to /home/user/TeaSpeak/Server/Root/TeaSpeak/rtclib/glib-2.66.2/../build_libraries/include/glib-2.0/gio
Installing /home/user/TeaSpeak/Server/Root/TeaSpeak/rtclib/glib-2.66.2/gio/gfileoutputstream.h to /home/user/TeaSpeak/Server/Root/TeaSpeak/rtclib/glib-2.66.2/../build_libraries/include/glib-2.0/gio
Installing /home/user/TeaSpeak/Server/Root/TeaSpeak/rtclib/glib-2.66.2/gio/gfileiostream.h to /home/user/TeaSpeak/Server/Root/TeaSpeak/rtclib/glib-2.66.2/../build_libraries/include/glib-2.0/gio
Installing /home/user/TeaSpeak/Server/Root/TeaSpeak/rtclib/glib-2.66.2/gio/gfilterinputstream.h to /home/user/TeaSpeak/Server/Root/TeaSpeak/rtclib/glib-2.66.2/../build_libraries/include/glib-2.0/gio
Installing /home/user/TeaSpeak/Server/Root/TeaSpeak/rtclib/glib-2.66.2/gio/gfilteroutputstream.h to /home/user/TeaSpeak/Server/Root/TeaSpeak/rtclib/glib-2.66.2/../build_libraries/include/glib-2.0/gio
Installing /home/user/TeaSpeak/Server/Root/TeaSpeak/rtclib/glib-2.66.2/gio/gicon.h to /home/user/TeaSpeak/Server/Root/TeaSpeak/rtclib/glib-2.66.2/../build_libraries/include/glib-2.0/gio
Installing /home/user/TeaSpeak/Server/Root/TeaSpeak/rtclib/glib-2.66.2/gio/ginetaddress.h to /home/user/TeaSpeak/Server/Root/TeaSpeak/rtclib/glib-2.66.2/../build_libraries/include/glib-2.0/gio
Installing /home/user/TeaSpeak/Server/Root/TeaSpeak/rtclib/glib-2.66.2/gio/ginetaddressmask.h to /home/user/TeaSpeak/Server/Root/TeaSpeak/rtclib/glib-2.66.2/../build_libraries/include/glib-2.0/gio
Installing /home/user/TeaSpeak/Server/Root/TeaSpeak/rtclib/glib-2.66.2/gio/ginetsocketaddress.h to /home/user/TeaSpeak/Server/Root/TeaSpeak/rtclib/glib-2.66.2/../build_libraries/include/glib-2.0/gio
Installing /home/user/TeaSpeak/Server/Root/TeaSpeak/rtclib/glib-2.66.2/gio/ginitable.h to /home/user/TeaSpeak/Server/Root/TeaSpeak/rtclib/glib-2.66.2/../build_libraries/include/glib-2.0/gio
Installing /home/user/TeaSpeak/Server/Root/TeaSpeak/rtclib/glib-2.66.2/gio/ginputstream.h to /home/user/TeaSpeak/Server/Root/TeaSpeak/rtclib/glib-2.66.2/../build_libraries/include/glib-2.0/gio
Installing /home/user/TeaSpeak/Server/Root/TeaSpeak/rtclib/glib-2.66.2/gio/gio.h to /home/user/TeaSpeak/Server/Root/TeaSpeak/rtclib/glib-2.66.2/../build_libraries/include/glib-2.0/gio
Installing /home/user/TeaSpeak/Server/Root/TeaSpeak/rtclib/glib-2.66.2/gio/gio-autocleanups.h to /home/user/TeaSpeak/Server/Root/TeaSpeak/rtclib/glib-2.66.2/../build_libraries/include/glib-2.0/gio
Installing /home/user/TeaSpeak/Server/Root/TeaSpeak/rtclib/glib-2.66.2/gio/gioenums.h to /home/user/TeaSpeak/Server/Root/TeaSpeak/rtclib/glib-2.66.2/../build_libraries/include/glib-2.0/gio
Installing /home/user/TeaSpeak/Server/Root/TeaSpeak/rtclib/glib-2.66.2/gio/gioerror.h to /home/user/TeaSpeak/Server/Root/TeaSpeak/rtclib/glib-2.66.2/../build_libraries/include/glib-2.0/gio
Installing /home/user/TeaSpeak/Server/Root/TeaSpeak/rtclib/glib-2.66.2/gio/giomodule.h to /home/user/TeaSpeak/Server/Root/TeaSpeak/rtclib/glib-2.66.2/../build_libraries/include/glib-2.0/gio
Installing /home/user/TeaSpeak/Server/Root/TeaSpeak/rtclib/glib-2.66.2/gio/gioscheduler.h to /home/user/TeaSpeak/Server/Root/TeaSpeak/rtclib/glib-2.66.2/../build_libraries/include/glib-2.0/gio
Installing /home/user/TeaSpeak/Server/Root/TeaSpeak/rtclib/glib-2.66.2/gio/giostream.h to /home/user/TeaSpeak/Server/Root/TeaSpeak/rtclib/glib-2.66.2/../build_libraries/include/glib-2.0/gio
Installing /home/user/TeaSpeak/Server/Root/TeaSpeak/rtclib/glib-2.66.2/gio/giotypes.h to /home/user/TeaSpeak/Server/Root/TeaSpeak/rtclib/glib-2.66.2/../build_libraries/include/glib-2.0/gio
Installing /home/user/TeaSpeak/Server/Root/TeaSpeak/rtclib/glib-2.66.2/gio/gloadableicon.h to /home/user/TeaSpeak/Server/Root/TeaSpeak/rtclib/glib-2.66.2/../build_libraries/include/glib-2.0/gio
Installing /home/user/TeaSpeak/Server/Root/TeaSpeak/rtclib/glib-2.66.2/gio/gmount.h to /home/user/TeaSpeak/Server/Root/TeaSpeak/rtclib/glib-2.66.2/../build_libraries/include/glib-2.0/gio
Installing /home/user/TeaSpeak/Server/Root/TeaSpeak/rtclib/glib-2.66.2/gio/gmemoryinputstream.h to /home/user/TeaSpeak/Server/Root/TeaSpeak/rtclib/glib-2.66.2/../build_libraries/include/glib-2.0/gio
Installing /home/user/TeaSpeak/Server/Root/TeaSpeak/rtclib/glib-2.66.2/gio/gmemorymonitor.h to /home/user/TeaSpeak/Server/Root/TeaSpeak/rtclib/glib-2.66.2/../build_libraries/include/glib-2.0/gio
Installing /home/user/TeaSpeak/Server/Root/TeaSpeak/rtclib/glib-2.66.2/gio/gmemoryoutputstream.h to /home/user/TeaSpeak/Server/Root/TeaSpeak/rtclib/glib-2.66.2/../build_libraries/include/glib-2.0/gio
Installing /home/user/TeaSpeak/Server/Root/TeaSpeak/rtclib/glib-2.66.2/gio/gmountoperation.h to /home/user/TeaSpeak/Server/Root/TeaSpeak/rtclib/glib-2.66.2/../build_libraries/include/glib-2.0/gio
Installing /home/user/TeaSpeak/Server/Root/TeaSpeak/rtclib/glib-2.66.2/gio/gnativesocketaddress.h to /home/user/TeaSpeak/Server/Root/TeaSpeak/rtclib/glib-2.66.2/../build_libraries/include/glib-2.0/gio
Installing /home/user/TeaSpeak/Server/Root/TeaSpeak/rtclib/glib-2.66.2/gio/gnativevolumemonitor.h to /home/user/TeaSpeak/Server/Root/TeaSpeak/rtclib/glib-2.66.2/../build_libraries/include/glib-2.0/gio
Installing /home/user/TeaSpeak/Server/Root/TeaSpeak/rtclib/glib-2.66.2/gio/gnetworkaddress.h to /home/user/TeaSpeak/Server/Root/TeaSpeak/rtclib/glib-2.66.2/../build_libraries/include/glib-2.0/gio
Installing /home/user/TeaSpeak/Server/Root/TeaSpeak/rtclib/glib-2.66.2/gio/gnetworkmonitor.h to /home/user/TeaSpeak/Server/Root/TeaSpeak/rtclib/glib-2.66.2/../build_libraries/include/glib-2.0/gio
Installing /home/user/TeaSpeak/Server/Root/TeaSpeak/rtclib/glib-2.66.2/gio/gnetworkservice.h to /home/user/TeaSpeak/Server/Root/TeaSpeak/rtclib/glib-2.66.2/../build_libraries/include/glib-2.0/gio
Installing /home/user/TeaSpeak/Server/Root/TeaSpeak/rtclib/glib-2.66.2/gio/goutputstream.h to /home/user/TeaSpeak/Server/Root/TeaSpeak/rtclib/glib-2.66.2/../build_libraries/include/glib-2.0/gio
Installing /home/user/TeaSpeak/Server/Root/TeaSpeak/rtclib/glib-2.66.2/gio/gpermission.h to /home/user/TeaSpeak/Server/Root/TeaSpeak/rtclib/glib-2.66.2/../build_libraries/include/glib-2.0/gio
Installing /home/user/TeaSpeak/Server/Root/TeaSpeak/rtclib/glib-2.66.2/gio/gpollableinputstream.h to /home/user/TeaSpeak/Server/Root/TeaSpeak/rtclib/glib-2.66.2/../build_libraries/include/glib-2.0/gio
Installing /home/user/TeaSpeak/Server/Root/TeaSpeak/rtclib/glib-2.66.2/gio/gpollableoutputstream.h to /home/user/TeaSpeak/Server/Root/TeaSpeak/rtclib/glib-2.66.2/../build_libraries/include/glib-2.0/gio
Installing /home/user/TeaSpeak/Server/Root/TeaSpeak/rtclib/glib-2.66.2/gio/gpollableutils.h to /home/user/TeaSpeak/Server/Root/TeaSpeak/rtclib/glib-2.66.2/../build_libraries/include/glib-2.0/gio
Installing /home/user/TeaSpeak/Server/Root/TeaSpeak/rtclib/glib-2.66.2/gio/gproxy.h to /home/user/TeaSpeak/Server/Root/TeaSpeak/rtclib/glib-2.66.2/../build_libraries/include/glib-2.0/gio
Installing /home/user/TeaSpeak/Server/Root/TeaSpeak/rtclib/glib-2.66.2/gio/gproxyaddress.h to /home/user/TeaSpeak/Server/Root/TeaSpeak/rtclib/glib-2.66.2/../build_libraries/include/glib-2.0/gio
Installing /home/user/TeaSpeak/Server/Root/TeaSpeak/rtclib/glib-2.66.2/gio/gproxyaddressenumerator.h to /home/user/TeaSpeak/Server/Root/TeaSpeak/rtclib/glib-2.66.2/../build_libraries/include/glib-2.0/gio
Installing /home/user/TeaSpeak/Server/Root/TeaSpeak/rtclib/glib-2.66.2/gio/gproxyresolver.h to /home/user/TeaSpeak/Server/Root/TeaSpeak/rtclib/glib-2.66.2/../build_libraries/include/glib-2.0/gio
Installing /home/user/TeaSpeak/Server/Root/TeaSpeak/rtclib/glib-2.66.2/gio/gresolver.h to /home/user/TeaSpeak/Server/Root/TeaSpeak/rtclib/glib-2.66.2/../build_libraries/include/glib-2.0/gio
Installing /home/user/TeaSpeak/Server/Root/TeaSpeak/rtclib/glib-2.66.2/gio/gresource.h to /home/user/TeaSpeak/Server/Root/TeaSpeak/rtclib/glib-2.66.2/../build_libraries/include/glib-2.0/gio
Installing /home/user/TeaSpeak/Server/Root/TeaSpeak/rtclib/glib-2.66.2/gio/gseekable.h to /home/user/TeaSpeak/Server/Root/TeaSpeak/rtclib/glib-2.66.2/../build_libraries/include/glib-2.0/gio
Installing /home/user/TeaSpeak/Server/Root/TeaSpeak/rtclib/glib-2.66.2/gio/gsimpleasyncresult.h to /home/user/TeaSpeak/Server/Root/TeaSpeak/rtclib/glib-2.66.2/../build_libraries/include/glib-2.0/gio
Installing /home/user/TeaSpeak/Server/Root/TeaSpeak/rtclib/glib-2.66.2/gio/gsimpleiostream.h to /home/user/TeaSpeak/Server/Root/TeaSpeak/rtclib/glib-2.66.2/../build_libraries/include/glib-2.0/gio
Installing /home/user/TeaSpeak/Server/Root/TeaSpeak/rtclib/glib-2.66.2/gio/gsimplepermission.h to /home/user/TeaSpeak/Server/Root/TeaSpeak/rtclib/glib-2.66.2/../build_libraries/include/glib-2.0/gio
Installing /home/user/TeaSpeak/Server/Root/TeaSpeak/rtclib/glib-2.66.2/gio/gsimpleproxyresolver.h to /home/user/TeaSpeak/Server/Root/TeaSpeak/rtclib/glib-2.66.2/../build_libraries/include/glib-2.0/gio
Installing /home/user/TeaSpeak/Server/Root/TeaSpeak/rtclib/glib-2.66.2/gio/gsocket.h to /home/user/TeaSpeak/Server/Root/TeaSpeak/rtclib/glib-2.66.2/../build_libraries/include/glib-2.0/gio
Installing /home/user/TeaSpeak/Server/Root/TeaSpeak/rtclib/glib-2.66.2/gio/gsocketaddress.h to /home/user/TeaSpeak/Server/Root/TeaSpeak/rtclib/glib-2.66.2/../build_libraries/include/glib-2.0/gio
Installing /home/user/TeaSpeak/Server/Root/TeaSpeak/rtclib/glib-2.66.2/gio/gsocketaddressenumerator.h to /home/user/TeaSpeak/Server/Root/TeaSpeak/rtclib/glib-2.66.2/../build_libraries/include/glib-2.0/gio
Installing /home/user/TeaSpeak/Server/Root/TeaSpeak/rtclib/glib-2.66.2/gio/gsocketclient.h to /home/user/TeaSpeak/Server/Root/TeaSpeak/rtclib/glib-2.66.2/../build_libraries/include/glib-2.0/gio
Installing /home/user/TeaSpeak/Server/Root/TeaSpeak/rtclib/glib-2.66.2/gio/gsocketconnectable.h to /home/user/TeaSpeak/Server/Root/TeaSpeak/rtclib/glib-2.66.2/../build_libraries/include/glib-2.0/gio
Installing /home/user/TeaSpeak/Server/Root/TeaSpeak/rtclib/glib-2.66.2/gio/gsocketconnection.h to /home/user/TeaSpeak/Server/Root/TeaSpeak/rtclib/glib-2.66.2/../build_libraries/include/glib-2.0/gio
Installing /home/user/TeaSpeak/Server/Root/TeaSpeak/rtclib/glib-2.66.2/gio/gsocketcontrolmessage.h to /home/user/TeaSpeak/Server/Root/TeaSpeak/rtclib/glib-2.66.2/../build_libraries/include/glib-2.0/gio
Installing /home/user/TeaSpeak/Server/Root/TeaSpeak/rtclib/glib-2.66.2/gio/gsocketlistener.h to /home/user/TeaSpeak/Server/Root/TeaSpeak/rtclib/glib-2.66.2/../build_libraries/include/glib-2.0/gio
Installing /home/user/TeaSpeak/Server/Root/TeaSpeak/rtclib/glib-2.66.2/gio/gsocketservice.h to /home/user/TeaSpeak/Server/Root/TeaSpeak/rtclib/glib-2.66.2/../build_libraries/include/glib-2.0/gio
Installing /home/user/TeaSpeak/Server/Root/TeaSpeak/rtclib/glib-2.66.2/gio/gsrvtarget.h to /home/user/TeaSpeak/Server/Root/TeaSpeak/rtclib/glib-2.66.2/../build_libraries/include/glib-2.0/gio
Installing /home/user/TeaSpeak/Server/Root/TeaSpeak/rtclib/glib-2.66.2/gio/gsubprocess.h to /home/user/TeaSpeak/Server/Root/TeaSpeak/rtclib/glib-2.66.2/../build_libraries/include/glib-2.0/gio
Installing /home/user/TeaSpeak/Server/Root/TeaSpeak/rtclib/glib-2.66.2/gio/gsubprocesslauncher.h to /home/user/TeaSpeak/Server/Root/TeaSpeak/rtclib/glib-2.66.2/../build_libraries/include/glib-2.0/gio
Installing /home/user/TeaSpeak/Server/Root/TeaSpeak/rtclib/glib-2.66.2/gio/gtask.h to /home/user/TeaSpeak/Server/Root/TeaSpeak/rtclib/glib-2.66.2/../build_libraries/include/glib-2.0/gio
Installing /home/user/TeaSpeak/Server/Root/TeaSpeak/rtclib/glib-2.66.2/gio/gtcpconnection.h to /home/user/TeaSpeak/Server/Root/TeaSpeak/rtclib/glib-2.66.2/../build_libraries/include/glib-2.0/gio
Installing /home/user/TeaSpeak/Server/Root/TeaSpeak/rtclib/glib-2.66.2/gio/gtcpwrapperconnection.h to /home/user/TeaSpeak/Server/Root/TeaSpeak/rtclib/glib-2.66.2/../build_libraries/include/glib-2.0/gio
Installing /home/user/TeaSpeak/Server/Root/TeaSpeak/rtclib/glib-2.66.2/gio/gthemedicon.h to /home/user/TeaSpeak/Server/Root/TeaSpeak/rtclib/glib-2.66.2/../build_libraries/include/glib-2.0/gio
Installing /home/user/TeaSpeak/Server/Root/TeaSpeak/rtclib/glib-2.66.2/gio/gthreadedsocketservice.h to /home/user/TeaSpeak/Server/Root/TeaSpeak/rtclib/glib-2.66.2/../build_libraries/include/glib-2.0/gio
Installing /home/user/TeaSpeak/Server/Root/TeaSpeak/rtclib/glib-2.66.2/gio/gtlsbackend.h to /home/user/TeaSpeak/Server/Root/TeaSpeak/rtclib/glib-2.66.2/../build_libraries/include/glib-2.0/gio
Installing /home/user/TeaSpeak/Server/Root/TeaSpeak/rtclib/glib-2.66.2/gio/gtlscertificate.h to /home/user/TeaSpeak/Server/Root/TeaSpeak/rtclib/glib-2.66.2/../build_libraries/include/glib-2.0/gio
Installing /home/user/TeaSpeak/Server/Root/TeaSpeak/rtclib/glib-2.66.2/gio/gtlsclientconnection.h to /home/user/TeaSpeak/Server/Root/TeaSpeak/rtclib/glib-2.66.2/../build_libraries/include/glib-2.0/gio
Installing /home/user/TeaSpeak/Server/Root/TeaSpeak/rtclib/glib-2.66.2/gio/gtlsconnection.h to /home/user/TeaSpeak/Server/Root/TeaSpeak/rtclib/glib-2.66.2/../build_libraries/include/glib-2.0/gio
Installing /home/user/TeaSpeak/Server/Root/TeaSpeak/rtclib/glib-2.66.2/gio/gtlsdatabase.h to /home/user/TeaSpeak/Server/Root/TeaSpeak/rtclib/glib-2.66.2/../build_libraries/include/glib-2.0/gio
Installing /home/user/TeaSpeak/Server/Root/TeaSpeak/rtclib/glib-2.66.2/gio/gtlsfiledatabase.h to /home/user/TeaSpeak/Server/Root/TeaSpeak/rtclib/glib-2.66.2/../build_libraries/include/glib-2.0/gio
Installing /home/user/TeaSpeak/Server/Root/TeaSpeak/rtclib/glib-2.66.2/gio/gtlsinteraction.h to /home/user/TeaSpeak/Server/Root/TeaSpeak/rtclib/glib-2.66.2/../build_libraries/include/glib-2.0/gio
Installing /home/user/TeaSpeak/Server/Root/TeaSpeak/rtclib/glib-2.66.2/gio/gtlspassword.h to /home/user/TeaSpeak/Server/Root/TeaSpeak/rtclib/glib-2.66.2/../build_libraries/include/glib-2.0/gio
Installing /home/user/TeaSpeak/Server/Root/TeaSpeak/rtclib/glib-2.66.2/gio/gtlsserverconnection.h to /home/user/TeaSpeak/Server/Root/TeaSpeak/rtclib/glib-2.66.2/../build_libraries/include/glib-2.0/gio
Installing /home/user/TeaSpeak/Server/Root/TeaSpeak/rtclib/glib-2.66.2/gio/gdtlsconnection.h to /home/user/TeaSpeak/Server/Root/TeaSpeak/rtclib/glib-2.66.2/../build_libraries/include/glib-2.0/gio
Installing /home/user/TeaSpeak/Server/Root/TeaSpeak/rtclib/glib-2.66.2/gio/gdtlsclientconnection.h to /home/user/TeaSpeak/Server/Root/TeaSpeak/rtclib/glib-2.66.2/../build_libraries/include/glib-2.0/gio
Installing /home/user/TeaSpeak/Server/Root/TeaSpeak/rtclib/glib-2.66.2/gio/gdtlsserverconnection.h to /home/user/TeaSpeak/Server/Root/TeaSpeak/rtclib/glib-2.66.2/../build_libraries/include/glib-2.0/gio
Installing /home/user/TeaSpeak/Server/Root/TeaSpeak/rtclib/glib-2.66.2/gio/gvfs.h to /home/user/TeaSpeak/Server/Root/TeaSpeak/rtclib/glib-2.66.2/../build_libraries/include/glib-2.0/gio
Installing /home/user/TeaSpeak/Server/Root/TeaSpeak/rtclib/glib-2.66.2/gio/gvolume.h to /home/user/TeaSpeak/Server/Root/TeaSpeak/rtclib/glib-2.66.2/../build_libraries/include/glib-2.0/gio
Installing /home/user/TeaSpeak/Server/Root/TeaSpeak/rtclib/glib-2.66.2/gio/gvolumemonitor.h to /home/user/TeaSpeak/Server/Root/TeaSpeak/rtclib/glib-2.66.2/../build_libraries/include/glib-2.0/gio
Installing /home/user/TeaSpeak/Server/Root/TeaSpeak/rtclib/glib-2.66.2/gio/gzlibcompressor.h to /home/user/TeaSpeak/Server/Root/TeaSpeak/rtclib/glib-2.66.2/../build_libraries/include/glib-2.0/gio
Installing /home/user/TeaSpeak/Server/Root/TeaSpeak/rtclib/glib-2.66.2/gio/gzlibdecompressor.h to /home/user/TeaSpeak/Server/Root/TeaSpeak/rtclib/glib-2.66.2/../build_libraries/include/glib-2.0/gio
Installing /home/user/TeaSpeak/Server/Root/TeaSpeak/rtclib/glib-2.66.2/gio/glistmodel.h to /home/user/TeaSpeak/Server/Root/TeaSpeak/rtclib/glib-2.66.2/../build_libraries/include/glib-2.0/gio
Installing /home/user/TeaSpeak/Server/Root/TeaSpeak/rtclib/glib-2.66.2/gio/gliststore.h to /home/user/TeaSpeak/Server/Root/TeaSpeak/rtclib/glib-2.66.2/../build_libraries/include/glib-2.0/gio
Installing /home/user/TeaSpeak/Server/Root/TeaSpeak/rtclib/glib-2.66.2/gio/gapplication.h to /home/user/TeaSpeak/Server/Root/TeaSpeak/rtclib/glib-2.66.2/../build_libraries/include/glib-2.0/gio
Installing /home/user/TeaSpeak/Server/Root/TeaSpeak/rtclib/glib-2.66.2/gio/gapplicationcommandline.h to /home/user/TeaSpeak/Server/Root/TeaSpeak/rtclib/glib-2.66.2/../build_libraries/include/glib-2.0/gio
Installing /home/user/TeaSpeak/Server/Root/TeaSpeak/rtclib/glib-2.66.2/gio/gactiongroup.h to /home/user/TeaSpeak/Server/Root/TeaSpeak/rtclib/glib-2.66.2/../build_libraries/include/glib-2.0/gio
Installing /home/user/TeaSpeak/Server/Root/TeaSpeak/rtclib/glib-2.66.2/gio/gactionmap.h to /home/user/TeaSpeak/Server/Root/TeaSpeak/rtclib/glib-2.66.2/../build_libraries/include/glib-2.0/gio
Installing /home/user/TeaSpeak/Server/Root/TeaSpeak/rtclib/glib-2.66.2/gio/gsimpleactiongroup.h to /home/user/TeaSpeak/Server/Root/TeaSpeak/rtclib/glib-2.66.2/../build_libraries/include/glib-2.0/gio
Installing /home/user/TeaSpeak/Server/Root/TeaSpeak/rtclib/glib-2.66.2/gio/gremoteactiongroup.h to /home/user/TeaSpeak/Server/Root/TeaSpeak/rtclib/glib-2.66.2/../build_libraries/include/glib-2.0/gio
Installing /home/user/TeaSpeak/Server/Root/TeaSpeak/rtclib/glib-2.66.2/gio/gactiongroupexporter.h to /home/user/TeaSpeak/Server/Root/TeaSpeak/rtclib/glib-2.66.2/../build_libraries/include/glib-2.0/gio
Installing /home/user/TeaSpeak/Server/Root/TeaSpeak/rtclib/glib-2.66.2/gio/gdbusactiongroup.h to /home/user/TeaSpeak/Server/Root/TeaSpeak/rtclib/glib-2.66.2/../build_libraries/include/glib-2.0/gio
Installing /home/user/TeaSpeak/Server/Root/TeaSpeak/rtclib/glib-2.66.2/gio/gaction.h to /home/user/TeaSpeak/Server/Root/TeaSpeak/rtclib/glib-2.66.2/../build_libraries/include/glib-2.0/gio
Installing /home/user/TeaSpeak/Server/Root/TeaSpeak/rtclib/glib-2.66.2/gio/gpropertyaction.h to /home/user/TeaSpeak/Server/Root/TeaSpeak/rtclib/glib-2.66.2/../build_libraries/include/glib-2.0/gio
Installing /home/user/TeaSpeak/Server/Root/TeaSpeak/rtclib/glib-2.66.2/gio/gsimpleaction.h to /home/user/TeaSpeak/Server/Root/TeaSpeak/rtclib/glib-2.66.2/../build_libraries/include/glib-2.0/gio
Installing /home/user/TeaSpeak/Server/Root/TeaSpeak/rtclib/glib-2.66.2/gio/gmenumodel.h to /home/user/TeaSpeak/Server/Root/TeaSpeak/rtclib/glib-2.66.2/../build_libraries/include/glib-2.0/gio
Installing /home/user/TeaSpeak/Server/Root/TeaSpeak/rtclib/glib-2.66.2/gio/gmenu.h to /home/user/TeaSpeak/Server/Root/TeaSpeak/rtclib/glib-2.66.2/../build_libraries/include/glib-2.0/gio
Installing /home/user/TeaSpeak/Server/Root/TeaSpeak/rtclib/glib-2.66.2/gio/gmenuexporter.h to /home/user/TeaSpeak/Server/Root/TeaSpeak/rtclib/glib-2.66.2/../build_libraries/include/glib-2.0/gio
Installing /home/user/TeaSpeak/Server/Root/TeaSpeak/rtclib/glib-2.66.2/gio/gdbusmenumodel.h to /home/user/TeaSpeak/Server/Root/TeaSpeak/rtclib/glib-2.66.2/../build_libraries/include/glib-2.0/gio
Installing /home/user/TeaSpeak/Server/Root/TeaSpeak/rtclib/glib-2.66.2/gio/gnotification.h to /home/user/TeaSpeak/Server/Root/TeaSpeak/rtclib/glib-2.66.2/../build_libraries/include/glib-2.0/gio
Installing /home/user/TeaSpeak/Server/Root/TeaSpeak/rtclib/glib-2.66.2/gio/gsettingsbackend.h to /home/user/TeaSpeak/Server/Root/TeaSpeak/rtclib/glib-2.66.2/../build_libraries/include/glib-2.0/gio
Installing /home/user/TeaSpeak/Server/Root/TeaSpeak/rtclib/glib-2.66.2/gio/gsettingsschema.h to /home/user/TeaSpeak/Server/Root/TeaSpeak/rtclib/glib-2.66.2/../build_libraries/include/glib-2.0/gio
Installing /home/user/TeaSpeak/Server/Root/TeaSpeak/rtclib/glib-2.66.2/gio/gsettings.h to /home/user/TeaSpeak/Server/Root/TeaSpeak/rtclib/glib-2.66.2/../build_libraries/include/glib-2.0/gio
Installing /home/user/TeaSpeak/Server/Root/TeaSpeak/rtclib/glib-2.66.2/gio/gdbusauthobserver.h to /home/user/TeaSpeak/Server/Root/TeaSpeak/rtclib/glib-2.66.2/../build_libraries/include/glib-2.0/gio
Installing /home/user/TeaSpeak/Server/Root/TeaSpeak/rtclib/glib-2.66.2/gio/gcredentials.h to /home/user/TeaSpeak/Server/Root/TeaSpeak/rtclib/glib-2.66.2/../build_libraries/include/glib-2.0/gio
Installing /home/user/TeaSpeak/Server/Root/TeaSpeak/rtclib/glib-2.66.2/gio/gdbusutils.h to /home/user/TeaSpeak/Server/Root/TeaSpeak/rtclib/glib-2.66.2/../build_libraries/include/glib-2.0/gio
Installing /home/user/TeaSpeak/Server/Root/TeaSpeak/rtclib/glib-2.66.2/gio/gdbuserror.h to /home/user/TeaSpeak/Server/Root/TeaSpeak/rtclib/glib-2.66.2/../build_libraries/include/glib-2.0/gio
Installing /home/user/TeaSpeak/Server/Root/TeaSpeak/rtclib/glib-2.66.2/gio/gdbusaddress.h to /home/user/TeaSpeak/Server/Root/TeaSpeak/rtclib/glib-2.66.2/../build_libraries/include/glib-2.0/gio
Installing /home/user/TeaSpeak/Server/Root/TeaSpeak/rtclib/glib-2.66.2/gio/gdbusconnection.h to /home/user/TeaSpeak/Server/Root/TeaSpeak/rtclib/glib-2.66.2/../build_libraries/include/glib-2.0/gio
Installing /home/user/TeaSpeak/Server/Root/TeaSpeak/rtclib/glib-2.66.2/gio/gdbusmessage.h to /home/user/TeaSpeak/Server/Root/TeaSpeak/rtclib/glib-2.66.2/../build_libraries/include/glib-2.0/gio
Installing /home/user/TeaSpeak/Server/Root/TeaSpeak/rtclib/glib-2.66.2/gio/gdbusnameowning.h to /home/user/TeaSpeak/Server/Root/TeaSpeak/rtclib/glib-2.66.2/../build_libraries/include/glib-2.0/gio
Installing /home/user/TeaSpeak/Server/Root/TeaSpeak/rtclib/glib-2.66.2/gio/gdbusnamewatching.h to /home/user/TeaSpeak/Server/Root/TeaSpeak/rtclib/glib-2.66.2/../build_libraries/include/glib-2.0/gio
Installing /home/user/TeaSpeak/Server/Root/TeaSpeak/rtclib/glib-2.66.2/gio/gdbusproxy.h to /home/user/TeaSpeak/Server/Root/TeaSpeak/rtclib/glib-2.66.2/../build_libraries/include/glib-2.0/gio
Installing /home/user/TeaSpeak/Server/Root/TeaSpeak/rtclib/glib-2.66.2/gio/gdbusintrospection.h to /home/user/TeaSpeak/Server/Root/TeaSpeak/rtclib/glib-2.66.2/../build_libraries/include/glib-2.0/gio
Installing /home/user/TeaSpeak/Server/Root/TeaSpeak/rtclib/glib-2.66.2/gio/gdbusmethodinvocation.h to /home/user/TeaSpeak/Server/Root/TeaSpeak/rtclib/glib-2.66.2/../build_libraries/include/glib-2.0/gio
Installing /home/user/TeaSpeak/Server/Root/TeaSpeak/rtclib/glib-2.66.2/gio/gdbusserver.h to /home/user/TeaSpeak/Server/Root/TeaSpeak/rtclib/glib-2.66.2/../build_libraries/include/glib-2.0/gio
Installing /home/user/TeaSpeak/Server/Root/TeaSpeak/rtclib/glib-2.66.2/gio/gdbusinterface.h to /home/user/TeaSpeak/Server/Root/TeaSpeak/rtclib/glib-2.66.2/../build_libraries/include/glib-2.0/gio
Installing /home/user/TeaSpeak/Server/Root/TeaSpeak/rtclib/glib-2.66.2/gio/gdbusinterfaceskeleton.h to /home/user/TeaSpeak/Server/Root/TeaSpeak/rtclib/glib-2.66.2/../build_libraries/include/glib-2.0/gio
Installing /home/user/TeaSpeak/Server/Root/TeaSpeak/rtclib/glib-2.66.2/gio/gdbusobject.h to /home/user/TeaSpeak/Server/Root/TeaSpeak/rtclib/glib-2.66.2/../build_libraries/include/glib-2.0/gio
Installing /home/user/TeaSpeak/Server/Root/TeaSpeak/rtclib/glib-2.66.2/gio/gdbusobjectskeleton.h to /home/user/TeaSpeak/Server/Root/TeaSpeak/rtclib/glib-2.66.2/../build_libraries/include/glib-2.0/gio
Installing /home/user/TeaSpeak/Server/Root/TeaSpeak/rtclib/glib-2.66.2/gio/gdbusobjectproxy.h to /home/user/TeaSpeak/Server/Root/TeaSpeak/rtclib/glib-2.66.2/../build_libraries/include/glib-2.0/gio
Installing /home/user/TeaSpeak/Server/Root/TeaSpeak/rtclib/glib-2.66.2/gio/gdbusobjectmanager.h to /home/user/TeaSpeak/Server/Root/TeaSpeak/rtclib/glib-2.66.2/../build_libraries/include/glib-2.0/gio
Installing /home/user/TeaSpeak/Server/Root/TeaSpeak/rtclib/glib-2.66.2/gio/gdbusobjectmanagerclient.h to /home/user/TeaSpeak/Server/Root/TeaSpeak/rtclib/glib-2.66.2/../build_libraries/include/glib-2.0/gio
Installing /home/user/TeaSpeak/Server/Root/TeaSpeak/rtclib/glib-2.66.2/gio/gdbusobjectmanagerserver.h to /home/user/TeaSpeak/Server/Root/TeaSpeak/rtclib/glib-2.66.2/../build_libraries/include/glib-2.0/gio
Installing /home/user/TeaSpeak/Server/Root/TeaSpeak/rtclib/glib-2.66.2/gio/gtestdbus.h to /home/user/TeaSpeak/Server/Root/TeaSpeak/rtclib/glib-2.66.2/../build_libraries/include/glib-2.0/gio
Installing /home/user/TeaSpeak/Server/Root/TeaSpeak/rtclib/glib-2.66.2/subprojects/libffi/man/ffi.3 to /home/user/TeaSpeak/Server/Root/TeaSpeak/rtclib/glib-2.66.2/../build_libraries/share/man/man3
Installing /home/user/TeaSpeak/Server/Root/TeaSpeak/rtclib/glib-2.66.2/subprojects/libffi/man/ffi_call.3 to /home/user/TeaSpeak/Server/Root/TeaSpeak/rtclib/glib-2.66.2/../build_libraries/share/man/man3
Installing /home/user/TeaSpeak/Server/Root/TeaSpeak/rtclib/glib-2.66.2/subprojects/libffi/man/ffi_prep_cif.3 to /home/user/TeaSpeak/Server/Root/TeaSpeak/rtclib/glib-2.66.2/../build_libraries/share/man/man3
Installing /home/user/TeaSpeak/Server/Root/TeaSpeak/rtclib/glib-2.66.2/subprojects/libffi/man/ffi_prep_cif_var.3 to /home/user/TeaSpeak/Server/Root/TeaSpeak/rtclib/glib-2.66.2/../build_libraries/share/man/man3
Installing /home/user/TeaSpeak/Server/Root/TeaSpeak/rtclib/glib-2.66.2/build_/subprojects/libffi/include/ffi-x86_64.h to /home/user/TeaSpeak/Server/Root/TeaSpeak/rtclib/glib-2.66.2/../build_libraries/include
Installing /home/user/TeaSpeak/Server/Root/TeaSpeak/rtclib/glib-2.66.2/build_/subprojects/libffi/include/ffitarget-x86_64.h to /home/user/TeaSpeak/Server/Root/TeaSpeak/rtclib/glib-2.66.2/../build_libraries/include
Installing /home/user/TeaSpeak/Server/Root/TeaSpeak/rtclib/glib-2.66.2/build_/subprojects/libffi/include/ffitarget.h to /home/user/TeaSpeak/Server/Root/TeaSpeak/rtclib/glib-2.66.2/../build_libraries/include
Installing /home/user/TeaSpeak/Server/Root/TeaSpeak/rtclib/glib-2.66.2/build_/subprojects/libffi/include/ffi.h to /home/user/TeaSpeak/Server/Root/TeaSpeak/rtclib/glib-2.66.2/../build_libraries/include
Installing /home/user/TeaSpeak/Server/Root/TeaSpeak/rtclib/glib-2.66.2/build_/meson-private/libffi.pc to /home/user/TeaSpeak/Server/Root/TeaSpeak/rtclib/glib-2.66.2/../build_libraries/lib/x86_64-linux-gnu/pkgconfig
Installing /home/user/TeaSpeak/Server/Root/TeaSpeak/rtclib/glib-2.66.2/build_/glib/glibconfig.h to /home/user/TeaSpeak/Server/Root/TeaSpeak/rtclib/glib-2.66.2/../build_libraries/lib/x86_64-linux-gnu/glib-2.0/include
Installing /home/user/TeaSpeak/Server/Root/TeaSpeak/rtclib/glib-2.66.2/build_/meson-private/glib-2.0.pc to /home/user/TeaSpeak/Server/Root/TeaSpeak/rtclib/glib-2.66.2/../build_libraries/lib/x86_64-linux-gnu/pkgconfig
Installing /home/user/TeaSpeak/Server/Root/TeaSpeak/rtclib/glib-2.66.2/build_/glib/gtester-report to /home/user/TeaSpeak/Server/Root/TeaSpeak/rtclib/glib-2.66.2/../build_libraries/bin
Installing /home/user/TeaSpeak/Server/Root/TeaSpeak/rtclib/glib-2.66.2/glib/glib_gdb.py to /home/user/TeaSpeak/Server/Root/TeaSpeak/rtclib/glib-2.66.2/../build_libraries/share/glib-2.0/gdb
Installing /home/user/TeaSpeak/Server/Root/TeaSpeak/rtclib/glib-2.66.2/build_/glib/libglib-2.0.so.0.6600.2-gdb.py to /home/user/TeaSpeak/Server/Root/TeaSpeak/rtclib/glib-2.66.2/../build_libraries/share/gdb/auto-load/.//home/user/TeaSpeak/Server/Root/TeaSpeak/rtclib/glib-2.66.2/../build_libraries/lib/x86_64-linux-gnu
Installing /home/user/TeaSpeak/Server/Root/TeaSpeak/rtclib/glib-2.66.2/build_/gobject/glib-genmarshal to /home/user/TeaSpeak/Server/Root/TeaSpeak/rtclib/glib-2.66.2/../build_libraries/bin
Installing /home/user/TeaSpeak/Server/Root/TeaSpeak/rtclib/glib-2.66.2/build_/gobject/glib-mkenums to /home/user/TeaSpeak/Server/Root/TeaSpeak/rtclib/glib-2.66.2/../build_libraries/bin
Installing /home/user/TeaSpeak/Server/Root/TeaSpeak/rtclib/glib-2.66.2/build_/meson-private/gobject-2.0.pc to /home/user/TeaSpeak/Server/Root/TeaSpeak/rtclib/glib-2.66.2/../build_libraries/lib/x86_64-linux-gnu/pkgconfig
Installing /home/user/TeaSpeak/Server/Root/TeaSpeak/rtclib/glib-2.66.2/gobject/gobject_gdb.py to /home/user/TeaSpeak/Server/Root/TeaSpeak/rtclib/glib-2.66.2/../build_libraries/share/glib-2.0/gdb
Installing /home/user/TeaSpeak/Server/Root/TeaSpeak/rtclib/glib-2.66.2/build_/gobject/libgobject-2.0.so.0.6600.2-gdb.py to /home/user/TeaSpeak/Server/Root/TeaSpeak/rtclib/glib-2.66.2/../build_libraries/share/gdb/auto-load/.//home/user/TeaSpeak/Server/Root/TeaSpeak/rtclib/glib-2.66.2/../build_libraries/lib/x86_64-linux-gnu
Installing /home/user/TeaSpeak/Server/Root/TeaSpeak/rtclib/glib-2.66.2/build_/meson-private/gthread-2.0.pc to /home/user/TeaSpeak/Server/Root/TeaSpeak/rtclib/glib-2.66.2/../build_libraries/lib/x86_64-linux-gnu/pkgconfig
Installing /home/user/TeaSpeak/Server/Root/TeaSpeak/rtclib/glib-2.66.2/build_/meson-private/gmodule-no-export-2.0.pc to /home/user/TeaSpeak/Server/Root/TeaSpeak/rtclib/glib-2.66.2/../build_libraries/lib/x86_64-linux-gnu/pkgconfig
Installing /home/user/TeaSpeak/Server/Root/TeaSpeak/rtclib/glib-2.66.2/build_/meson-private/gmodule-export-2.0.pc to /home/user/TeaSpeak/Server/Root/TeaSpeak/rtclib/glib-2.66.2/../build_libraries/lib/x86_64-linux-gnu/pkgconfig
Installing /home/user/TeaSpeak/Server/Root/TeaSpeak/rtclib/glib-2.66.2/build_/meson-private/gmodule-2.0.pc to /home/user/TeaSpeak/Server/Root/TeaSpeak/rtclib/glib-2.66.2/../build_libraries/lib/x86_64-linux-gnu/pkgconfig
Installing /home/user/TeaSpeak/Server/Root/TeaSpeak/rtclib/glib-2.66.2/build_/gio/gnetworking.h to /home/user/TeaSpeak/Server/Root/TeaSpeak/rtclib/glib-2.66.2/../build_libraries/include/glib-2.0/gio
Installing /home/user/TeaSpeak/Server/Root/TeaSpeak/rtclib/glib-2.66.2/build_/gio/gdbus-2.0/codegen/gdbus-codegen to /home/user/TeaSpeak/Server/Root/TeaSpeak/rtclib/glib-2.66.2/../build_libraries/bin
Installing /home/user/TeaSpeak/Server/Root/TeaSpeak/rtclib/glib-2.66.2/build_/gio/gdbus-2.0/codegen/config.py to /home/user/TeaSpeak/Server/Root/TeaSpeak/rtclib/glib-2.66.2/../build_libraries/share/glib-2.0/codegen
Installing /home/user/TeaSpeak/Server/Root/TeaSpeak/rtclib/glib-2.66.2/build_/gio/gdbus-2.0/codegen/__init__.py to /home/user/TeaSpeak/Server/Root/TeaSpeak/rtclib/glib-2.66.2/../build_libraries/share/glib-2.0/codegen
Installing /home/user/TeaSpeak/Server/Root/TeaSpeak/rtclib/glib-2.66.2/build_/gio/gdbus-2.0/codegen/codegen.py to /home/user/TeaSpeak/Server/Root/TeaSpeak/rtclib/glib-2.66.2/../build_libraries/share/glib-2.0/codegen
Installing /home/user/TeaSpeak/Server/Root/TeaSpeak/rtclib/glib-2.66.2/build_/gio/gdbus-2.0/codegen/codegen_main.py to /home/user/TeaSpeak/Server/Root/TeaSpeak/rtclib/glib-2.66.2/../build_libraries/share/glib-2.0/codegen
Installing /home/user/TeaSpeak/Server/Root/TeaSpeak/rtclib/glib-2.66.2/build_/gio/gdbus-2.0/codegen/codegen_docbook.py to /home/user/TeaSpeak/Server/Root/TeaSpeak/rtclib/glib-2.66.2/../build_libraries/share/glib-2.0/codegen
Installing /home/user/TeaSpeak/Server/Root/TeaSpeak/rtclib/glib-2.66.2/build_/gio/gdbus-2.0/codegen/dbustypes.py to /home/user/TeaSpeak/Server/Root/TeaSpeak/rtclib/glib-2.66.2/../build_libraries/share/glib-2.0/codegen
Installing /home/user/TeaSpeak/Server/Root/TeaSpeak/rtclib/glib-2.66.2/build_/gio/gdbus-2.0/codegen/parser.py to /home/user/TeaSpeak/Server/Root/TeaSpeak/rtclib/glib-2.66.2/../build_libraries/share/glib-2.0/codegen
Installing /home/user/TeaSpeak/Server/Root/TeaSpeak/rtclib/glib-2.66.2/build_/gio/gdbus-2.0/codegen/utils.py to /home/user/TeaSpeak/Server/Root/TeaSpeak/rtclib/glib-2.66.2/../build_libraries/share/glib-2.0/codegen
Installing /home/user/TeaSpeak/Server/Root/TeaSpeak/rtclib/glib-2.66.2/gio/completion/gapplication to /home/user/TeaSpeak/Server/Root/TeaSpeak/rtclib/glib-2.66.2/../build_libraries/share/bash-completion/completions
Installing /home/user/TeaSpeak/Server/Root/TeaSpeak/rtclib/glib-2.66.2/gio/completion/gdbus to /home/user/TeaSpeak/Server/Root/TeaSpeak/rtclib/glib-2.66.2/../build_libraries/share/bash-completion/completions
Installing /home/user/TeaSpeak/Server/Root/TeaSpeak/rtclib/glib-2.66.2/gio/completion/gio to /home/user/TeaSpeak/Server/Root/TeaSpeak/rtclib/glib-2.66.2/../build_libraries/share/bash-completion/completions
Installing /home/user/TeaSpeak/Server/Root/TeaSpeak/rtclib/glib-2.66.2/gio/completion/gsettings to /home/user/TeaSpeak/Server/Root/TeaSpeak/rtclib/glib-2.66.2/../build_libraries/share/bash-completion/completions
Installing /home/user/TeaSpeak/Server/Root/TeaSpeak/rtclib/glib-2.66.2/gio/completion/gresource to /home/user/TeaSpeak/Server/Root/TeaSpeak/rtclib/glib-2.66.2/../build_libraries/share/bash-completion/completions
Installing /home/user/TeaSpeak/Server/Root/TeaSpeak/rtclib/glib-2.66.2/build_/meson-private/gio-2.0.pc to /home/user/TeaSpeak/Server/Root/TeaSpeak/rtclib/glib-2.66.2/../build_libraries/lib/x86_64-linux-gnu/pkgconfig
Installing /home/user/TeaSpeak/Server/Root/TeaSpeak/rtclib/glib-2.66.2/build_/meson-private/gio-unix-2.0.pc to /home/user/TeaSpeak/Server/Root/TeaSpeak/rtclib/glib-2.66.2/../build_libraries/lib/x86_64-linux-gnu/pkgconfig
Installing /home/user/TeaSpeak/Server/Root/TeaSpeak/rtclib/glib-2.66.2/gio/gschema.dtd to /home/user/TeaSpeak/Server/Root/TeaSpeak/rtclib/glib-2.66.2/../build_libraries/share/glib-2.0/schemas
Installing /home/user/TeaSpeak/Server/Root/TeaSpeak/rtclib/glib-2.66.2/gio/gschema.loc to /home/user/TeaSpeak/Server/Root/TeaSpeak/rtclib/glib-2.66.2/../build_libraries/share/gettext/its
Installing /home/user/TeaSpeak/Server/Root/TeaSpeak/rtclib/glib-2.66.2/gio/gschema.its to /home/user/TeaSpeak/Server/Root/TeaSpeak/rtclib/glib-2.66.2/../build_libraries/share/gettext/its
Installing /home/user/TeaSpeak/Server/Root/TeaSpeak/rtclib/glib-2.66.2/build_/glib-gettextize to /home/user/TeaSpeak/Server/Root/TeaSpeak/rtclib/glib-2.66.2/../build_libraries/bin
Installing /home/user/TeaSpeak/Server/Root/TeaSpeak/rtclib/glib-2.66.2/m4macros/glib-2.0.m4 to /home/user/TeaSpeak/Server/Root/TeaSpeak/rtclib/glib-2.66.2/../build_libraries/share/aclocal
Installing /home/user/TeaSpeak/Server/Root/TeaSpeak/rtclib/glib-2.66.2/m4macros/glib-gettext.m4 to /home/user/TeaSpeak/Server/Root/TeaSpeak/rtclib/glib-2.66.2/../build_libraries/share/aclocal
Installing /home/user/TeaSpeak/Server/Root/TeaSpeak/rtclib/glib-2.66.2/m4macros/gsettings.m4 to /home/user/TeaSpeak/Server/Root/TeaSpeak/rtclib/glib-2.66.2/../build_libraries/share/aclocal
Installing /home/user/TeaSpeak/Server/Root/TeaSpeak/rtclib/glib-2.66.2/glib.supp to /home/user/TeaSpeak/Server/Root/TeaSpeak/rtclib/glib-2.66.2/../build_libraries/share/glib-2.0/valgrind
    Updating crates.io index
    Updating git repository `https://github.com/WolverinDEV/rust-libnice.git`
    Updating git repository `https://github.com/WolverinDEV/rust-webrtc.git`
    Updating git repository `https://github.com/WolverinDEV/rust-libnice-sys`
    Updating git repository `https://github.com/WolverinDEV/rust-srtp2-sys.git`
    Updating git repository `https://github.com/WolverinDEV/rust-usrsctp-sys.git`
    Updating git repository `https://github.com/WolverinDEV/rtp-rs.git`
    Updating git repository `https://github.com/WolverinDEV/build-utils.git`
     Locking 0 packages to latest compatible versions
note: pass `--verbose` to see 6 unchanged dependencies behind latest
   Compiling proc-macro2 v1.0.103
   Compiling quote v1.0.42
   Compiling unicode-ident v1.0.22
   Compiling libc v0.2.177
   Compiling pkg-config v0.3.32
   Compiling version_check v0.9.5
   Compiling find-msvc-tools v0.1.5
   Compiling shlex v1.3.0
   Compiling stable_deref_trait v1.2.1
   Compiling memchr v2.7.6
   Compiling glob v0.3.3
   Compiling regex-syntax v0.8.8
   Compiling quick-error v1.2.3
   Compiling unicode-width v0.1.14
   Compiling autocfg v1.5.0
   Compiling strsim v0.8.0
   Compiling lazy_static v1.5.0
   Compiling vec_map v0.8.2
   Compiling cc v1.2.46
   Compiling humantime v1.3.0
   Compiling log v0.4.28
   Compiling bindgen v0.53.3
   Compiling nom v5.1.3
   Compiling textwrap v0.11.0
   Compiling termcolor v1.4.1
   Compiling ansi_term v0.12.1
   Compiling clang-sys v0.29.3
   Compiling bitflags v1.3.2
   Compiling cfg-if v1.0.4
   Compiling lazycell v1.3.0
   Compiling aho-corasick v1.1.4
   Compiling peeking_take_while v0.1.2
   Compiling base64 v0.13.1
   Compiling litemap v0.8.1
   Compiling serde_core v1.0.228
   Compiling shlex v0.1.1
   Compiling writeable v0.6.2
   Compiling rustc-hash v1.1.0
   Compiling cfg-if v0.1.10
   Compiling glib-sys v0.9.1
   Compiling build-utils v0.1.0 (https://github.com/WolverinDEV/build-utils.git#4b1d9fda)
   Compiling icu_properties_data v2.1.1
   Compiling icu_normalizer_data v2.1.1
   Compiling smallvec v1.15.1
   Compiling syn v1.0.109
   Compiling slab v0.4.11
   Compiling serde v1.0.228
   Compiling gobject-sys v0.9.1
   Compiling num-traits v0.2.19
   Compiling syn v2.0.110
   Compiling libloading v0.5.2
   Compiling regex-automata v0.4.13
   Compiling atty v0.2.14
   Compiling which v3.1.1
   Compiling futures-core v0.3.31
   Compiling clap v2.34.0
   Compiling typenum v1.19.0
   Compiling generic-array v0.14.9
   Compiling futures-sink v0.3.31
   Compiling getrandom v0.1.16
   Compiling zerocopy v0.8.27
   Compiling futures-channel v0.3.31
   Compiling cexpr v0.4.0
   Compiling pin-utils v0.1.0
   Compiling futures-io v0.3.31
   Compiling pin-project-lite v0.2.16
   Compiling percent-encoding v2.3.2
   Compiling futures-task v0.3.31
   Compiling utf8_iter v1.0.4
   Compiling form_urlencoded v1.2.2
   Compiling net2 v0.2.39
   Compiling iovec v0.1.4
   Compiling gio-sys v0.9.1
   Compiling bytes v0.5.6
   Compiling vcpkg v0.2.15
   Compiling rustversion v1.0.22
   Compiling fnv v1.0.7
   Compiling mio v0.6.23
   Compiling num-integer v0.1.46
   Compiling regex v1.12.2
   Compiling rand_core v0.5.1
   Compiling num-bigint v0.3.3
   Compiling pin-project-internal v0.4.30
   Compiling openssl-sys v0.9.111
   Compiling proc-macro2 v0.4.30
   Compiling httparse v1.10.1
   Compiling env_logger v0.7.1
   Compiling equivalent v1.0.2
   Compiling hashbrown v0.16.0
   Compiling itoa v1.0.15
   Compiling mio-uds v0.6.8
   Compiling digest v0.9.0
   Compiling block-buffer v0.9.0
   Compiling synstructure v0.13.2
   Compiling ppv-lite86 v0.2.21
   Compiling indexmap v2.12.0
   Compiling signal-hook-registry v1.4.6
   Compiling num_cpus v1.17.0
   Compiling num-rational v0.3.2
   Compiling winnow v0.5.40
   Compiling cpufeatures v0.2.17
   Compiling bytes v1.11.0
   Compiling rand_chacha v0.2.2
   Compiling opaque-debug v0.3.1
   Compiling toml_datetime v0.6.11
   Compiling tokio-macros v0.2.6
   Compiling pin-project-lite v0.1.12
   Compiling unicode-xid v0.1.0
   Compiling slog v2.8.2
   Compiling rand v0.7.3
   Compiling sha-1 v0.9.8
   Compiling http v0.2.12
   Compiling input_buffer v0.3.1
   Compiling base64 v0.12.3
   Compiling parking_lot_core v0.8.6
   Compiling openssl v0.10.75
   Compiling zerofrom-derive v0.1.6
   Compiling yoke-derive v0.8.1
   Compiling zerovec-derive v0.11.2
   Compiling displaydoc v0.2.5
   Compiling serde_derive v1.0.228
   Compiling futures-macro v0.3.31
   Compiling tokio v0.2.25
   Compiling toml_edit v0.19.15
   Compiling once_cell v1.21.3
   Compiling foreign-types-shared v0.1.1
   Compiling serde_json v1.0.145
   Compiling utf-8 v0.7.6
   Compiling byteorder v1.5.0
   Compiling syn v0.15.44
   Compiling pin-project v0.4.30
   Compiling foreign-types v0.3.2
   Compiling openssl-macros v0.1.1
   Compiling quote v0.6.13
   Compiling futures-util v0.3.31
   Compiling num-iter v0.1.45
   Compiling zerofrom v0.1.6
   Compiling num-complex v0.3.1
   Compiling instant v0.1.13
   Compiling bitflags v2.10.0
   Compiling yoke v0.8.1
   Compiling scopeguard v1.2.0
   Compiling ryu v1.0.20
   Compiling lock_api v0.4.14
   Compiling zerovec v0.11.5
   Compiling zerotrie v0.2.3
   Compiling proc-macro-crate v1.3.1
   Compiling num v0.3.1
   Compiling time v0.1.45
   Compiling rtp-rs v0.5.0 (https://github.com/WolverinDEV/rtp-rs.git#7cea4bc4)
   Compiling retain_mut v0.1.9
   Compiling unchecked_unwrap v2.0.2
   Compiling parking_lot v0.11.2
   Compiling libnice-sys v0.3.0 (https://github.com/WolverinDEV/rust-libnice-sys#615f82a2)
   Compiling libsrtp2-sys v0.1.0 (https://github.com/WolverinDEV/rust-srtp2-sys.git#d18d9c97)
   Compiling tinystr v0.8.2
   Compiling potential_utf v0.1.4
   Compiling libusrsctp-sys v0.1.0 (https://github.com/WolverinDEV/rust-usrsctp-sys.git#c897e9a6)
   Compiling icu_collections v2.1.1
   Compiling icu_locale_core v2.1.1
   Compiling num_enum_derive v0.5.11
   Compiling build_timestamp v0.1.0
   Compiling icu_provider v2.1.1
   Compiling erased-serde v0.3.31
   Compiling num_enum v0.5.11
   Compiling icu_properties v2.1.1
   Compiling icu_normalizer v2.1.1
   Compiling futures-executor v0.3.31
   Compiling futures v0.3.31
   Compiling glib v0.9.3
   Compiling idna_adapter v1.2.1
   Compiling idna v1.1.0
   Compiling url v2.5.7
   Compiling webrtc-sdp v0.3.13
   Compiling tungstenite v0.11.1
   Compiling tokio-tungstenite v0.11.0
   Compiling libnice v0.2.0 (https://github.com/WolverinDEV/rust-libnice.git#933be6c7)
   Compiling webrtc_lib v0.1.0 (https://github.com/WolverinDEV/rust-webrtc.git#58d33166)
error[E0282]: type annotations needed
   --> /root/.cargo/git/checkouts/rust-webrtc-96174f0b363793df/58d3316/src/rtc.rs:576:46
    |
576 |         self.stream_receiver.extract_if(|id, receiver| {
    |                                              ^^^^^^^^
577 |             if receiver.track().media_line != media_line.unique_id() {
    |                -------- type must be known at this point
    |
help: consider giving this closure parameter an explicit type
    |
576 |         self.stream_receiver.extract_if(|id, receiver: /* Type */| {
    |                                                      ++++++++++++

error[E0061]: this method takes 2 arguments but 1 argument was supplied
   --> /root/.cargo/git/checkouts/rust-webrtc-96174f0b363793df/58d3316/src/rtc.rs:576:30
    |
576 |           self.stream_receiver.extract_if(|id, receiver| {
    |  ______________________________^^^^^^^^^^-
577 | |             if receiver.track().media_line != media_line.unique_id() {
578 | |                 return false;
...   |
581 | |             !media_line.remote_streams.contains(id)
582 | |         }).count();
    | |__________- argument #2 is missing
    |
note: method defined here
   --> /rustc/3d461af2a23456a2676aadb13b4253c87bdfe28d/library/alloc/src/collections/btree/map.rs:1462:11
help: provide the argument
    |
576 |         self.stream_receiver.extract_if(|id, receiver| {
...
581 |             !media_line.remote_streams.contains(id)
582 ~         }, /* pred */).count();
    |

error[E0061]: this method takes 2 arguments but 1 argument was supplied
    --> /root/.cargo/git/checkouts/rust-webrtc-96174f0b363793df/58d3316/src/rtc.rs:1081:44
     |
1081 |         let removed = self.stream_receiver.extract_if(|_, receiver| poll_fn(receiver)).collect::<Vec<_>>();
     |                                            ^^^^^^^^^^--------------------------------- argument #2 is missing
     |
note: method defined here
    --> /rustc/3d461af2a23456a2676aadb13b4253c87bdfe28d/library/alloc/src/collections/btree/map.rs:1462:11
help: provide the argument
     |
1081 |         let removed = self.stream_receiver.extract_if(|_, receiver| poll_fn(receiver), /* pred */).collect::<Vec<_>>();
     |                                                                                      ++++++++++++

error[E0277]: the trait bound `{closure@rtc.rs:1081:55}: RangeBounds<u32>` is not satisfied
    --> /root/.cargo/git/checkouts/rust-webrtc-96174f0b363793df/58d3316/src/rtc.rs:1081:55
     |
1081 |         let removed = self.stream_receiver.extract_if(|_, receiver| poll_fn(receiver)).collect::<Vec<_>>();
     |                                            ---------- ^^^^^^^^^^^^^^^^^^^^^^^^^^^^^^^ the trait `RangeBounds<u32>` is not implemented for closure `{closure@rtc.rs:1081:55}`
     |                                            |
     |                                            required by a bound introduced by this call
     |
note: required by a bound in `BTreeMap::<K, V, A>::extract_if`
    --> /rustc/3d461af2a23456a2676aadb13b4253c87bdfe28d/library/alloc/src/collections/btree/map.rs:1462:4
     = note: the full name for the type has been written to '/home/user/TeaSpeak/Server/Root/TeaSpeak/rtclib/target/release/deps/webrtc_lib-4c201432d7eaf93f.long-type-14406684922557793890.txt'
     = note: consider using `--verbose` to print the full type name to the console

error[E0599]: the method `collect` exists for struct `ExtractIf<'_, u32, Box<dyn InternalMediaReceiver>, {closure@...}, _>`, but its trait bounds were not satisfied
    --> /root/.cargo/git/checkouts/rust-webrtc-96174f0b363793df/58d3316/src/rtc.rs:1081:88
     |
1081 |         let removed = self.stream_receiver.extract_if(|_, receiver| poll_fn(receiver)).collect::<Vec<_>>();
     |                                                       -------------                    ^^^^^^^ method cannot be called due to unsatisfied trait bounds
     |                                                       |
     |                                                       doesn't satisfy `_: RangeBounds<u32>`
     |
     = note: the following trait bounds were not satisfied:
             `std::collections::btree_map::ExtractIf<'_, u32, Box<(dyn receiver::InternalMediaReceiver + 'static)>, {closure@/root/.cargo/git/checkouts/rust-webrtc-96174f0b363793df/58d3316/src/rtc.rs:1081:55: 1081:68}, _>: futures::Stream`
             which is required by `std::collections::btree_map::ExtractIf<'_, u32, Box<(dyn receiver::InternalMediaReceiver + 'static)>, {closure@/root/.cargo/git/checkouts/rust-webrtc-96174f0b363793df/58d3316/src/rtc.rs:1081:55: 1081:68}, _>: futures::StreamExt`
             `{closure@/root/.cargo/git/checkouts/rust-webrtc-96174f0b363793df/58d3316/src/rtc.rs:1081:55: 1081:68}: RangeBounds<u32>`
             which is required by `std::collections::btree_map::ExtractIf<'_, u32, Box<(dyn receiver::InternalMediaReceiver + 'static)>, {closure@/root/.cargo/git/checkouts/rust-webrtc-96174f0b363793df/58d3316/src/rtc.rs:1081:55: 1081:68}, _>: Iterator`
             `&std::collections::btree_map::ExtractIf<'_, u32, Box<(dyn receiver::InternalMediaReceiver + 'static)>, {closure@/root/.cargo/git/checkouts/rust-webrtc-96174f0b363793df/58d3316/src/rtc.rs:1081:55: 1081:68}, _>: futures::Stream`
             which is required by `&std::collections::btree_map::ExtractIf<'_, u32, Box<(dyn receiver::InternalMediaReceiver + 'static)>, {closure@/root/.cargo/git/checkouts/rust-webrtc-96174f0b363793df/58d3316/src/rtc.rs:1081:55: 1081:68}, _>: futures::StreamExt`
             `&mut std::collections::btree_map::ExtractIf<'_, u32, Box<(dyn receiver::InternalMediaReceiver + 'static)>, {closure@/root/.cargo/git/checkouts/rust-webrtc-96174f0b363793df/58d3316/src/rtc.rs:1081:55: 1081:68}, _>: futures::Stream`
             which is required by `&mut std::collections::btree_map::ExtractIf<'_, u32, Box<(dyn receiver::InternalMediaReceiver + 'static)>, {closure@/root/.cargo/git/checkouts/rust-webrtc-96174f0b363793df/58d3316/src/rtc.rs:1081:55: 1081:68}, _>: futures::StreamExt`
             `std::collections::btree_map::ExtractIf<'_, u32, Box<(dyn receiver::InternalMediaReceiver + 'static)>, {closure@/root/.cargo/git/checkouts/rust-webrtc-96174f0b363793df/58d3316/src/rtc.rs:1081:55: 1081:68}, _>: Iterator`
             which is required by `&mut std::collections::btree_map::ExtractIf<'_, u32, Box<(dyn receiver::InternalMediaReceiver + 'static)>, {closure@/root/.cargo/git/checkouts/rust-webrtc-96174f0b363793df/58d3316/src/rtc.rs:1081:55: 1081:68}, _>: Iterator`
     = note: the full name for the type has been written to '/home/user/TeaSpeak/Server/Root/TeaSpeak/rtclib/target/release/deps/webrtc_lib-4c201432d7eaf93f.long-type-4706151405519621882.txt'
     = note: consider using `--verbose` to print the full type name to the console

error[E0282]: type annotations needed
    --> /root/.cargo/git/checkouts/rust-webrtc-96174f0b363793df/58d3316/src/rtc.rs:1084:45
     |
1084 |             self.stream_receiver.insert(id, rc.into_void());
     |                                             ^^ cannot infer type

error[E0061]: this method takes 2 arguments but 1 argument was supplied
    --> /root/.cargo/git/checkouts/rust-webrtc-96174f0b363793df/58d3316/src/rtc.rs:1092:42
     |
1092 |         let removed = self.stream_sender.extract_if(|_, sender| poll_fn(sender)).collect::<Vec<_>>();
     |                                          ^^^^^^^^^^----------------------------- argument #2 is missing
     |
note: method defined here
    --> /rustc/3d461af2a23456a2676aadb13b4253c87bdfe28d/library/alloc/src/collections/btree/map.rs:1462:11
help: provide the argument
     |
1092 |         let removed = self.stream_sender.extract_if(|_, sender| poll_fn(sender), /* pred */).collect::<Vec<_>>();
     |                                                                                ++++++++++++

error[E0277]: the trait bound `{closure@rtc.rs:1092:53}: RangeBounds<u32>` is not satisfied
    --> /root/.cargo/git/checkouts/rust-webrtc-96174f0b363793df/58d3316/src/rtc.rs:1092:53
     |
1092 |         let removed = self.stream_sender.extract_if(|_, sender| poll_fn(sender)).collect::<Vec<_>>();
     |                                          ---------- ^^^^^^^^^^^^^^^^^^^^^^^^^^^ the trait `RangeBounds<u32>` is not implemented for closure `{closure@rtc.rs:1092:53}`
     |                                          |
     |                                          required by a bound introduced by this call
     |
note: required by a bound in `BTreeMap::<K, V, A>::extract_if`
    --> /rustc/3d461af2a23456a2676aadb13b4253c87bdfe28d/library/alloc/src/collections/btree/map.rs:1462:4
     = note: the full name for the type has been written to '/home/user/TeaSpeak/Server/Root/TeaSpeak/rtclib/target/release/deps/webrtc_lib-4c201432d7eaf93f.long-type-9057875685218835984.txt'
     = note: consider using `--verbose` to print the full type name to the console

error[E0599]: the method `collect` exists for struct `ExtractIf<'_, u32, RefCell<InternalMediaSender>, {closure@...}, _>`, but its trait bounds were not satisfied
    --> /root/.cargo/git/checkouts/rust-webrtc-96174f0b363793df/58d3316/src/rtc.rs:1092:82
     |
1092 |         let removed = self.stream_sender.extract_if(|_, sender| poll_fn(sender)).collect::<Vec<_>>();
     |                                                     -----------                  ^^^^^^^ method cannot be called due to unsatisfied trait bounds
     |                                                     |
     |                                                     doesn't satisfy `_: RangeBounds<u32>`
     |
     = note: the following trait bounds were not satisfied:
             `std::collections::btree_map::ExtractIf<'_, u32, RefCell<media::sender::InternalMediaSender>, {closure@/root/.cargo/git/checkouts/rust-webrtc-96174f0b363793df/58d3316/src/rtc.rs:1092:53: 1092:64}, _>: futures::Stream`
             which is required by `std::collections::btree_map::ExtractIf<'_, u32, RefCell<media::sender::InternalMediaSender>, {closure@/root/.cargo/git/checkouts/rust-webrtc-96174f0b363793df/58d3316/src/rtc.rs:1092:53: 1092:64}, _>: futures::StreamExt`
             `{closure@/root/.cargo/git/checkouts/rust-webrtc-96174f0b363793df/58d3316/src/rtc.rs:1092:53: 1092:64}: RangeBounds<u32>`
             which is required by `std::collections::btree_map::ExtractIf<'_, u32, RefCell<media::sender::InternalMediaSender>, {closure@/root/.cargo/git/checkouts/rust-webrtc-96174f0b363793df/58d3316/src/rtc.rs:1092:53: 1092:64}, _>: Iterator`
             `&std::collections::btree_map::ExtractIf<'_, u32, RefCell<media::sender::InternalMediaSender>, {closure@/root/.cargo/git/checkouts/rust-webrtc-96174f0b363793df/58d3316/src/rtc.rs:1092:53: 1092:64}, _>: futures::Stream`
             which is required by `&std::collections::btree_map::ExtractIf<'_, u32, RefCell<media::sender::InternalMediaSender>, {closure@/root/.cargo/git/checkouts/rust-webrtc-96174f0b363793df/58d3316/src/rtc.rs:1092:53: 1092:64}, _>: futures::StreamExt`
             `&mut std::collections::btree_map::ExtractIf<'_, u32, RefCell<media::sender::InternalMediaSender>, {closure@/root/.cargo/git/checkouts/rust-webrtc-96174f0b363793df/58d3316/src/rtc.rs:1092:53: 1092:64}, _>: futures::Stream`
             which is required by `&mut std::collections::btree_map::ExtractIf<'_, u32, RefCell<media::sender::InternalMediaSender>, {closure@/root/.cargo/git/checkouts/rust-webrtc-96174f0b363793df/58d3316/src/rtc.rs:1092:53: 1092:64}, _>: futures::StreamExt`
             `std::collections::btree_map::ExtractIf<'_, u32, RefCell<media::sender::InternalMediaSender>, {closure@/root/.cargo/git/checkouts/rust-webrtc-96174f0b363793df/58d3316/src/rtc.rs:1092:53: 1092:64}, _>: Iterator`
             which is required by `&mut std::collections::btree_map::ExtractIf<'_, u32, RefCell<media::sender::InternalMediaSender>, {closure@/root/.cargo/git/checkouts/rust-webrtc-96174f0b363793df/58d3316/src/rtc.rs:1092:53: 1092:64}, _>: Iterator`
     = note: the full name for the type has been written to '/home/user/TeaSpeak/Server/Root/TeaSpeak/rtclib/target/release/deps/webrtc_lib-4c201432d7eaf93f.long-type-13285435742608765885.txt'
     = note: consider using `--verbose` to print the full type name to the console

Some errors have detailed explanations: E0061, E0277, E0282, E0599.
For more information about an error, try `rustc --explain E0061`.
error: could not compile `webrtc_lib` (lib) due to 9 previous errors
Failed to build glib
